2024-11-02 13:09:20,677 [INFO] Activator:178 - 


2024-11-02 13:09:20,677 [INFO] Activator:179 - !SESSION log4j initialized
2024-11-02 13:09:38,184 [INFO] ApplicationProperties:181 - Using Application install path: C:\ST\STM32CubeIDE_1.4.0\STM32CubeIDE\plugins\com.st.stm32cube.common.mx_6.0.0.202007160824
2024-11-02 13:09:38,204 [INFO] DbMcusXml:70 - Set database path to: C:\ST\STM32CubeIDE_1.4.0\STM32CubeIDE\plugins\com.st.stm32cube.common.mx_6.0.0.202007160824\\db\/mcu/
2024-11-02 13:09:38,204 [INFO] DbBoardsPdsc:56 - Set plugin database path to: C:\ST\STM32CubeIDE_1.4.0\STM32CubeIDE\plugins\com.st.stm32cube.common.mx_6.0.0.202007160824\\db\/plugins/boardmanager/
2024-11-02 13:09:38,204 [INFO] DbMcus:258 - Set plugin images path to: C:\ST\STM32CubeIDE_1.4.0\STM32CubeIDE\plugins\com.st.stm32cube.common.mx_6.0.0.202007160824\\db\/plugins/mcufinder/images/
2024-11-02 13:09:38,204 [INFO] DbBoards:264 - Set plugin images path to: C:\ST\STM32CubeIDE_1.4.0\STM32CubeIDE\plugins\com.st.stm32cube.common.mx_6.0.0.202007160824\\db\/plugins/mcufinder/images/
2024-11-02 13:09:38,204 [INFO] DbExamples:326 - Set plugin images path to: C:\ST\STM32CubeIDE_1.4.0\STM32CubeIDE\plugins\com.st.stm32cube.common.mx_6.0.0.202007160824\\db\/plugins/mcufinder/images/
2024-11-02 13:09:38,224 [INFO] DbMcusDocs:112 - Set database path to: C:\Users\ziade\.stmcufinder\plugins\mcufinder//mcu/
2024-11-02 13:09:38,224 [INFO] DbMcusJson:63 - Set database path to: C:\Users\ziade\.stmcufinder\plugins\mcufinder//mcu/
2024-11-02 13:09:38,224 [INFO] DbBoardsDocs:112 - Set database path to: C:\Users\ziade\.stmcufinder\plugins\mcufinder//mcu/
2024-11-02 13:09:38,224 [INFO] DbBoardsJson:56 - Set database path to: C:\Users\ziade\.stmcufinder\plugins\mcufinder//mcu/
2024-11-02 13:09:38,335 [INFO] CrossReferenceDbSqlite:196 - Set database path to: C:\Users\ziade\.stmcufinder\plugins\mcufinder//mcu/cs/
2024-11-02 13:09:38,335 [INFO] DbExamplesSqlite:800 - Set database path to: C:\Users\ziade\.stmcufinder\plugins\mcufinder//mcu/
2024-11-02 13:09:38,425 [INFO] RulesReader:52 - Compatibility file has been processed (209 Rules)
2024-11-02 13:09:38,516 [INFO] MicroXplorer:564 - Detected Java Version = 1.8.0_252
2024-11-02 13:09:38,516 [INFO] DbMcusXml:70 - Set database path to: C:\ST\STM32CubeIDE_1.4.0\STM32CubeIDE\plugins\com.st.stm32cube.common.mx_6.0.0.202007160824\\db\/mcu/
2024-11-02 13:09:38,516 [INFO] DbBoardsPdsc:56 - Set plugin database path to: C:\ST\STM32CubeIDE_1.4.0\STM32CubeIDE\plugins\com.st.stm32cube.common.mx_6.0.0.202007160824\\db\/plugins/boardmanager/
2024-11-02 13:09:38,516 [INFO] DbMcus:258 - Set plugin images path to: C:\ST\STM32CubeIDE_1.4.0\STM32CubeIDE\plugins\com.st.stm32cube.common.mx_6.0.0.202007160824\\db\/plugins/mcufinder/images/
2024-11-02 13:09:38,516 [INFO] DbBoards:264 - Set plugin images path to: C:\ST\STM32CubeIDE_1.4.0\STM32CubeIDE\plugins\com.st.stm32cube.common.mx_6.0.0.202007160824\\db\/plugins/mcufinder/images/
2024-11-02 13:09:38,516 [INFO] DbExamples:326 - Set plugin images path to: C:\ST\STM32CubeIDE_1.4.0\STM32CubeIDE\plugins\com.st.stm32cube.common.mx_6.0.0.202007160824\\db\/plugins/mcufinder/images/
2024-11-02 13:09:38,516 [WARN] DbFile:36 - Overriding database path with different value: C:\Users\ziade\.stmcufinder\plugins\mcufinder/ => C:\Users\ziade\.stmcufinder\plugins\mcufinder
2024-11-02 13:09:38,516 [INFO] DbMcusDocs:112 - Set database path to: C:\Users\ziade\.stmcufinder\plugins\mcufinder//mcu/
2024-11-02 13:09:38,516 [WARN] DbFile:36 - Overriding database path with different value: C:\Users\ziade\.stmcufinder\plugins\mcufinder/ => C:\Users\ziade\.stmcufinder\plugins\mcufinder
2024-11-02 13:09:38,516 [INFO] DbMcusJson:63 - Set database path to: C:\Users\ziade\.stmcufinder\plugins\mcufinder//mcu/
2024-11-02 13:09:38,516 [WARN] DbFile:36 - Overriding database path with different value: C:\Users\ziade\.stmcufinder\plugins\mcufinder/ => C:\Users\ziade\.stmcufinder\plugins\mcufinder
2024-11-02 13:09:38,516 [INFO] DbBoardsDocs:112 - Set database path to: C:\Users\ziade\.stmcufinder\plugins\mcufinder//mcu/
2024-11-02 13:09:38,516 [WARN] DbFile:36 - Overriding database path with different value: C:\Users\ziade\.stmcufinder\plugins\mcufinder/ => C:\Users\ziade\.stmcufinder\plugins\mcufinder
2024-11-02 13:09:38,516 [INFO] DbBoardsJson:56 - Set database path to: C:\Users\ziade\.stmcufinder\plugins\mcufinder//mcu/
2024-11-02 13:09:38,516 [WARN] DbFile:36 - Overriding database path with different value: C:\Users\ziade\.stmcufinder\plugins\mcufinder/ => C:\Users\ziade\.stmcufinder\plugins\mcufinder
2024-11-02 13:09:38,516 [WARN] DbFile:36 - Overriding database path with different value: C:\Users\ziade\.stmcufinder\plugins\mcufinder/ => C:\Users\ziade\.stmcufinder\plugins\mcufinder
2024-11-02 13:09:38,516 [INFO] CrossReferenceDbSqlite:196 - Set database path to: C:\Users\ziade\.stmcufinder\plugins\mcufinder//mcu/cs/
2024-11-02 13:09:38,516 [WARN] DbFile:36 - Overriding database path with different value: C:\Users\ziade\.stmcufinder\plugins\mcufinder/ => C:\Users\ziade\.stmcufinder\plugins\mcufinder
2024-11-02 13:09:38,516 [INFO] DbExamplesSqlite:800 - Set database path to: C:\Users\ziade\.stmcufinder\plugins\mcufinder//mcu/
2024-11-02 13:09:38,586 [INFO] MainPanel:189 - HeapMemory: 268435456
2024-11-02 13:09:38,667 [INFO] DbMcusXml:70 - Set database path to: C:\ST\STM32CubeIDE_1.4.0\STM32CubeIDE\plugins\com.st.stm32cube.common.mx_6.0.0.202007160824\\db\/mcu/
2024-11-02 13:09:38,667 [INFO] DbBoardsPdsc:56 - Set plugin database path to: C:\ST\STM32CubeIDE_1.4.0\STM32CubeIDE\plugins\com.st.stm32cube.common.mx_6.0.0.202007160824\\db\/plugins/boardmanager/
2024-11-02 13:09:38,667 [INFO] DbMcus:258 - Set plugin images path to: C:\ST\STM32CubeIDE_1.4.0\STM32CubeIDE\plugins\com.st.stm32cube.common.mx_6.0.0.202007160824\\db\/plugins/mcufinder/images/
2024-11-02 13:09:38,667 [INFO] DbBoards:264 - Set plugin images path to: C:\ST\STM32CubeIDE_1.4.0\STM32CubeIDE\plugins\com.st.stm32cube.common.mx_6.0.0.202007160824\\db\/plugins/mcufinder/images/
2024-11-02 13:09:38,667 [INFO] DbExamples:326 - Set plugin images path to: C:\ST\STM32CubeIDE_1.4.0\STM32CubeIDE\plugins\com.st.stm32cube.common.mx_6.0.0.202007160824\\db\/plugins/mcufinder/images/
2024-11-02 13:09:38,667 [WARN] DbFile:36 - Overriding database path with different value: C:\Users\ziade\.stmcufinder\plugins\mcufinder/ => C:\Users\ziade\.stmcufinder\plugins\mcufinder
2024-11-02 13:09:38,667 [INFO] DbMcusDocs:112 - Set database path to: C:\Users\ziade\.stmcufinder\plugins\mcufinder//mcu/
2024-11-02 13:09:38,667 [WARN] DbFile:36 - Overriding database path with different value: C:\Users\ziade\.stmcufinder\plugins\mcufinder/ => C:\Users\ziade\.stmcufinder\plugins\mcufinder
2024-11-02 13:09:38,667 [INFO] DbMcusJson:63 - Set database path to: C:\Users\ziade\.stmcufinder\plugins\mcufinder//mcu/
2024-11-02 13:09:38,667 [WARN] DbFile:36 - Overriding database path with different value: C:\Users\ziade\.stmcufinder\plugins\mcufinder/ => C:\Users\ziade\.stmcufinder\plugins\mcufinder
2024-11-02 13:09:38,667 [INFO] DbBoardsDocs:112 - Set database path to: C:\Users\ziade\.stmcufinder\plugins\mcufinder//mcu/
2024-11-02 13:09:38,667 [WARN] DbFile:36 - Overriding database path with different value: C:\Users\ziade\.stmcufinder\plugins\mcufinder/ => C:\Users\ziade\.stmcufinder\plugins\mcufinder
2024-11-02 13:09:38,667 [INFO] DbBoardsJson:56 - Set database path to: C:\Users\ziade\.stmcufinder\plugins\mcufinder//mcu/
2024-11-02 13:09:38,667 [WARN] DbFile:36 - Overriding database path with different value: C:\Users\ziade\.stmcufinder\plugins\mcufinder/ => C:\Users\ziade\.stmcufinder\plugins\mcufinder
2024-11-02 13:09:38,667 [WARN] DbFile:36 - Overriding database path with different value: C:\Users\ziade\.stmcufinder\plugins\mcufinder/ => C:\Users\ziade\.stmcufinder\plugins\mcufinder
2024-11-02 13:09:38,667 [INFO] CrossReferenceDbSqlite:196 - Set database path to: C:\Users\ziade\.stmcufinder\plugins\mcufinder//mcu/cs/
2024-11-02 13:09:38,667 [WARN] DbFile:36 - Overriding database path with different value: C:\Users\ziade\.stmcufinder\plugins\mcufinder/ => C:\Users\ziade\.stmcufinder\plugins\mcufinder
2024-11-02 13:09:38,667 [INFO] DbExamplesSqlite:800 - Set database path to: C:\Users\ziade\.stmcufinder\plugins\mcufinder//mcu/
2024-11-02 13:09:38,697 [INFO] ApplicationProperties:181 - Using Application install path: C:\ST\STM32CubeIDE_1.4.0\STM32CubeIDE\plugins\com.st.stm32cube.common.mx_6.0.0.202007160824
2024-11-02 13:09:38,697 [INFO] PluginManage:178 - Search for loadable plugins [exclusion list=, ]
2024-11-02 13:09:38,697 [INFO] PluginManage:292 - Check plugin analytics
2024-11-02 13:09:43,789 [INFO] AnalyticsPlugin:203 - Accepted Software Licenses: 
2024-11-02 13:09:43,789 [INFO] AnalyticsPlugin:205 - Accepted CMSIS Pack Licenses: 
2024-11-02 13:09:43,789 [INFO] AnalyticsPlugin:207 - Accepted Firmware Licenses: 
2024-11-02 13:09:43,789 [INFO] PluginManage:342 - Loaded plugin analytics (category:tool,tabindex:-1)
2024-11-02 13:09:43,789 [INFO] PluginManage:292 - Check plugin clock
2024-11-02 13:09:43,809 [INFO] PluginManage:342 - Loaded plugin clock (category:base,tabindex:2)
2024-11-02 13:09:43,809 [INFO] PluginManage:292 - Check plugin ddr
2024-11-02 13:09:43,809 [INFO] PluginManage:342 - Loaded plugin ddr (category:tool,tabindex:6)
2024-11-02 13:09:43,809 [INFO] PluginManage:292 - Check plugin filemanager
2024-11-02 13:09:44,019 [INFO] PluginManage:342 - Loaded plugin filemanager (category:base,tabindex:10)
2024-11-02 13:09:44,019 [INFO] PluginManage:292 - Check plugin ipmanager
2024-11-02 13:09:44,029 [INFO] PluginManage:342 - Loaded plugin ipmanager (category:base,tabindex:5)
2024-11-02 13:09:44,029 [INFO] PluginManage:292 - Check plugin pinoutandconfiguration
2024-11-02 13:09:44,040 [INFO] PluginManage:342 - Loaded plugin pinoutandconfiguration (category:base,tabindex:1)
2024-11-02 13:09:44,049 [INFO] PluginManage:292 - Check plugin pinoutconfig
2024-11-02 13:09:44,079 [INFO] PluginManage:342 - Loaded plugin pinoutconfig (category:base,tabindex:0)
2024-11-02 13:09:44,079 [INFO] PluginManage:292 - Check plugin power
2024-11-02 13:09:44,099 [INFO] PluginManage:342 - Loaded plugin power (category:power,tabindex:4)
2024-11-02 13:09:44,099 [INFO] PluginManage:292 - Check plugin projectmanager
2024-11-02 13:09:44,109 [INFO] PluginManage:342 - Loaded plugin projectmanager (category:projectmanager,tabindex:3)
2024-11-02 13:09:44,109 [INFO] PluginManage:292 - Check plugin thirdparty
2024-11-02 13:09:44,299 [INFO] ThirdPartyDb:333 - Open Third Party DataBase File (C:/Users/ziade/.stm32cubemx/plugins/thirdparty/db/thirdparties_db.xml) : 50 ms. number of Sw pack : 62
2024-11-02 13:09:44,302 [INFO] PluginManage:342 - Loaded plugin thirdparty (category:base,tabindex:-1)
2024-11-02 13:09:44,302 [INFO] PluginManage:292 - Check plugin tools
2024-11-02 13:09:44,364 [INFO] PluginManage:342 - Loaded plugin tools (category:base,tabindex:7)
2024-11-02 13:09:44,364 [INFO] PluginManage:292 - Check plugin tutovideos
2024-11-02 13:09:44,587 [INFO] PluginManage:342 - Loaded plugin tutovideos (category:base,tabindex:-1)
2024-11-02 13:09:44,593 [INFO] PluginManage:292 - Check plugin updater
2024-11-02 13:09:44,605 [INFO] PluginManage:342 - Loaded plugin updater (category:base,tabindex:12)
2024-11-02 13:09:44,605 [INFO] PluginManage:265 - PluginManage : Loaded plugins [13]
2024-11-02 13:09:44,783 [INFO] PinOutPanel:1418 - setPackage(No Configuration,No Configuration)
2024-11-02 13:09:44,885 [INFO] IPUIPlugin:64 - create IPUIPlugin
2024-11-02 13:09:44,885 [INFO] PluginManager:200 - loadIPPluginJar : add adc
2024-11-02 13:09:44,936 [INFO] IPUIPlugin:64 - create IPUIPlugin
2024-11-02 13:09:44,936 [INFO] PluginManager:200 - loadIPPluginJar : add aes
2024-11-02 13:09:44,986 [INFO] IPUIPlugin:64 - create IPUIPlugin
2024-11-02 13:09:44,986 [INFO] PluginManager:200 - loadIPPluginJar : add can
2024-11-02 13:09:45,016 [INFO] IPUIPlugin:64 - create IPUIPlugin
2024-11-02 13:09:45,016 [INFO] PluginManager:200 - loadIPPluginJar : add comp
2024-11-02 13:09:45,056 [INFO] IPUIPlugin:64 - create IPUIPlugin
2024-11-02 13:09:45,056 [INFO] PluginManager:200 - loadIPPluginJar : add cryp
2024-11-02 13:09:45,106 [INFO] IPUIPlugin:64 - create IPUIPlugin
2024-11-02 13:09:45,106 [INFO] PluginManager:200 - loadIPPluginJar : add dfsdm
2024-11-02 13:09:45,117 [INFO] IPUIPlugin:64 - create IPUIPlugin
2024-11-02 13:09:45,127 [INFO] PluginManager:200 - loadIPPluginJar : add dma
2024-11-02 13:09:45,157 [INFO] IPUIPlugin:64 - create IPUIPlugin
2024-11-02 13:09:45,157 [INFO] PluginManager:200 - loadIPPluginJar : add fatfs
2024-11-02 13:09:45,217 [INFO] IPUIPlugin:64 - create IPUIPlugin
2024-11-02 13:09:45,217 [INFO] PluginManager:200 - loadIPPluginJar : add fmc
2024-11-02 13:09:45,237 [INFO] IPUIPlugin:64 - create IPUIPlugin
2024-11-02 13:09:45,237 [INFO] PluginManager:200 - loadIPPluginJar : add freertos
2024-11-02 13:09:45,268 [INFO] IPUIPlugin:64 - create IPUIPlugin
2024-11-02 13:09:45,268 [INFO] PluginManager:200 - loadIPPluginJar : add genericplugin
2024-11-02 13:09:45,368 [INFO] IPUIPlugin:64 - create IPUIPlugin
2024-11-02 13:09:45,378 [INFO] PluginManager:200 - loadIPPluginJar : add gfxmmu
2024-11-02 13:09:45,508 [INFO] IPUIPlugin:64 - create IPUIPlugin
2024-11-02 13:09:45,508 [INFO] PluginManager:200 - loadIPPluginJar : add gic
2024-11-02 13:09:45,518 [INFO] IPUIPlugin:64 - create IPUIPlugin
2024-11-02 13:09:45,518 [INFO] PluginManager:200 - loadIPPluginJar : add gpio
2024-11-02 13:09:45,601 [INFO] IPUIPlugin:64 - create IPUIPlugin
2024-11-02 13:09:45,601 [INFO] PluginManager:200 - loadIPPluginJar : add gtzc
2024-11-02 13:09:45,642 [INFO] IPUIPlugin:64 - create IPUIPlugin
2024-11-02 13:09:45,642 [INFO] PluginManager:200 - loadIPPluginJar : add hash
2024-11-02 13:09:45,702 [INFO] IPUIPlugin:64 - create IPUIPlugin
2024-11-02 13:09:45,702 [INFO] PluginManager:200 - loadIPPluginJar : add i2c
2024-11-02 13:09:45,752 [INFO] IPUIPlugin:64 - create IPUIPlugin
2024-11-02 13:09:45,752 [INFO] PluginManager:200 - loadIPPluginJar : add i2s
2024-11-02 13:09:45,772 [INFO] IPUIPlugin:64 - create IPUIPlugin
2024-11-02 13:09:45,772 [INFO] PluginManager:200 - loadIPPluginJar : add ipddr
2024-11-02 13:09:45,812 [INFO] IPUIPlugin:64 - create IPUIPlugin
2024-11-02 13:09:45,812 [INFO] PluginManager:200 - loadIPPluginJar : add ltdc
2024-11-02 13:09:45,832 [INFO] IPUIPlugin:64 - create IPUIPlugin
2024-11-02 13:09:45,832 [INFO] PluginManager:200 - loadIPPluginJar : add mdma
2024-11-02 13:09:45,842 [INFO] IPUIPlugin:64 - create IPUIPlugin
2024-11-02 13:09:45,842 [INFO] PluginManager:200 - loadIPPluginJar : add nvic
2024-11-02 13:09:45,892 [INFO] IPUIPlugin:64 - create IPUIPlugin
2024-11-02 13:09:45,892 [INFO] PluginManager:200 - loadIPPluginJar : add opamp
2024-11-02 13:09:45,963 [INFO] IPUIPlugin:64 - create IPUIPlugin
2024-11-02 13:09:45,963 [INFO] PluginManager:200 - loadIPPluginJar : add openamp
2024-11-02 13:09:46,022 [INFO] IPUIPlugin:64 - create IPUIPlugin
2024-11-02 13:09:46,022 [INFO] PluginManager:200 - loadIPPluginJar : add pdm2pcm
2024-11-02 13:09:46,033 [INFO] IPUIPlugin:64 - create IPUIPlugin
2024-11-02 13:09:46,042 [INFO] PluginManager:200 - loadIPPluginJar : add plateformsettings
2024-11-02 13:09:46,073 [INFO] IPUIPlugin:64 - create IPUIPlugin
2024-11-02 13:09:46,073 [INFO] PluginManager:200 - loadIPPluginJar : add quadspi
2024-11-02 13:09:46,092 [INFO] IPUIPlugin:64 - create IPUIPlugin
2024-11-02 13:09:46,092 [INFO] PluginManager:200 - loadIPPluginJar : add resmgrutility
2024-11-02 13:09:46,153 [INFO] IPUIPlugin:64 - create IPUIPlugin
2024-11-02 13:09:46,153 [INFO] PluginManager:200 - loadIPPluginJar : add sai
2024-11-02 13:09:46,222 [INFO] IPUIPlugin:64 - create IPUIPlugin
2024-11-02 13:09:46,222 [INFO] PluginManager:200 - loadIPPluginJar : add spi
2024-11-02 13:09:46,283 [INFO] IPUIPlugin:64 - create IPUIPlugin
2024-11-02 13:09:46,283 [INFO] PluginManager:200 - loadIPPluginJar : add stm32_wpan
2024-11-02 13:09:46,313 [INFO] IPUIPlugin:64 - create IPUIPlugin
2024-11-02 13:09:46,313 [INFO] PluginManager:200 - loadIPPluginJar : add tim
2024-11-02 13:09:46,393 [INFO] IPUIPlugin:64 - create IPUIPlugin
2024-11-02 13:09:46,393 [INFO] PluginManager:200 - loadIPPluginJar : add touchsensing
2024-11-02 13:09:46,429 [INFO] IPUIPlugin:64 - create IPUIPlugin
2024-11-02 13:09:46,429 [INFO] PluginManager:200 - loadIPPluginJar : add tracer_emb
2024-11-02 13:09:46,460 [INFO] IPUIPlugin:64 - create IPUIPlugin
2024-11-02 13:09:46,460 [INFO] PluginManager:200 - loadIPPluginJar : add ts
2024-11-02 13:09:46,500 [INFO] IPUIPlugin:64 - create IPUIPlugin
2024-11-02 13:09:46,500 [INFO] PluginManager:200 - loadIPPluginJar : add tsc
2024-11-02 13:09:46,531 [INFO] IPUIPlugin:64 - create IPUIPlugin
2024-11-02 13:09:46,531 [INFO] PluginManager:200 - loadIPPluginJar : add ucpd
2024-11-02 13:09:46,593 [INFO] IPUIPlugin:64 - create IPUIPlugin
2024-11-02 13:09:46,593 [INFO] PluginManager:200 - loadIPPluginJar : add usart
2024-11-02 13:09:47,764 [INFO] CubeProgrammer:457 - [DDR PANEL] - PathOfProgrammer: null
2024-11-02 13:09:48,429 [FATAL] Updater:282 - Updater called before beeing initialized
2024-11-02 13:09:48,579 [FATAL] Updater:282 - Updater called before beeing initialized
2024-11-02 13:09:48,579 [WARN] ThirdParty:775 - waiting for thirdparty lock release [close project]
2024-11-02 13:09:48,579 [INFO] ThirdParty:777 - entering critical section [close project]
2024-11-02 13:09:48,579 [INFO] ThirdParty:790 - exiting critical section [close project]
2024-11-02 13:09:48,579 [INFO] PinOutPanel:1418 - setPackage(No Configuration,No Configuration)
2024-11-02 13:09:48,579 [FATAL] Updater:282 - Updater called before beeing initialized
2024-11-02 13:09:48,599 [ERROR] Updater:967 - MainUpdater not yet initialized. External WinMGr cannot be set.
2024-11-02 13:09:48,599 [INFO] CubeProgrammer:457 - [DDR PANEL] - PathOfProgrammer: C:\ST\STM32CubeIDE_1.4.0\STM32CubeIDE\plugins\com.st.stm32cube.ide.mcu.externaltools.cubeprogrammer.win32_1.4.0.202007081208\tools\bin
2024-11-02 13:09:48,599 [INFO] ProgrammerExecThread:148 - [ProgrammerAPI] CubeProgrammer command construction: C:\ST\STM32CubeIDE_1.4.0\STM32CubeIDE\plugins\com.st.stm32cube.ide.mcu.externaltools.cubeprogrammer.win32_1.4.0.202007081208\tools\bin\STM32_Programmer_CLI.exe -l
2024-11-02 13:09:48,900 [INFO] MainDdrPanel:49 - [DDR PANEL] SETTER - Set cubeProgrammerPath to: C:\ST\STM32CubeIDE_1.4.0\STM32CubeIDE\plugins\com.st.stm32cube.ide.mcu.externaltools.cubeprogrammer.win32_1.4.0.202007081208\tools\bin
2024-11-02 13:09:49,000 [INFO] Updater:904 - Updater Version found : 6.0.0
2024-11-02 13:09:49,020 [INFO] ApplicationProperties:181 - Using Application install path: C:\ST\STM32CubeIDE_1.4.0\STM32CubeIDE\plugins\com.st.stm32cube.common.mx_6.0.0.202007160824
2024-11-02 13:09:49,631 [INFO] MainUpdater:2268 - connection check result : 10
2024-11-02 13:09:49,631 [INFO] MainUpdater:2935 - Updater definition file requires update
2024-11-02 13:09:49,631 [INFO] MainUpdater:239 - Updater Check For Update Now.
2024-11-02 13:09:49,631 [INFO] MicroXplorer:414 - Change Database Version : DB.6.0.0
2024-11-02 13:09:50,042 [INFO] ServerAccessManage:348 - Download File updaters.zip
2024-11-02 13:09:50,253 [INFO] FileExtend:225 - Unzip File : updaters.zip
2024-11-02 13:09:50,253 [INFO] FileExtend:240 - Standard Zip Deflate
2024-11-02 13:09:50,323 [WARN] IntegrityCheckThread:61 - waiting for thirdparty lock release [integrity check]
2024-11-02 13:09:50,323 [INFO] IntegrityCheckThread:63 - entering critical section [integrity check]
2024-11-02 13:09:50,324 [WARN] MainUpdater:1087 - Updater busy. Cannot search thirdparties
2024-11-02 13:09:51,441 [INFO] ServerAccessManage:348 - Download File PacksControlFlags.xml
2024-11-02 13:09:51,921 [INFO] ServerAccessManage:348 - Download File cubemx.pidx
2024-11-02 13:09:52,031 [INFO] LoadServerUpdatesThread:309 - End of LoadServerUpdate Thread
2024-11-02 13:09:52,110 [INFO] CheckServerUpdateThread:102 - End of CheckServer Thread
2024-11-02 13:09:52,132 [INFO] MainUpdater:2268 - connection check result : 10
2024-11-02 13:09:52,605 [INFO] ServerAccessManage:348 - Download File mcusDocs.json._tmp_
2024-11-02 13:09:52,761 [INFO] LoadUrlFilesThread:135 - End of LoadUrlFiles Thread
2024-11-02 13:09:52,943 [INFO] ServerAccessManage:348 - Download File mcusFeaturesAndDescription.json._tmp_
2024-11-02 13:09:53,326 [WARN] MainUpdater:1087 - Updater busy. Cannot search thirdparties
2024-11-02 13:09:53,868 [ERROR] WebUtils:615 - Updater is busy
2024-11-02 13:09:53,868 [ERROR] WebUtils:615 - Updater is busy
2024-11-02 13:09:53,868 [ERROR] ServerAccessManage:517 - User Cancel Download : mcusFeaturesAndDescription.json._tmp_.
2024-11-02 13:09:53,868 [ERROR] WebUtils:615 - Updater is busy
2024-11-02 13:09:53,868 [INFO] LoadUrlFilesThread:135 - End of LoadUrlFiles Thread
2024-11-02 13:09:54,842 [ERROR] WebUtils:615 - Updater is busy
2024-11-02 13:09:54,862 [INFO] DbMcusDocs:145 - JSON generation date=Tue Nov 16 18:17:54 EET 2021 (1637079474)
2024-11-02 13:09:54,862 [INFO] DbMcusXml:100 - Load MCU database from C:\ST\STM32CubeIDE_1.4.0\STM32CubeIDE\plugins\com.st.stm32cube.common.mx_6.0.0.202007160824\\db\/mcu/families.xml
2024-11-02 13:09:54,942 [INFO] ServerAccessManage:348 - Download File crdb.zip
2024-11-02 13:09:55,033 [ERROR] ServerAccessManage:517 - User Cancel Download : crdb.zip.
2024-11-02 13:09:55,033 [INFO] LoadUrlFilesThread:135 - End of LoadUrlFiles Thread
2024-11-02 13:09:55,093 [ERROR] DbUtils:114 - File not found: C:\Users\ziade\.stmcufinder\plugins\mcufinder//mcu/mcusFeaturesAndDescription.json._tmp_
2024-11-02 13:09:55,093 [WARN] DbUtils:163 - success is not a boolean!
2024-11-02 13:09:55,093 [ERROR] DbFile:108 - Temporary file not found: C:\Users\ziade\.stmcufinder\plugins\mcufinder\mcu\mcusFeaturesAndDescription.json._tmp_
2024-11-02 13:09:55,103 [INFO] DbMcus:175 - Found 1761 MCUs (1722 are supported by CubeMX, 1722 are visible in CubeMX)
2024-11-02 13:09:55,103 [INFO] ApiDb:201 - Load user favorites file C:\Users\ziade/.stm32cubemx/favorites.mcus.txt: 0 item(s)
2024-11-02 13:09:55,103 [INFO] ApiDb:205 - User favorites MCUs=[]
2024-11-02 13:09:55,103 [INFO] DbMcus:187 - Set 0 / 0 favorites MCUs
2024-11-02 13:09:55,103 [ERROR] DbMcusDocs:83 - No MCUs documents found !
2024-11-02 13:09:55,103 [INFO] DbMcusDocs:145 - JSON generation date=Tue Nov 16 18:17:54 EET 2021 (1637079474)
2024-11-02 13:09:55,103 [ERROR] DbMcusDocs:83 - No MCUs documents found !
2024-11-02 13:09:55,103 [INFO] ApiDb:226 - Save user favorites file C:\Users\ziade/.stm32cubemx/favorites.mcus.txt: 0 item(s)
2024-11-02 13:09:55,103 [INFO] ApiDb:230 - User favorites MCUs=[]
2024-11-02 13:09:55,113 [INFO] DbMcusXml:100 - Load MCU database from C:\ST\STM32CubeIDE_1.4.0\STM32CubeIDE\plugins\com.st.stm32cube.common.mx_6.0.0.202007160824\\db\/mcu/families.xml
2024-11-02 13:09:55,484 [INFO] DbMcusJson:92 - JSON generation date=Tue Nov 16 18:17:54 EET 2021 (1637079474)
2024-11-02 13:09:56,169 [INFO] DbMcus:175 - Found 1761 MCUs (1722 are supported by CubeMX, 1911 are visible in CubeMX)
2024-11-02 13:09:56,169 [INFO] ApiDb:201 - Load user favorites file C:\Users\ziade/.stm32cubemx/favorites.mcus.txt: 0 item(s)
2024-11-02 13:09:56,169 [INFO] ApiDb:205 - User favorites MCUs=[]
2024-11-02 13:09:56,169 [INFO] DbMcus:187 - Set 0 / 0 favorites MCUs
2024-11-02 13:09:56,169 [ERROR] DbUtils:114 - File not found: C:\Users\ziade\.stmcufinder\plugins\mcufinder//mcu/boardsDocs.json._tmp_
2024-11-02 13:09:56,169 [WARN] DbUtils:163 - success is not a boolean!
2024-11-02 13:09:56,169 [ERROR] DbBoardsDocs:83 - No boards documents found !
2024-11-02 13:09:56,169 [ERROR] DbFile:108 - Temporary file not found: C:\Users\ziade\.stmcufinder\plugins\mcufinder\mcu\boardsDocs.json._tmp_
2024-11-02 13:09:56,179 [INFO] DbBoardsDocs:145 - JSON generation date=Tue Nov 16 18:17:54 EET 2021 (1637079474)
2024-11-02 13:09:56,199 [INFO] DbBoardsPdsc:94 - Found 23 items
2024-11-02 13:09:56,209 [INFO] DbBoardsPdsc:94 - Found 9 items
2024-11-02 13:09:56,219 [INFO] DbBoardsPdsc:94 - Found 29 items
2024-11-02 13:09:56,229 [INFO] DbBoardsPdsc:94 - Found 1 items
2024-11-02 13:09:56,239 [INFO] DbBoardsPdsc:94 - Found 44 items
2024-11-02 13:09:56,259 [INFO] DbBoardsPdsc:94 - Found 40 items
2024-11-02 13:09:56,269 [INFO] DbBoardsPdsc:94 - Found 2 items
2024-11-02 13:09:56,279 [INFO] DbBoardsPdsc:94 - Found 4 items
2024-11-02 13:09:56,279 [WARN] DbBoardsPdsc:258 - Board STM32H7B3I-DK: unknown feature type=Audio, name=, username=Audio stereo codec with Headphone Amp (CS42L51-CNZ), n=1
2024-11-02 13:09:56,279 [WARN] DbBoardsPdsc:258 - Board STM32H735G-DK: unknown feature type=Audio, name=, username=Audio stereo codec with Headphone Amp (WM8994ECS/R), n=1
2024-11-02 13:09:56,279 [WARN] DbBoardsPdsc:258 - Board STM32H7B3I-EVAL: unknown feature type=Audio, name=, username=Multi-Channel Audio Codec (CS42L51-CNZ), n=1
2024-11-02 13:09:56,279 [WARN] DbBoardsPdsc:258 - Board STM32H7B3I-EVAL: unknown feature type=Meter, name=, username=Power-metering and Temperature-monitoring with sigma-delta modulators, n=1
2024-11-02 13:09:56,279 [WARN] DbBoardsPdsc:258 - Board STM32H7B3I-EVAL: unknown feature type=Motor, name=, username=Motor Control, n=1
2024-11-02 13:09:56,299 [ERROR] DbUtils:114 - File not found: C:\Users\ziade\.stmcufinder\plugins\mcufinder//mcu/boards.json._tmp_
2024-11-02 13:09:56,299 [WARN] DbUtils:163 - success is not a boolean!
2024-11-02 13:09:56,299 [ERROR] DbFile:108 - Temporary file not found: C:\Users\ziade\.stmcufinder\plugins\mcufinder\mcu\boards.json._tmp_
2024-11-02 13:09:56,299 [INFO] DbBoards:117 - Found 152 boards (149 are supported by CubeMX)
2024-11-02 13:09:56,299 [INFO] DbBoardsDocs:145 - JSON generation date=Tue Nov 16 18:17:54 EET 2021 (1637079474)
2024-11-02 13:09:56,299 [ERROR] DbBoardsDocs:83 - No boards documents found !
2024-11-02 13:09:56,309 [INFO] DbBoardsDocs:145 - JSON generation date=Tue Nov 16 18:17:54 EET 2021 (1637079474)
2024-11-02 13:09:56,309 [ERROR] DbBoardsDocs:83 - No boards documents found !
2024-11-02 13:09:56,309 [WARN] DbBoards:127 - board B-G474E-DPOW1 has no document id list !
2024-11-02 13:09:56,309 [WARN] DbBoards:127 - board B-L072Z-LRWAN1 has no document id list !
2024-11-02 13:09:56,309 [WARN] DbBoards:127 - board B-L462E-CELL1 has no document id list !
2024-11-02 13:09:56,309 [WARN] DbBoards:127 - board B-L475E-IOT01A1 has no document id list !
2024-11-02 13:09:56,309 [WARN] DbBoards:127 - board B-L475E-IOT01A2 has no document id list !
2024-11-02 13:09:56,309 [WARN] DbBoards:127 - board B-L4S5I-IOT01A has no document id list !
2024-11-02 13:09:56,309 [WARN] DbBoards:127 - board NUCLEO-F030R8 has no document id list !
2024-11-02 13:09:56,309 [WARN] DbBoards:127 - board NUCLEO-F031K6 has no document id list !
2024-11-02 13:09:56,309 [WARN] DbBoards:127 - board NUCLEO-F042K6 has no document id list !
2024-11-02 13:09:56,309 [WARN] DbBoards:127 - board NUCLEO-F070RB has no document id list !
2024-11-02 13:09:56,309 [WARN] DbBoards:127 - board NUCLEO-F072RB has no document id list !
2024-11-02 13:09:56,309 [WARN] DbBoards:127 - board NUCLEO-F091RC has no document id list !
2024-11-02 13:09:56,309 [WARN] DbBoards:127 - board NUCLEO-F103RB has no document id list !
2024-11-02 13:09:56,309 [WARN] DbBoards:127 - board NUCLEO-F207ZG has no document id list !
2024-11-02 13:09:56,309 [WARN] DbBoards:127 - board NUCLEO-F302R8 has no document id list !
2024-11-02 13:09:56,309 [WARN] DbBoards:127 - board NUCLEO-F303K8 has no document id list !
2024-11-02 13:09:56,309 [WARN] DbBoards:127 - board NUCLEO-F303RE has no document id list !
2024-11-02 13:09:56,309 [WARN] DbBoards:127 - board NUCLEO-F303ZE has no document id list !
2024-11-02 13:09:56,309 [WARN] DbBoards:127 - board NUCLEO-F334R8 has no document id list !
2024-11-02 13:09:56,309 [WARN] DbBoards:127 - board NUCLEO-F401RE has no document id list !
2024-11-02 13:09:56,309 [WARN] DbBoards:127 - board NUCLEO-F410RB has no document id list !
2024-11-02 13:09:56,309 [WARN] DbBoards:127 - board NUCLEO-F411RE has no document id list !
2024-11-02 13:09:56,309 [WARN] DbBoards:127 - board NUCLEO-F412ZG has no document id list !
2024-11-02 13:09:56,309 [WARN] DbBoards:127 - board NUCLEO-F413ZH has no document id list !
2024-11-02 13:09:56,309 [WARN] DbBoards:127 - board NUCLEO-F429ZI has no document id list !
2024-11-02 13:09:56,309 [WARN] DbBoards:127 - board NUCLEO-F439ZI has no document id list !
2024-11-02 13:09:56,309 [WARN] DbBoards:127 - board NUCLEO-F446RE has no document id list !
2024-11-02 13:09:56,309 [WARN] DbBoards:127 - board NUCLEO-F446ZE has no document id list !
2024-11-02 13:09:56,309 [WARN] DbBoards:127 - board NUCLEO-F722ZE has no document id list !
2024-11-02 13:09:56,309 [WARN] DbBoards:127 - board NUCLEO-F746ZG has no document id list !
2024-11-02 13:09:56,309 [WARN] DbBoards:127 - board NUCLEO-F767ZI has no document id list !
2024-11-02 13:09:56,309 [WARN] DbBoards:127 - board NUCLEO-G031K8 has no document id list !
2024-11-02 13:09:56,309 [WARN] DbBoards:127 - board NUCLEO-G070RB has no document id list !
2024-11-02 13:09:56,309 [WARN] DbBoards:127 - board NUCLEO-G071RB has no document id list !
2024-11-02 13:09:56,309 [WARN] DbBoards:127 - board NUCLEO-G431KB has no document id list !
2024-11-02 13:09:56,309 [WARN] DbBoards:127 - board NUCLEO-G431RB has no document id list !
2024-11-02 13:09:56,309 [WARN] DbBoards:127 - board NUCLEO-G474RE has no document id list !
2024-11-02 13:09:56,309 [WARN] DbBoards:127 - board NUCLEO-G491RE has no document id list !
2024-11-02 13:09:56,309 [WARN] DbBoards:127 - board NUCLEO-H723ZG has no document id list !
2024-11-02 13:09:56,309 [WARN] DbBoards:127 - board NUCLEO-H743ZI has no document id list !
2024-11-02 13:09:56,309 [WARN] DbBoards:127 - board NUCLEO-H743ZI2 has no document id list !
2024-11-02 13:09:56,309 [WARN] DbBoards:127 - board NUCLEO-H745ZI-Q has no document id list !
2024-11-02 13:09:56,309 [WARN] DbBoards:127 - board NUCLEO-H753ZI has no document id list !
2024-11-02 13:09:56,309 [WARN] DbBoards:127 - board NUCLEO-H755ZI-Q has no document id list !
2024-11-02 13:09:56,309 [WARN] DbBoards:127 - board NUCLEO-H7A3ZI-Q has no document id list !
2024-11-02 13:09:56,309 [WARN] DbBoards:127 - board NUCLEO-L010RB has no document id list !
2024-11-02 13:09:56,309 [WARN] DbBoards:127 - board NUCLEO-L011K4 has no document id list !
2024-11-02 13:09:56,309 [WARN] DbBoards:127 - board NUCLEO-L031K6 has no document id list !
2024-11-02 13:09:56,309 [WARN] DbBoards:127 - board NUCLEO-L053R8 has no document id list !
2024-11-02 13:09:56,309 [WARN] DbBoards:127 - board NUCLEO-L073RZ has no document id list !
2024-11-02 13:09:56,309 [WARN] DbBoards:127 - board NUCLEO-L152RE has no document id list !
2024-11-02 13:09:56,309 [WARN] DbBoards:127 - board NUCLEO-L412KB has no document id list !
2024-11-02 13:09:56,309 [WARN] DbBoards:127 - board NUCLEO-L412RB-P has no document id list !
2024-11-02 13:09:56,309 [WARN] DbBoards:127 - board NUCLEO-L432KC has no document id list !
2024-11-02 13:09:56,309 [WARN] DbBoards:127 - board NUCLEO-L433RC-P has no document id list !
2024-11-02 13:09:56,309 [WARN] DbBoards:127 - board NUCLEO-L452RE has no document id list !
2024-11-02 13:09:56,309 [WARN] DbBoards:127 - board NUCLEO-L452RE-P has no document id list !
2024-11-02 13:09:56,309 [WARN] DbBoards:127 - board NUCLEO-L476RG has no document id list !
2024-11-02 13:09:56,309 [WARN] DbBoards:127 - board NUCLEO-L496ZG has no document id list !
2024-11-02 13:09:56,309 [WARN] DbBoards:127 - board NUCLEO-L496ZG-P has no document id list !
2024-11-02 13:09:56,309 [WARN] DbBoards:127 - board NUCLEO-L4P5ZG has no document id list !
2024-11-02 13:09:56,309 [WARN] DbBoards:127 - board NUCLEO-L4R5ZI has no document id list !
2024-11-02 13:09:56,309 [WARN] DbBoards:127 - board NUCLEO-L4R5ZI-P has no document id list !
2024-11-02 13:09:56,309 [WARN] DbBoards:127 - board NUCLEO-L552ZE-Q has no document id list !
2024-11-02 13:09:56,309 [WARN] DbBoards:127 - board NUCLEO-WB55RG has no document id list !
2024-11-02 13:09:56,309 [WARN] DbBoards:127 - board P-NUCLEO-WB55 has no document id list !
2024-11-02 13:09:56,309 [WARN] DbBoards:127 - board P-NUCLEO-WB55-Nucleo has no document id list !
2024-11-02 13:09:56,309 [WARN] DbBoards:127 - board P-NUCLEO-WB55-USBDongle has no document id list !
2024-11-02 13:09:56,309 [WARN] DbBoards:127 - board STEVAL-BFA001V1B has no document id list !
2024-11-02 13:09:56,309 [WARN] DbBoards:127 - board STEVAL-BFA001V2B has no document id list !
2024-11-02 13:09:56,309 [WARN] DbBoards:127 - board STEVAL-IDP005V1 has no document id list !
2024-11-02 13:09:56,309 [WARN] DbBoards:127 - board STEVAL-IDP005V2 has no document id list !
2024-11-02 13:09:56,309 [WARN] DbBoards:127 - board STEVAL-MKSBOX1V1 has no document id list !
2024-11-02 13:09:56,309 [WARN] DbBoards:127 - board STEVAL-STWINKT1 has no document id list !
2024-11-02 13:09:56,309 [WARN] DbBoards:127 - board STM32072B-EVAL has no document id list !
2024-11-02 13:09:56,309 [WARN] DbBoards:127 - board STM32091C-EVAL has no document id list !
2024-11-02 13:09:56,309 [WARN] DbBoards:127 - board STM32100E-EVAL has no document id list !
2024-11-02 13:09:56,309 [WARN] DbBoards:127 - board STM3210C-EVAL has no document id list !
2024-11-02 13:09:56,309 [WARN] DbBoards:127 - board STM3210E-EVAL has no document id list !
2024-11-02 13:09:56,309 [WARN] DbBoards:127 - board STM3220G-EVAL has no document id list !
2024-11-02 13:09:56,309 [WARN] DbBoards:127 - board STM3221G-EVAL has no document id list !
2024-11-02 13:09:56,309 [WARN] DbBoards:127 - board STM32303C-EVAL has no document id list !
2024-11-02 13:09:56,309 [WARN] DbBoards:127 - board STM32303E-EVAL has no document id list !
2024-11-02 13:09:56,309 [WARN] DbBoards:127 - board STM32373C-EVAL has no document id list !
2024-11-02 13:09:56,309 [WARN] DbBoards:127 - board STM3240G-EVAL has no document id list !
2024-11-02 13:09:56,309 [WARN] DbBoards:127 - board STM3241G-EVAL has no document id list !
2024-11-02 13:09:56,309 [WARN] DbBoards:127 - board STM32429I-EVAL1 has no document id list !
2024-11-02 13:09:56,309 [WARN] DbBoards:127 - board STM32439I-EVAL2 has no document id list !
2024-11-02 13:09:56,309 [WARN] DbBoards:127 - board STM32446E-EVAL has no document id list !
2024-11-02 13:09:56,309 [WARN] DbBoards:127 - board STM32469I-EVAL has no document id list !
2024-11-02 13:09:56,309 [WARN] DbBoards:127 - board STM32479I-EVAL has no document id list !
2024-11-02 13:09:56,309 [WARN] DbBoards:127 - board STM32746G-EVAL2 has no document id list !
2024-11-02 13:09:56,309 [WARN] DbBoards:127 - board STM32756G-EVAL2 has no document id list !
2024-11-02 13:09:56,309 [WARN] DbBoards:127 - board STM32F0308-DISCO has no document id list !
2024-11-02 13:09:56,309 [WARN] DbBoards:127 - board STM32F072B-DISCO has no document id list !
2024-11-02 13:09:56,309 [WARN] DbBoards:127 - board STM32F0DISCOVERY has no document id list !
2024-11-02 13:09:56,309 [WARN] DbBoards:127 - board STM32F3348-DISCO has no document id list !
2024-11-02 13:09:56,309 [WARN] DbBoards:127 - board STM32F3DISCOVERY has no document id list !
2024-11-02 13:09:56,309 [WARN] DbBoards:127 - board STM32F401C-DISCO has no document id list !
2024-11-02 13:09:56,309 [WARN] DbBoards:127 - board STM32F407G-DISC1 has no document id list !
2024-11-02 13:09:56,309 [WARN] DbBoards:127 - board STM32F411E-DISCO has no document id list !
2024-11-02 13:09:56,309 [WARN] DbBoards:127 - board STM32F412G-DISCO has no document id list !
2024-11-02 13:09:56,309 [WARN] DbBoards:127 - board STM32F413H-DISCO has no document id list !
2024-11-02 13:09:56,309 [WARN] DbBoards:127 - board STM32F429I-DISC1 has no document id list !
2024-11-02 13:09:56,309 [WARN] DbBoards:127 - board STM32F469I-DISCO has no document id list !
2024-11-02 13:09:56,309 [WARN] DbBoards:127 - board STM32F723E-DISCO has no document id list !
2024-11-02 13:09:56,309 [WARN] DbBoards:127 - board STM32F7308-DK has no document id list !
2024-11-02 13:09:56,309 [WARN] DbBoards:127 - board STM32F746G-DISCO has no document id list !
2024-11-02 13:09:56,309 [WARN] DbBoards:127 - board STM32F7508-DK has no document id list !
2024-11-02 13:09:56,309 [WARN] DbBoards:127 - board STM32F769I-DISC1 has no document id list !
2024-11-02 13:09:56,309 [WARN] DbBoards:127 - board STM32F769I-DISCO has no document id list !
2024-11-02 13:09:56,309 [WARN] DbBoards:127 - board STM32F769I-EVAL has no document id list !
2024-11-02 13:09:56,309 [WARN] DbBoards:127 - board STM32F779I-EVAL has no document id list !
2024-11-02 13:09:56,309 [WARN] DbBoards:127 - board STM32G0316-DISCO has no document id list !
2024-11-02 13:09:56,309 [WARN] DbBoards:127 - board STM32G071B-DISCO has no document id list !
2024-11-02 13:09:56,309 [WARN] DbBoards:127 - board STM32G081B-EVAL has no document id list !
2024-11-02 13:09:56,309 [WARN] DbBoards:127 - board STM32G474E-EVAL has no document id list !
2024-11-02 13:09:56,309 [WARN] DbBoards:127 - board STM32G474E-EVAL1 has no document id list !
2024-11-02 13:09:56,309 [WARN] DbBoards:127 - board STM32G484E-EVAL has no document id list !
2024-11-02 13:09:56,309 [WARN] DbBoards:127 - board STM32H735G-DK has no document id list !
2024-11-02 13:09:56,309 [WARN] DbBoards:127 - board STM32H743I-EVAL has no document id list !
2024-11-02 13:09:56,309 [WARN] DbBoards:127 - board STM32H743I-EVAL2 has no document id list !
2024-11-02 13:09:56,309 [WARN] DbBoards:127 - board STM32H745I-DISCO has no document id list !
2024-11-02 13:09:56,309 [WARN] DbBoards:127 - board STM32H747I-DISC1 has no document id list !
2024-11-02 13:09:56,309 [WARN] DbBoards:127 - board STM32H747I-DISCO has no document id list !
2024-11-02 13:09:56,309 [WARN] DbBoards:127 - board STM32H747I-EVAL has no document id list !
2024-11-02 13:09:56,309 [WARN] DbBoards:127 - board STM32H750B-DK has no document id list !
2024-11-02 13:09:56,309 [WARN] DbBoards:127 - board STM32H753I-EVAL has no document id list !
2024-11-02 13:09:56,309 [WARN] DbBoards:127 - board STM32H753I-EVAL2 has no document id list !
2024-11-02 13:09:56,309 [WARN] DbBoards:127 - board STM32H757I-EVAL has no document id list !
2024-11-02 13:09:56,309 [WARN] DbBoards:127 - board STM32H7B3I-DK has no document id list !
2024-11-02 13:09:56,309 [WARN] DbBoards:127 - board STM32H7B3I-EVAL has no document id list !
2024-11-02 13:09:56,309 [WARN] DbBoards:127 - board STM32L-DISCOVERY has no document id list !
2024-11-02 13:09:56,309 [WARN] DbBoards:127 - board STM32L0538-DISCO has no document id list !
2024-11-02 13:09:56,309 [WARN] DbBoards:127 - board STM32L073Z-EVAL has no document id list !
2024-11-02 13:09:56,309 [WARN] DbBoards:127 - board STM32L100C-DISCO has no document id list !
2024-11-02 13:09:56,309 [WARN] DbBoards:127 - board STM32L152C-DISCO has no document id list !
2024-11-02 13:09:56,309 [WARN] DbBoards:127 - board STM32L152D-EVAL has no document id list !
2024-11-02 13:09:56,309 [WARN] DbBoards:127 - board STM32L476G-DISCO has no document id list !
2024-11-02 13:09:56,309 [WARN] DbBoards:127 - board STM32L476G-EVAL has no document id list !
2024-11-02 13:09:56,309 [WARN] DbBoards:127 - board STM32L496G-DISCO has no document id list !
2024-11-02 13:09:56,309 [WARN] DbBoards:127 - board STM32L4P5G-DK has no document id list !
2024-11-02 13:09:56,309 [WARN] DbBoards:127 - board STM32L4R9I-DISCO has no document id list !
2024-11-02 13:09:56,309 [WARN] DbBoards:127 - board STM32L4R9I-EVAL has no document id list !
2024-11-02 13:09:56,309 [WARN] DbBoards:127 - board STM32L552E-EV has no document id list !
2024-11-02 13:09:56,309 [WARN] DbBoards:127 - board STM32L562E-DK has no document id list !
2024-11-02 13:09:56,309 [WARN] DbBoards:127 - board STM32MP157A-DK1 has no document id list !
2024-11-02 13:09:56,309 [WARN] DbBoards:127 - board STM32MP157A-EV1 has no document id list !
2024-11-02 13:09:56,309 [WARN] DbBoards:127 - board STM32MP157C-DK2 has no document id list !
2024-11-02 13:09:56,309 [WARN] DbBoards:127 - board STM32MP157C-EV1 has no document id list !
2024-11-02 13:09:56,309 [WARN] DbBoards:127 - board STM32MP157F-EV1 has no document id list !
2024-11-02 13:09:56,309 [WARN] DbBoards:127 - board STM32VLDISCOVERY has no document id list !
2024-11-02 13:09:56,400 [ERROR] DbBoards:192 - No image file URL for board B-L462E-CELL1
2024-11-02 13:09:57,197 [INFO] ThirdPartyDb:299 - Save Third Party DataBase File (C:/Users/ziade/.stm32cubemx/plugins/thirdparty/db/thirdparties_db.xml) [forced]
2024-11-02 13:09:57,267 [INFO] ThirdPartyDb:299 - Save Third Party DataBase File (C:/Users/ziade/.stm32cubemx/plugins/thirdparty/db/thirdparties_db.xml) [forced]
2024-11-02 13:09:57,398 [INFO] IntegrityCheckThread:76 - exiting critical section [integrity check]
2024-11-02 13:09:57,398 [INFO] IntegrityCheckThread:79 - End integrity checks thread
2024-11-02 13:09:57,659 [INFO] ApiDb:201 - Load user favorites file C:\Users\ziade/.stm32cubemx/favorites.boards.txt: 0 item(s)
2024-11-02 13:09:57,659 [INFO] ApiDb:205 - User favorites Boards=[]
2024-11-02 13:09:57,659 [INFO] DbBoards:206 - Set 0 / 0 favorites Boards
2024-11-02 13:09:57,659 [ERROR] DbBoardsDocs:83 - No boards documents found !
2024-11-02 13:09:57,659 [INFO] ApiDb:226 - Save user favorites file C:\Users\ziade/.stm32cubemx/favorites.boards.txt: 0 item(s)
2024-11-02 13:09:57,659 [INFO] ApiDb:230 - User favorites Boards=[]
2024-11-02 13:09:57,669 [INFO] DbBoardsPdsc:94 - Found 23 items
2024-11-02 13:09:57,669 [INFO] DbBoardsPdsc:94 - Found 9 items
2024-11-02 13:09:57,669 [INFO] DbBoardsPdsc:94 - Found 29 items
2024-11-02 13:09:57,669 [INFO] DbBoardsPdsc:94 - Found 1 items
2024-11-02 13:09:57,669 [INFO] DbBoardsPdsc:94 - Found 44 items
2024-11-02 13:09:57,679 [INFO] DbBoardsPdsc:94 - Found 40 items
2024-11-02 13:09:57,679 [INFO] DbBoardsPdsc:94 - Found 2 items
2024-11-02 13:09:57,679 [INFO] DbBoardsPdsc:94 - Found 4 items
2024-11-02 13:09:57,679 [WARN] DbBoardsPdsc:258 - Board STM32H7B3I-DK: unknown feature type=Audio, name=, username=Audio stereo codec with Headphone Amp (CS42L51-CNZ), n=1
2024-11-02 13:09:57,679 [WARN] DbBoardsPdsc:258 - Board STM32H735G-DK: unknown feature type=Audio, name=, username=Audio stereo codec with Headphone Amp (WM8994ECS/R), n=1
2024-11-02 13:09:57,679 [WARN] DbBoardsPdsc:258 - Board STM32H7B3I-EVAL: unknown feature type=Audio, name=, username=Multi-Channel Audio Codec (CS42L51-CNZ), n=1
2024-11-02 13:09:57,679 [WARN] DbBoardsPdsc:258 - Board STM32H7B3I-EVAL: unknown feature type=Meter, name=, username=Power-metering and Temperature-monitoring with sigma-delta modulators, n=1
2024-11-02 13:09:57,679 [WARN] DbBoardsPdsc:258 - Board STM32H7B3I-EVAL: unknown feature type=Motor, name=, username=Motor Control, n=1
2024-11-02 13:09:57,709 [INFO] DbBoardsJson:85 - JSON generation date=Tue Nov 16 18:17:54 EET 2021 (1637079474)
2024-11-02 13:09:57,709 [INFO] DbBoards:117 - Found 166 boards (149 are supported by CubeMX)
2024-11-02 13:09:57,709 [INFO] DbBoardsDocs:145 - JSON generation date=Tue Nov 16 18:17:54 EET 2021 (1637079474)
2024-11-02 13:09:57,719 [INFO] DbBoardsDocs:81 - Found 209 boards documents
2024-11-02 13:09:57,719 [WARN] DbBoards:127 - board B-L475E-IOT01A2 has no document id list !
2024-11-02 13:09:57,719 [WARN] DbBoards:127 - board NUCLEO-H743ZI has no document id list !
2024-11-02 13:09:57,719 [WARN] DbBoards:127 - board P-NUCLEO-WB55-Nucleo has no document id list !
2024-11-02 13:09:57,719 [WARN] DbBoards:127 - board P-NUCLEO-WB55-USBDongle has no document id list !
2024-11-02 13:09:57,719 [WARN] DbBoards:127 - board STEVAL-BFA001V1B has no document id list !
2024-11-02 13:09:57,719 [WARN] DbBoards:127 - board STEVAL-BFA001V2B has no document id list !
2024-11-02 13:09:57,719 [WARN] DbBoards:127 - board STEVAL-IDP005V1 has no document id list !
2024-11-02 13:09:57,719 [WARN] DbBoards:127 - board STEVAL-IDP005V2 has no document id list !
2024-11-02 13:09:57,719 [WARN] DbBoards:127 - board STEVAL-MKSBOX1V1 has no document id list !
2024-11-02 13:09:57,719 [WARN] DbBoards:127 - board STEVAL-STWINKT1 has no document id list !
2024-11-02 13:09:57,719 [WARN] DbBoards:127 - board STEVAL-STWINKT1B has no document id list !
2024-11-02 13:09:57,719 [WARN] DbBoards:127 - board STM32439I-EVAL2 has no document id list !
2024-11-02 13:09:57,719 [WARN] DbBoards:127 - board STM32F401C-DISCO has no document id list !
2024-11-02 13:09:57,719 [WARN] DbBoards:127 - board STM32F769I-DISC1 has no document id list !
2024-11-02 13:09:57,719 [WARN] DbBoards:127 - board STM32G474E-EVAL1 has no document id list !
2024-11-02 13:09:57,719 [WARN] DbBoards:127 - board STM32H743I-EVAL2 has no document id list !
2024-11-02 13:09:57,719 [WARN] DbBoards:127 - board STM32H747I-DISC1 has no document id list !
2024-11-02 13:09:57,719 [WARN] DbBoards:127 - board STM32H753I-EVAL2 has no document id list !
2024-11-02 13:09:57,719 [WARN] DbBoards:127 - board STM32L-DISCOVERY has no document id list !
2024-11-02 13:09:57,739 [ERROR] DbBoards:189 - Image file not found for board B-L462E-CELL1: C:\ST\STM32CubeIDE_1.4.0\STM32CubeIDE\plugins\com.st.stm32cube.common.mx_6.0.0.202007160824\\db\/plugins/mcufinder/images/boards/B-L462E-CELL1_small.jpg
2024-11-02 13:09:57,759 [ERROR] DbBoards:189 - Image file not found for board B-U585I-IOT02A: C:\ST\STM32CubeIDE_1.4.0\STM32CubeIDE\plugins\com.st.stm32cube.common.mx_6.0.0.202007160824\\db\/plugins/mcufinder/images/boards/B-U585I-IOT02A_small.jpg
2024-11-02 13:09:57,799 [ERROR] DbBoards:189 - Image file not found for board NUCLEO-F413ZH: C:\ST\STM32CubeIDE_1.4.0\STM32CubeIDE\plugins\com.st.stm32cube.common.mx_6.0.0.202007160824\\db\/plugins/mcufinder/images/boards/nucleo-f413zh_small.jpg
2024-11-02 13:09:57,929 [ERROR] DbBoards:189 - Image file not found for board NUCLEO-L552ZE-Q: C:\ST\STM32CubeIDE_1.4.0\STM32CubeIDE\plugins\com.st.stm32cube.common.mx_6.0.0.202007160824\\db\/plugins/mcufinder/images/boards/nucleo_l552ze_q_small.jpg
2024-11-02 13:09:57,929 [ERROR] DbBoards:189 - Image file not found for board NUCLEO-U575ZI-Q: C:\ST\STM32CubeIDE_1.4.0\STM32CubeIDE\plugins\com.st.stm32cube.common.mx_6.0.0.202007160824\\db\/plugins/mcufinder/images/boards/nucleo-u575zi-q_small.jpg
2024-11-02 13:09:57,929 [ERROR] DbBoards:189 - Image file not found for board NUCLEO-WB15CC: C:\ST\STM32CubeIDE_1.4.0\STM32CubeIDE\plugins\com.st.stm32cube.common.mx_6.0.0.202007160824\\db\/plugins/mcufinder/images/boards/nucleo-wb15cc_small.jpg
2024-11-02 13:09:57,929 [ERROR] DbBoards:189 - Image file not found for board NUCLEO-WB55RG: C:\ST\STM32CubeIDE_1.4.0\STM32CubeIDE\plugins\com.st.stm32cube.common.mx_6.0.0.202007160824\\db\/plugins/mcufinder/images/boards/nucleo-wb55rg_small.jpg
2024-11-02 13:09:57,929 [ERROR] DbBoards:189 - Image file not found for board NUCLEO-WL55JC: C:\ST\STM32CubeIDE_1.4.0\STM32CubeIDE\plugins\com.st.stm32cube.common.mx_6.0.0.202007160824\\db\/plugins/mcufinder/images/boards/nucleo-wl55jc-small.jpg
2024-11-02 13:09:57,999 [ERROR] DbBoards:189 - Image file not found for board STEVAL-STWINKT1B: C:\ST\STM32CubeIDE_1.4.0\STM32CubeIDE\plugins\com.st.stm32cube.common.mx_6.0.0.202007160824\\db\/plugins/mcufinder/images/boards/steval-stwinkt1b_small.jpg
2024-11-02 13:09:58,179 [ERROR] DbBoards:189 - Image file not found for board STM32G0C1E-EV: C:\ST\STM32CubeIDE_1.4.0\STM32CubeIDE\plugins\com.st.stm32cube.common.mx_6.0.0.202007160824\\db\/plugins/mcufinder/images/boards/stm32g0c1e-eval_small.jpg
2024-11-02 13:09:58,239 [ERROR] DbBoards:189 - Image file not found for board STM32H7B3I-EVAL: C:\ST\STM32CubeIDE_1.4.0\STM32CubeIDE\plugins\com.st.stm32cube.common.mx_6.0.0.202007160824\\db\/plugins/mcufinder/images/boards/stm32h7b3ieval_small.jpg
2024-11-02 13:09:58,339 [ERROR] DbBoards:189 - Image file not found for board STM32U575I-EV: C:\ST\STM32CubeIDE_1.4.0\STM32CubeIDE\plugins\com.st.stm32cube.common.mx_6.0.0.202007160824\\db\/plugins/mcufinder/images/boards/stm32u575i-ev_small.jpg
2024-11-02 13:09:58,349 [ERROR] DbBoards:189 - Image file not found for board STM32WB5MM-DK: C:\ST\STM32CubeIDE_1.4.0\STM32CubeIDE\plugins\com.st.stm32cube.common.mx_6.0.0.202007160824\\db\/plugins/mcufinder/images/boards/STM32WB5MM-DK_small.jpg
2024-11-02 13:09:58,359 [INFO] ApiDb:201 - Load user favorites file C:\Users\ziade/.stm32cubemx/favorites.boards.txt: 0 item(s)
2024-11-02 13:09:58,359 [INFO] ApiDb:205 - User favorites Boards=[]
2024-11-02 13:09:58,359 [INFO] DbBoards:206 - Set 0 / 0 favorites Boards
2024-11-02 13:09:58,580 [INFO] McuFinderGlobals:40 - Set McuFinder mode to 2 (CubeIDE integrated)
2024-11-02 13:09:58,710 [INFO] CrossSelectorPresenter:1330 - Cross Selector saved comparison directory: C:\Users\ziade\.stmcufinder\plugins\mcufinder\mcu\cs_comparisons_mx
2024-11-02 13:09:58,721 [INFO] MultiScanPanel:193 - Auto-refresh data requested => check proxy status ongoing
2024-11-02 13:09:58,721 [INFO] FinderPluginLoader:87 - Searching for filters in installed packs
2024-11-02 13:09:59,043 [INFO] LoadUrlFilesThread:162 - End of LoadServerUrlFiles without Thread
2024-11-02 13:09:59,053 [INFO] DetailPanel:331 - Set advertising image to C:/Users/ziade/STM32Cube/Repository/\stm32cubemx-promo_image.jpg
2024-11-02 13:09:59,544 [INFO] ServerAccessManage:348 - Download File mcusDocs.json._tmp_
2024-11-02 13:09:59,857 [INFO] LoadUrlFilesThread:135 - End of LoadUrlFiles Thread
2024-11-02 13:09:59,968 [INFO] ServerAccessManage:348 - Download File mcusFeaturesAndDescription.json._tmp_
2024-11-02 13:10:00,190 [ERROR] WebUtils:615 - Updater is busy
2024-11-02 13:10:00,190 [ERROR] WebUtils:615 - Updater is busy
2024-11-02 13:10:00,190 [ERROR] WebUtils:615 - Updater is busy
2024-11-02 13:10:00,190 [ERROR] WebUtils:615 - Updater is busy
2024-11-02 13:10:00,190 [ERROR] WebUtils:615 - Updater is busy
2024-11-02 13:10:00,190 [ERROR] ServerAccessManage:517 - User Cancel Download : mcusFeaturesAndDescription.json._tmp_.
2024-11-02 13:10:00,190 [INFO] LoadUrlFilesThread:135 - End of LoadUrlFiles Thread
2024-11-02 13:10:00,211 [INFO] DbMcusDocs:145 - JSON generation date=Tue Nov 16 18:17:54 EET 2021 (1637079474)
2024-11-02 13:10:00,351 [INFO] DbMcusDocs:81 - Found 682 MCUs documents
2024-11-02 13:10:00,363 [INFO] ApiDb:226 - Save user favorites file C:\Users\ziade/.stm32cubeide/favorites.mcus.txt: 0 item(s)
2024-11-02 13:10:00,363 [INFO] ApiDb:230 - User favorites MCUs=[]
2024-11-02 13:10:00,363 [INFO] DbMcusXml:100 - Load MCU database from C:\ST\STM32CubeIDE_1.4.0\STM32CubeIDE\plugins\com.st.stm32cube.common.mx_6.0.0.202007160824\\db\/mcu/families.xml
2024-11-02 13:10:00,472 [ERROR] DbUtils:114 - File not found: C:\Users\ziade\.stmcufinder\plugins\mcufinder//mcu/mcusFeaturesAndDescription.json._tmp_
2024-11-02 13:10:00,472 [WARN] DbUtils:163 - success is not a boolean!
2024-11-02 13:10:00,472 [ERROR] DbFile:108 - Temporary file not found: C:\Users\ziade\.stmcufinder\plugins\mcufinder\mcu\mcusFeaturesAndDescription.json._tmp_
2024-11-02 13:10:00,472 [INFO] DbMcus:175 - Found 1761 MCUs (1722 are supported by CubeMX, 1722 are visible in CubeMX)
2024-11-02 13:10:00,472 [INFO] ApiDb:201 - Load user favorites file C:\Users\ziade/.stm32cubeide/favorites.mcus.txt: 0 item(s)
2024-11-02 13:10:00,472 [INFO] ApiDb:205 - User favorites MCUs=[]
2024-11-02 13:10:00,472 [INFO] DbMcus:187 - Set 0 / 0 favorites MCUs
2024-11-02 13:10:00,512 [INFO] McuFilterPanel:245 - Update 0 favorites MCUs
2024-11-02 13:10:00,682 [ERROR] DbUtils:114 - File not found: C:\Users\ziade\.stmcufinder\plugins\mcufinder//mcu/boardsDocs.json._tmp_
2024-11-02 13:10:00,682 [WARN] DbUtils:163 - success is not a boolean!
2024-11-02 13:10:00,682 [ERROR] DbBoardsDocs:83 - No boards documents found !
2024-11-02 13:10:00,682 [ERROR] DbFile:108 - Temporary file not found: C:\Users\ziade\.stmcufinder\plugins\mcufinder\mcu\boardsDocs.json._tmp_
2024-11-02 13:10:00,682 [INFO] DbBoardsDocs:145 - JSON generation date=Tue Nov 16 18:17:54 EET 2021 (1637079474)
2024-11-02 13:10:00,692 [INFO] DbBoardsDocs:81 - Found 209 boards documents
2024-11-02 13:10:00,692 [INFO] ApiDb:226 - Save user favorites file C:\Users\ziade/.stm32cubeide/favorites.boards.txt: 0 item(s)
2024-11-02 13:10:00,692 [INFO] ApiDb:230 - User favorites Boards=[]
2024-11-02 13:10:00,692 [INFO] DbBoardsPdsc:94 - Found 23 items
2024-11-02 13:10:00,692 [INFO] DbBoardsPdsc:94 - Found 9 items
2024-11-02 13:10:00,692 [INFO] DbBoardsPdsc:94 - Found 29 items
2024-11-02 13:10:00,702 [INFO] DbBoardsPdsc:94 - Found 1 items
2024-11-02 13:10:00,702 [INFO] DbBoardsPdsc:94 - Found 44 items
2024-11-02 13:10:00,702 [INFO] DbBoardsPdsc:94 - Found 40 items
2024-11-02 13:10:00,712 [INFO] DbBoardsPdsc:94 - Found 2 items
2024-11-02 13:10:00,712 [INFO] DbBoardsPdsc:94 - Found 4 items
2024-11-02 13:10:00,712 [WARN] DbBoardsPdsc:258 - Board STM32H7B3I-DK: unknown feature type=Audio, name=, username=Audio stereo codec with Headphone Amp (CS42L51-CNZ), n=1
2024-11-02 13:10:00,712 [WARN] DbBoardsPdsc:258 - Board STM32H735G-DK: unknown feature type=Audio, name=, username=Audio stereo codec with Headphone Amp (WM8994ECS/R), n=1
2024-11-02 13:10:00,712 [WARN] DbBoardsPdsc:258 - Board STM32H7B3I-EVAL: unknown feature type=Audio, name=, username=Multi-Channel Audio Codec (CS42L51-CNZ), n=1
2024-11-02 13:10:00,712 [WARN] DbBoardsPdsc:258 - Board STM32H7B3I-EVAL: unknown feature type=Meter, name=, username=Power-metering and Temperature-monitoring with sigma-delta modulators, n=1
2024-11-02 13:10:00,712 [WARN] DbBoardsPdsc:258 - Board STM32H7B3I-EVAL: unknown feature type=Motor, name=, username=Motor Control, n=1
2024-11-02 13:10:00,722 [ERROR] DbUtils:114 - File not found: C:\Users\ziade\.stmcufinder\plugins\mcufinder//mcu/boards.json._tmp_
2024-11-02 13:10:00,722 [WARN] DbUtils:163 - success is not a boolean!
2024-11-02 13:10:00,722 [ERROR] DbFile:108 - Temporary file not found: C:\Users\ziade\.stmcufinder\plugins\mcufinder\mcu\boards.json._tmp_
2024-11-02 13:10:00,722 [INFO] DbBoards:117 - Found 152 boards (149 are supported by CubeMX)
2024-11-02 13:10:00,722 [WARN] DbBoards:127 - board B-G474E-DPOW1 has no document id list !
2024-11-02 13:10:00,722 [WARN] DbBoards:127 - board B-L072Z-LRWAN1 has no document id list !
2024-11-02 13:10:00,722 [WARN] DbBoards:127 - board B-L462E-CELL1 has no document id list !
2024-11-02 13:10:00,722 [WARN] DbBoards:127 - board B-L475E-IOT01A1 has no document id list !
2024-11-02 13:10:00,722 [WARN] DbBoards:127 - board B-L475E-IOT01A2 has no document id list !
2024-11-02 13:10:00,722 [WARN] DbBoards:127 - board B-L4S5I-IOT01A has no document id list !
2024-11-02 13:10:00,722 [WARN] DbBoards:127 - board NUCLEO-F030R8 has no document id list !
2024-11-02 13:10:00,722 [WARN] DbBoards:127 - board NUCLEO-F031K6 has no document id list !
2024-11-02 13:10:00,722 [WARN] DbBoards:127 - board NUCLEO-F042K6 has no document id list !
2024-11-02 13:10:00,722 [WARN] DbBoards:127 - board NUCLEO-F070RB has no document id list !
2024-11-02 13:10:00,722 [WARN] DbBoards:127 - board NUCLEO-F072RB has no document id list !
2024-11-02 13:10:00,722 [WARN] DbBoards:127 - board NUCLEO-F091RC has no document id list !
2024-11-02 13:10:00,722 [WARN] DbBoards:127 - board NUCLEO-F103RB has no document id list !
2024-11-02 13:10:00,722 [WARN] DbBoards:127 - board NUCLEO-F207ZG has no document id list !
2024-11-02 13:10:00,722 [WARN] DbBoards:127 - board NUCLEO-F302R8 has no document id list !
2024-11-02 13:10:00,722 [WARN] DbBoards:127 - board NUCLEO-F303K8 has no document id list !
2024-11-02 13:10:00,722 [WARN] DbBoards:127 - board NUCLEO-F303RE has no document id list !
2024-11-02 13:10:00,722 [WARN] DbBoards:127 - board NUCLEO-F303ZE has no document id list !
2024-11-02 13:10:00,722 [WARN] DbBoards:127 - board NUCLEO-F334R8 has no document id list !
2024-11-02 13:10:00,722 [WARN] DbBoards:127 - board NUCLEO-F401RE has no document id list !
2024-11-02 13:10:00,722 [WARN] DbBoards:127 - board NUCLEO-F410RB has no document id list !
2024-11-02 13:10:00,722 [WARN] DbBoards:127 - board NUCLEO-F411RE has no document id list !
2024-11-02 13:10:00,722 [WARN] DbBoards:127 - board NUCLEO-F412ZG has no document id list !
2024-11-02 13:10:00,722 [WARN] DbBoards:127 - board NUCLEO-F413ZH has no document id list !
2024-11-02 13:10:00,722 [WARN] DbBoards:127 - board NUCLEO-F429ZI has no document id list !
2024-11-02 13:10:00,722 [WARN] DbBoards:127 - board NUCLEO-F439ZI has no document id list !
2024-11-02 13:10:00,722 [WARN] DbBoards:127 - board NUCLEO-F446RE has no document id list !
2024-11-02 13:10:00,722 [WARN] DbBoards:127 - board NUCLEO-F446ZE has no document id list !
2024-11-02 13:10:00,722 [WARN] DbBoards:127 - board NUCLEO-F722ZE has no document id list !
2024-11-02 13:10:00,722 [WARN] DbBoards:127 - board NUCLEO-F746ZG has no document id list !
2024-11-02 13:10:00,722 [WARN] DbBoards:127 - board NUCLEO-F767ZI has no document id list !
2024-11-02 13:10:00,722 [WARN] DbBoards:127 - board NUCLEO-G031K8 has no document id list !
2024-11-02 13:10:00,722 [WARN] DbBoards:127 - board NUCLEO-G070RB has no document id list !
2024-11-02 13:10:00,722 [WARN] DbBoards:127 - board NUCLEO-G071RB has no document id list !
2024-11-02 13:10:00,722 [WARN] DbBoards:127 - board NUCLEO-G431KB has no document id list !
2024-11-02 13:10:00,722 [WARN] DbBoards:127 - board NUCLEO-G431RB has no document id list !
2024-11-02 13:10:00,722 [WARN] DbBoards:127 - board NUCLEO-G474RE has no document id list !
2024-11-02 13:10:00,722 [WARN] DbBoards:127 - board NUCLEO-G491RE has no document id list !
2024-11-02 13:10:00,722 [WARN] DbBoards:127 - board NUCLEO-H723ZG has no document id list !
2024-11-02 13:10:00,722 [WARN] DbBoards:127 - board NUCLEO-H743ZI has no document id list !
2024-11-02 13:10:00,722 [WARN] DbBoards:127 - board NUCLEO-H743ZI2 has no document id list !
2024-11-02 13:10:00,722 [WARN] DbBoards:127 - board NUCLEO-H745ZI-Q has no document id list !
2024-11-02 13:10:00,722 [WARN] DbBoards:127 - board NUCLEO-H753ZI has no document id list !
2024-11-02 13:10:00,722 [WARN] DbBoards:127 - board NUCLEO-H755ZI-Q has no document id list !
2024-11-02 13:10:00,722 [WARN] DbBoards:127 - board NUCLEO-H7A3ZI-Q has no document id list !
2024-11-02 13:10:00,722 [WARN] DbBoards:127 - board NUCLEO-L010RB has no document id list !
2024-11-02 13:10:00,722 [WARN] DbBoards:127 - board NUCLEO-L011K4 has no document id list !
2024-11-02 13:10:00,722 [WARN] DbBoards:127 - board NUCLEO-L031K6 has no document id list !
2024-11-02 13:10:00,722 [WARN] DbBoards:127 - board NUCLEO-L053R8 has no document id list !
2024-11-02 13:10:00,722 [WARN] DbBoards:127 - board NUCLEO-L073RZ has no document id list !
2024-11-02 13:10:00,722 [WARN] DbBoards:127 - board NUCLEO-L152RE has no document id list !
2024-11-02 13:10:00,722 [WARN] DbBoards:127 - board NUCLEO-L412KB has no document id list !
2024-11-02 13:10:00,722 [WARN] DbBoards:127 - board NUCLEO-L412RB-P has no document id list !
2024-11-02 13:10:00,722 [WARN] DbBoards:127 - board NUCLEO-L432KC has no document id list !
2024-11-02 13:10:00,722 [WARN] DbBoards:127 - board NUCLEO-L433RC-P has no document id list !
2024-11-02 13:10:00,722 [WARN] DbBoards:127 - board NUCLEO-L452RE has no document id list !
2024-11-02 13:10:00,722 [WARN] DbBoards:127 - board NUCLEO-L452RE-P has no document id list !
2024-11-02 13:10:00,722 [WARN] DbBoards:127 - board NUCLEO-L476RG has no document id list !
2024-11-02 13:10:00,722 [WARN] DbBoards:127 - board NUCLEO-L496ZG has no document id list !
2024-11-02 13:10:00,722 [WARN] DbBoards:127 - board NUCLEO-L496ZG-P has no document id list !
2024-11-02 13:10:00,722 [WARN] DbBoards:127 - board NUCLEO-L4P5ZG has no document id list !
2024-11-02 13:10:00,722 [WARN] DbBoards:127 - board NUCLEO-L4R5ZI has no document id list !
2024-11-02 13:10:00,722 [WARN] DbBoards:127 - board NUCLEO-L4R5ZI-P has no document id list !
2024-11-02 13:10:00,722 [WARN] DbBoards:127 - board NUCLEO-L552ZE-Q has no document id list !
2024-11-02 13:10:00,722 [WARN] DbBoards:127 - board NUCLEO-WB55RG has no document id list !
2024-11-02 13:10:00,732 [WARN] DbBoards:127 - board P-NUCLEO-WB55 has no document id list !
2024-11-02 13:10:00,732 [WARN] DbBoards:127 - board P-NUCLEO-WB55-Nucleo has no document id list !
2024-11-02 13:10:00,732 [WARN] DbBoards:127 - board P-NUCLEO-WB55-USBDongle has no document id list !
2024-11-02 13:10:00,732 [WARN] DbBoards:127 - board STEVAL-BFA001V1B has no document id list !
2024-11-02 13:10:00,732 [WARN] DbBoards:127 - board STEVAL-BFA001V2B has no document id list !
2024-11-02 13:10:00,732 [WARN] DbBoards:127 - board STEVAL-IDP005V1 has no document id list !
2024-11-02 13:10:00,732 [WARN] DbBoards:127 - board STEVAL-IDP005V2 has no document id list !
2024-11-02 13:10:00,732 [WARN] DbBoards:127 - board STEVAL-MKSBOX1V1 has no document id list !
2024-11-02 13:10:00,732 [WARN] DbBoards:127 - board STEVAL-STWINKT1 has no document id list !
2024-11-02 13:10:00,732 [WARN] DbBoards:127 - board STM32072B-EVAL has no document id list !
2024-11-02 13:10:00,732 [WARN] DbBoards:127 - board STM32091C-EVAL has no document id list !
2024-11-02 13:10:00,732 [WARN] DbBoards:127 - board STM32100E-EVAL has no document id list !
2024-11-02 13:10:00,732 [WARN] DbBoards:127 - board STM3210C-EVAL has no document id list !
2024-11-02 13:10:00,732 [WARN] DbBoards:127 - board STM3210E-EVAL has no document id list !
2024-11-02 13:10:00,732 [WARN] DbBoards:127 - board STM3220G-EVAL has no document id list !
2024-11-02 13:10:00,732 [WARN] DbBoards:127 - board STM3221G-EVAL has no document id list !
2024-11-02 13:10:00,732 [WARN] DbBoards:127 - board STM32303C-EVAL has no document id list !
2024-11-02 13:10:00,732 [WARN] DbBoards:127 - board STM32303E-EVAL has no document id list !
2024-11-02 13:10:00,732 [WARN] DbBoards:127 - board STM32373C-EVAL has no document id list !
2024-11-02 13:10:00,732 [WARN] DbBoards:127 - board STM3240G-EVAL has no document id list !
2024-11-02 13:10:00,732 [WARN] DbBoards:127 - board STM3241G-EVAL has no document id list !
2024-11-02 13:10:00,732 [WARN] DbBoards:127 - board STM32429I-EVAL1 has no document id list !
2024-11-02 13:10:00,732 [WARN] DbBoards:127 - board STM32439I-EVAL2 has no document id list !
2024-11-02 13:10:00,732 [WARN] DbBoards:127 - board STM32446E-EVAL has no document id list !
2024-11-02 13:10:00,732 [WARN] DbBoards:127 - board STM32469I-EVAL has no document id list !
2024-11-02 13:10:00,732 [WARN] DbBoards:127 - board STM32479I-EVAL has no document id list !
2024-11-02 13:10:00,732 [WARN] DbBoards:127 - board STM32746G-EVAL2 has no document id list !
2024-11-02 13:10:00,732 [WARN] DbBoards:127 - board STM32756G-EVAL2 has no document id list !
2024-11-02 13:10:00,732 [WARN] DbBoards:127 - board STM32F0308-DISCO has no document id list !
2024-11-02 13:10:00,732 [WARN] DbBoards:127 - board STM32F072B-DISCO has no document id list !
2024-11-02 13:10:00,752 [WARN] DbBoards:127 - board STM32F0DISCOVERY has no document id list !
2024-11-02 13:10:00,752 [WARN] DbBoards:127 - board STM32F3348-DISCO has no document id list !
2024-11-02 13:10:00,752 [WARN] DbBoards:127 - board STM32F3DISCOVERY has no document id list !
2024-11-02 13:10:00,752 [WARN] DbBoards:127 - board STM32F401C-DISCO has no document id list !
2024-11-02 13:10:00,752 [WARN] DbBoards:127 - board STM32F407G-DISC1 has no document id list !
2024-11-02 13:10:00,752 [WARN] DbBoards:127 - board STM32F411E-DISCO has no document id list !
2024-11-02 13:10:00,752 [WARN] DbBoards:127 - board STM32F412G-DISCO has no document id list !
2024-11-02 13:10:00,752 [WARN] DbBoards:127 - board STM32F413H-DISCO has no document id list !
2024-11-02 13:10:00,752 [WARN] DbBoards:127 - board STM32F429I-DISC1 has no document id list !
2024-11-02 13:10:00,752 [WARN] DbBoards:127 - board STM32F469I-DISCO has no document id list !
2024-11-02 13:10:00,752 [WARN] DbBoards:127 - board STM32F723E-DISCO has no document id list !
2024-11-02 13:10:00,752 [WARN] DbBoards:127 - board STM32F7308-DK has no document id list !
2024-11-02 13:10:00,752 [WARN] DbBoards:127 - board STM32F746G-DISCO has no document id list !
2024-11-02 13:10:00,752 [WARN] DbBoards:127 - board STM32F7508-DK has no document id list !
2024-11-02 13:10:00,752 [WARN] DbBoards:127 - board STM32F769I-DISC1 has no document id list !
2024-11-02 13:10:00,752 [WARN] DbBoards:127 - board STM32F769I-DISCO has no document id list !
2024-11-02 13:10:00,752 [WARN] DbBoards:127 - board STM32F769I-EVAL has no document id list !
2024-11-02 13:10:00,752 [WARN] DbBoards:127 - board STM32F779I-EVAL has no document id list !
2024-11-02 13:10:00,752 [WARN] DbBoards:127 - board STM32G0316-DISCO has no document id list !
2024-11-02 13:10:00,752 [WARN] DbBoards:127 - board STM32G071B-DISCO has no document id list !
2024-11-02 13:10:00,752 [WARN] DbBoards:127 - board STM32G081B-EVAL has no document id list !
2024-11-02 13:10:00,752 [WARN] DbBoards:127 - board STM32G474E-EVAL has no document id list !
2024-11-02 13:10:00,752 [WARN] DbBoards:127 - board STM32G474E-EVAL1 has no document id list !
2024-11-02 13:10:00,752 [WARN] DbBoards:127 - board STM32G484E-EVAL has no document id list !
2024-11-02 13:10:00,752 [WARN] DbBoards:127 - board STM32H735G-DK has no document id list !
2024-11-02 13:10:00,752 [WARN] DbBoards:127 - board STM32H743I-EVAL has no document id list !
2024-11-02 13:10:00,752 [WARN] DbBoards:127 - board STM32H743I-EVAL2 has no document id list !
2024-11-02 13:10:00,752 [WARN] DbBoards:127 - board STM32H745I-DISCO has no document id list !
2024-11-02 13:10:00,752 [WARN] DbBoards:127 - board STM32H747I-DISC1 has no document id list !
2024-11-02 13:10:00,752 [WARN] DbBoards:127 - board STM32H747I-DISCO has no document id list !
2024-11-02 13:10:00,752 [WARN] DbBoards:127 - board STM32H747I-EVAL has no document id list !
2024-11-02 13:10:00,752 [WARN] DbBoards:127 - board STM32H750B-DK has no document id list !
2024-11-02 13:10:00,752 [WARN] DbBoards:127 - board STM32H753I-EVAL has no document id list !
2024-11-02 13:10:00,752 [WARN] DbBoards:127 - board STM32H753I-EVAL2 has no document id list !
2024-11-02 13:10:00,752 [WARN] DbBoards:127 - board STM32H757I-EVAL has no document id list !
2024-11-02 13:10:00,752 [WARN] DbBoards:127 - board STM32H7B3I-DK has no document id list !
2024-11-02 13:10:00,752 [WARN] DbBoards:127 - board STM32H7B3I-EVAL has no document id list !
2024-11-02 13:10:00,752 [WARN] DbBoards:127 - board STM32L-DISCOVERY has no document id list !
2024-11-02 13:10:00,752 [WARN] DbBoards:127 - board STM32L0538-DISCO has no document id list !
2024-11-02 13:10:00,752 [WARN] DbBoards:127 - board STM32L073Z-EVAL has no document id list !
2024-11-02 13:10:00,752 [WARN] DbBoards:127 - board STM32L100C-DISCO has no document id list !
2024-11-02 13:10:00,752 [WARN] DbBoards:127 - board STM32L152C-DISCO has no document id list !
2024-11-02 13:10:00,762 [WARN] DbBoards:127 - board STM32L152D-EVAL has no document id list !
2024-11-02 13:10:00,762 [WARN] DbBoards:127 - board STM32L476G-DISCO has no document id list !
2024-11-02 13:10:00,762 [WARN] DbBoards:127 - board STM32L476G-EVAL has no document id list !
2024-11-02 13:10:00,762 [WARN] DbBoards:127 - board STM32L496G-DISCO has no document id list !
2024-11-02 13:10:00,762 [WARN] DbBoards:127 - board STM32L4P5G-DK has no document id list !
2024-11-02 13:10:00,762 [WARN] DbBoards:127 - board STM32L4R9I-DISCO has no document id list !
2024-11-02 13:10:00,762 [WARN] DbBoards:127 - board STM32L4R9I-EVAL has no document id list !
2024-11-02 13:10:00,762 [WARN] DbBoards:127 - board STM32L552E-EV has no document id list !
2024-11-02 13:10:00,762 [WARN] DbBoards:127 - board STM32L562E-DK has no document id list !
2024-11-02 13:10:00,762 [WARN] DbBoards:127 - board STM32MP157A-DK1 has no document id list !
2024-11-02 13:10:00,762 [WARN] DbBoards:127 - board STM32MP157A-EV1 has no document id list !
2024-11-02 13:10:00,762 [WARN] DbBoards:127 - board STM32MP157C-DK2 has no document id list !
2024-11-02 13:10:00,762 [WARN] DbBoards:127 - board STM32MP157C-EV1 has no document id list !
2024-11-02 13:10:00,762 [WARN] DbBoards:127 - board STM32MP157F-EV1 has no document id list !
2024-11-02 13:10:00,762 [WARN] DbBoards:127 - board STM32VLDISCOVERY has no document id list !
2024-11-02 13:10:00,782 [ERROR] DbBoards:192 - No image file URL for board B-L462E-CELL1
2024-11-02 13:10:01,353 [INFO] ApiDb:201 - Load user favorites file C:\Users\ziade/.stm32cubeide/favorites.boards.txt: 0 item(s)
2024-11-02 13:10:01,353 [INFO] ApiDb:205 - User favorites Boards=[]
2024-11-02 13:10:01,353 [INFO] DbBoards:206 - Set 0 / 0 favorites Boards
2024-11-02 13:10:01,433 [ERROR] MultiScanPanel:793 - Unable to refresh data
2024-11-02 13:10:01,433 [INFO] McuFilterPanel:245 - Update 0 favorites MCUs
2024-11-02 13:20:08,551 [INFO] LogOutputStream:76 - [STDOUT_REDIRECT] withoutVersionV1.8.4
2024-11-02 13:20:08,551 [INFO] LogOutputStream:76 - [STDOUT_REDIRECT] withoutVersionV1.8.3
2024-11-02 13:20:08,551 [INFO] LogOutputStream:76 - [STDOUT_REDIRECT] withoutVersionV1.8.2
2024-11-02 13:20:08,551 [INFO] LogOutputStream:76 - [STDOUT_REDIRECT] withoutVersionV1.8.1
2024-11-02 13:20:08,551 [INFO] LogOutputStream:76 - [STDOUT_REDIRECT] withoutVersionV1.8.0
2024-11-02 13:20:13,824 [INFO] ApiDb:226 - Save user favorites file C:\Users\ziade/.stm32cubeide/favorites.mcus.txt: 0 item(s)
2024-11-02 13:20:13,824 [INFO] ApiDb:230 - User favorites MCUs=[]
