2024-12-06 13:45:08,157 [INFO] Activator:178 - 


2024-12-06 13:45:08,160 [INFO] Activator:179 - !SESSION log4j initialized
2024-12-06 13:45:22,123 [INFO] ApplicationProperties:181 - Using Application install path: C:\ST\STM32CubeIDE_1.4.0\STM32CubeIDE\plugins\com.st.stm32cube.common.mx_6.0.0.202007160824
2024-12-06 13:45:22,135 [INFO] DbMcusXml:70 - Set database path to: C:\ST\STM32CubeIDE_1.4.0\STM32CubeIDE\plugins\com.st.stm32cube.common.mx_6.0.0.202007160824\\db\/mcu/
2024-12-06 13:45:22,153 [INFO] DbBoardsPdsc:56 - Set plugin database path to: C:\ST\STM32CubeIDE_1.4.0\STM32CubeIDE\plugins\com.st.stm32cube.common.mx_6.0.0.202007160824\\db\/plugins/boardmanager/
2024-12-06 13:45:22,154 [INFO] DbMcus:258 - Set plugin images path to: C:\ST\STM32CubeIDE_1.4.0\STM32CubeIDE\plugins\com.st.stm32cube.common.mx_6.0.0.202007160824\\db\/plugins/mcufinder/images/
2024-12-06 13:45:22,156 [INFO] DbBoards:264 - Set plugin images path to: C:\ST\STM32CubeIDE_1.4.0\STM32CubeIDE\plugins\com.st.stm32cube.common.mx_6.0.0.202007160824\\db\/plugins/mcufinder/images/
2024-12-06 13:45:22,160 [INFO] DbExamples:326 - Set plugin images path to: C:\ST\STM32CubeIDE_1.4.0\STM32CubeIDE\plugins\com.st.stm32cube.common.mx_6.0.0.202007160824\\db\/plugins/mcufinder/images/
2024-12-06 13:45:22,168 [INFO] DbMcusDocs:112 - Set database path to: C:\Users\ziade\.stmcufinder\plugins\mcufinder//mcu/
2024-12-06 13:45:22,171 [INFO] DbMcusJson:63 - Set database path to: C:\Users\ziade\.stmcufinder\plugins\mcufinder//mcu/
2024-12-06 13:45:22,172 [INFO] DbBoardsDocs:112 - Set database path to: C:\Users\ziade\.stmcufinder\plugins\mcufinder//mcu/
2024-12-06 13:45:22,173 [INFO] DbBoardsJson:56 - Set database path to: C:\Users\ziade\.stmcufinder\plugins\mcufinder//mcu/
2024-12-06 13:45:22,207 [INFO] CrossReferenceDbSqlite:196 - Set database path to: C:\Users\ziade\.stmcufinder\plugins\mcufinder//mcu/cs/
2024-12-06 13:45:22,210 [INFO] DbExamplesSqlite:800 - Set database path to: C:\Users\ziade\.stmcufinder\plugins\mcufinder//mcu/
2024-12-06 13:45:22,307 [INFO] RulesReader:52 - Compatibility file has been processed (209 Rules)
2024-12-06 13:45:22,389 [INFO] MicroXplorer:564 - Detected Java Version = 1.8.0_252
2024-12-06 13:45:22,389 [INFO] DbMcusXml:70 - Set database path to: C:\ST\STM32CubeIDE_1.4.0\STM32CubeIDE\plugins\com.st.stm32cube.common.mx_6.0.0.202007160824\\db\/mcu/
2024-12-06 13:45:22,389 [INFO] DbBoardsPdsc:56 - Set plugin database path to: C:\ST\STM32CubeIDE_1.4.0\STM32CubeIDE\plugins\com.st.stm32cube.common.mx_6.0.0.202007160824\\db\/plugins/boardmanager/
2024-12-06 13:45:22,390 [INFO] DbMcus:258 - Set plugin images path to: C:\ST\STM32CubeIDE_1.4.0\STM32CubeIDE\plugins\com.st.stm32cube.common.mx_6.0.0.202007160824\\db\/plugins/mcufinder/images/
2024-12-06 13:45:22,390 [INFO] DbBoards:264 - Set plugin images path to: C:\ST\STM32CubeIDE_1.4.0\STM32CubeIDE\plugins\com.st.stm32cube.common.mx_6.0.0.202007160824\\db\/plugins/mcufinder/images/
2024-12-06 13:45:22,390 [INFO] DbExamples:326 - Set plugin images path to: C:\ST\STM32CubeIDE_1.4.0\STM32CubeIDE\plugins\com.st.stm32cube.common.mx_6.0.0.202007160824\\db\/plugins/mcufinder/images/
2024-12-06 13:45:22,390 [WARN] DbFile:36 - Overriding database path with different value: C:\Users\ziade\.stmcufinder\plugins\mcufinder/ => C:\Users\ziade\.stmcufinder\plugins\mcufinder
2024-12-06 13:45:22,390 [INFO] DbMcusDocs:112 - Set database path to: C:\Users\ziade\.stmcufinder\plugins\mcufinder//mcu/
2024-12-06 13:45:22,390 [WARN] DbFile:36 - Overriding database path with different value: C:\Users\ziade\.stmcufinder\plugins\mcufinder/ => C:\Users\ziade\.stmcufinder\plugins\mcufinder
2024-12-06 13:45:22,391 [INFO] DbMcusJson:63 - Set database path to: C:\Users\ziade\.stmcufinder\plugins\mcufinder//mcu/
2024-12-06 13:45:22,391 [WARN] DbFile:36 - Overriding database path with different value: C:\Users\ziade\.stmcufinder\plugins\mcufinder/ => C:\Users\ziade\.stmcufinder\plugins\mcufinder
2024-12-06 13:45:22,391 [INFO] DbBoardsDocs:112 - Set database path to: C:\Users\ziade\.stmcufinder\plugins\mcufinder//mcu/
2024-12-06 13:45:22,391 [WARN] DbFile:36 - Overriding database path with different value: C:\Users\ziade\.stmcufinder\plugins\mcufinder/ => C:\Users\ziade\.stmcufinder\plugins\mcufinder
2024-12-06 13:45:22,391 [INFO] DbBoardsJson:56 - Set database path to: C:\Users\ziade\.stmcufinder\plugins\mcufinder//mcu/
2024-12-06 13:45:22,391 [WARN] DbFile:36 - Overriding database path with different value: C:\Users\ziade\.stmcufinder\plugins\mcufinder/ => C:\Users\ziade\.stmcufinder\plugins\mcufinder
2024-12-06 13:45:22,391 [WARN] DbFile:36 - Overriding database path with different value: C:\Users\ziade\.stmcufinder\plugins\mcufinder/ => C:\Users\ziade\.stmcufinder\plugins\mcufinder
2024-12-06 13:45:22,391 [INFO] CrossReferenceDbSqlite:196 - Set database path to: C:\Users\ziade\.stmcufinder\plugins\mcufinder//mcu/cs/
2024-12-06 13:45:22,391 [WARN] DbFile:36 - Overriding database path with different value: C:\Users\ziade\.stmcufinder\plugins\mcufinder/ => C:\Users\ziade\.stmcufinder\plugins\mcufinder
2024-12-06 13:45:22,392 [INFO] DbExamplesSqlite:800 - Set database path to: C:\Users\ziade\.stmcufinder\plugins\mcufinder//mcu/
2024-12-06 13:45:22,461 [INFO] MainPanel:189 - HeapMemory: 268435456
2024-12-06 13:45:22,547 [INFO] DbMcusXml:70 - Set database path to: C:\ST\STM32CubeIDE_1.4.0\STM32CubeIDE\plugins\com.st.stm32cube.common.mx_6.0.0.202007160824\\db\/mcu/
2024-12-06 13:45:22,547 [INFO] DbBoardsPdsc:56 - Set plugin database path to: C:\ST\STM32CubeIDE_1.4.0\STM32CubeIDE\plugins\com.st.stm32cube.common.mx_6.0.0.202007160824\\db\/plugins/boardmanager/
2024-12-06 13:45:22,549 [INFO] DbMcus:258 - Set plugin images path to: C:\ST\STM32CubeIDE_1.4.0\STM32CubeIDE\plugins\com.st.stm32cube.common.mx_6.0.0.202007160824\\db\/plugins/mcufinder/images/
2024-12-06 13:45:22,549 [INFO] DbBoards:264 - Set plugin images path to: C:\ST\STM32CubeIDE_1.4.0\STM32CubeIDE\plugins\com.st.stm32cube.common.mx_6.0.0.202007160824\\db\/plugins/mcufinder/images/
2024-12-06 13:45:22,549 [INFO] DbExamples:326 - Set plugin images path to: C:\ST\STM32CubeIDE_1.4.0\STM32CubeIDE\plugins\com.st.stm32cube.common.mx_6.0.0.202007160824\\db\/plugins/mcufinder/images/
2024-12-06 13:45:22,549 [WARN] DbFile:36 - Overriding database path with different value: C:\Users\ziade\.stmcufinder\plugins\mcufinder/ => C:\Users\ziade\.stmcufinder\plugins\mcufinder
2024-12-06 13:45:22,549 [INFO] DbMcusDocs:112 - Set database path to: C:\Users\ziade\.stmcufinder\plugins\mcufinder//mcu/
2024-12-06 13:45:22,550 [WARN] DbFile:36 - Overriding database path with different value: C:\Users\ziade\.stmcufinder\plugins\mcufinder/ => C:\Users\ziade\.stmcufinder\plugins\mcufinder
2024-12-06 13:45:22,550 [INFO] DbMcusJson:63 - Set database path to: C:\Users\ziade\.stmcufinder\plugins\mcufinder//mcu/
2024-12-06 13:45:22,550 [WARN] DbFile:36 - Overriding database path with different value: C:\Users\ziade\.stmcufinder\plugins\mcufinder/ => C:\Users\ziade\.stmcufinder\plugins\mcufinder
2024-12-06 13:45:22,550 [INFO] DbBoardsDocs:112 - Set database path to: C:\Users\ziade\.stmcufinder\plugins\mcufinder//mcu/
2024-12-06 13:45:22,550 [WARN] DbFile:36 - Overriding database path with different value: C:\Users\ziade\.stmcufinder\plugins\mcufinder/ => C:\Users\ziade\.stmcufinder\plugins\mcufinder
2024-12-06 13:45:22,550 [INFO] DbBoardsJson:56 - Set database path to: C:\Users\ziade\.stmcufinder\plugins\mcufinder//mcu/
2024-12-06 13:45:22,550 [WARN] DbFile:36 - Overriding database path with different value: C:\Users\ziade\.stmcufinder\plugins\mcufinder/ => C:\Users\ziade\.stmcufinder\plugins\mcufinder
2024-12-06 13:45:22,550 [WARN] DbFile:36 - Overriding database path with different value: C:\Users\ziade\.stmcufinder\plugins\mcufinder/ => C:\Users\ziade\.stmcufinder\plugins\mcufinder
2024-12-06 13:45:22,550 [INFO] CrossReferenceDbSqlite:196 - Set database path to: C:\Users\ziade\.stmcufinder\plugins\mcufinder//mcu/cs/
2024-12-06 13:45:22,550 [WARN] DbFile:36 - Overriding database path with different value: C:\Users\ziade\.stmcufinder\plugins\mcufinder/ => C:\Users\ziade\.stmcufinder\plugins\mcufinder
2024-12-06 13:45:22,551 [INFO] DbExamplesSqlite:800 - Set database path to: C:\Users\ziade\.stmcufinder\plugins\mcufinder//mcu/
2024-12-06 13:45:22,571 [INFO] ApplicationProperties:181 - Using Application install path: C:\ST\STM32CubeIDE_1.4.0\STM32CubeIDE\plugins\com.st.stm32cube.common.mx_6.0.0.202007160824
2024-12-06 13:45:22,572 [INFO] PluginManage:178 - Search for loadable plugins [exclusion list=, ]
2024-12-06 13:45:22,574 [INFO] PluginManage:292 - Check plugin analytics
2024-12-06 13:45:27,672 [INFO] AnalyticsPlugin:203 - Accepted Software Licenses: 
2024-12-06 13:45:27,673 [INFO] AnalyticsPlugin:205 - Accepted CMSIS Pack Licenses: 
2024-12-06 13:45:27,673 [INFO] AnalyticsPlugin:207 - Accepted Firmware Licenses: 
2024-12-06 13:45:27,674 [INFO] PluginManage:342 - Loaded plugin analytics (category:tool,tabindex:-1)
2024-12-06 13:45:27,674 [INFO] PluginManage:292 - Check plugin clock
2024-12-06 13:45:27,700 [INFO] PluginManage:342 - Loaded plugin clock (category:base,tabindex:2)
2024-12-06 13:45:27,700 [INFO] PluginManage:292 - Check plugin ddr
2024-12-06 13:45:27,703 [INFO] PluginManage:342 - Loaded plugin ddr (category:tool,tabindex:6)
2024-12-06 13:45:27,703 [INFO] PluginManage:292 - Check plugin filemanager
2024-12-06 13:45:27,929 [INFO] PluginManage:342 - Loaded plugin filemanager (category:base,tabindex:10)
2024-12-06 13:45:27,929 [INFO] PluginManage:292 - Check plugin ipmanager
2024-12-06 13:45:27,939 [INFO] PluginManage:342 - Loaded plugin ipmanager (category:base,tabindex:5)
2024-12-06 13:45:27,939 [INFO] PluginManage:292 - Check plugin pinoutandconfiguration
2024-12-06 13:45:27,964 [INFO] PluginManage:342 - Loaded plugin pinoutandconfiguration (category:base,tabindex:1)
2024-12-06 13:45:27,965 [INFO] PluginManage:292 - Check plugin pinoutconfig
2024-12-06 13:45:28,012 [INFO] PluginManage:342 - Loaded plugin pinoutconfig (category:base,tabindex:0)
2024-12-06 13:45:28,013 [INFO] PluginManage:292 - Check plugin power
2024-12-06 13:45:28,046 [INFO] PluginManage:342 - Loaded plugin power (category:power,tabindex:4)
2024-12-06 13:45:28,046 [INFO] PluginManage:292 - Check plugin projectmanager
2024-12-06 13:45:28,072 [INFO] PluginManage:342 - Loaded plugin projectmanager (category:projectmanager,tabindex:3)
2024-12-06 13:45:28,072 [INFO] PluginManage:292 - Check plugin thirdparty
2024-12-06 13:45:28,281 [INFO] ThirdPartyDb:333 - Open Third Party DataBase File (C:/Users/ziade/.stm32cubemx/plugins/thirdparty/db/thirdparties_db.xml) : 52 ms. number of Sw pack : 63
2024-12-06 13:45:28,286 [INFO] PluginManage:342 - Loaded plugin thirdparty (category:base,tabindex:-1)
2024-12-06 13:45:28,286 [INFO] PluginManage:292 - Check plugin tools
2024-12-06 13:45:28,372 [INFO] PluginManage:342 - Loaded plugin tools (category:base,tabindex:7)
2024-12-06 13:45:28,380 [INFO] PluginManage:292 - Check plugin tutovideos
2024-12-06 13:45:28,659 [INFO] PluginManage:342 - Loaded plugin tutovideos (category:base,tabindex:-1)
2024-12-06 13:45:28,659 [INFO] PluginManage:292 - Check plugin updater
2024-12-06 13:45:28,670 [INFO] PluginManage:342 - Loaded plugin updater (category:base,tabindex:12)
2024-12-06 13:45:28,671 [INFO] PluginManage:265 - PluginManage : Loaded plugins [13]
2024-12-06 13:45:28,858 [INFO] PinOutPanel:1418 - setPackage(No Configuration,No Configuration)
2024-12-06 13:45:28,964 [INFO] IPUIPlugin:64 - create IPUIPlugin
2024-12-06 13:45:28,964 [INFO] PluginManager:200 - loadIPPluginJar : add adc
2024-12-06 13:45:29,032 [INFO] IPUIPlugin:64 - create IPUIPlugin
2024-12-06 13:45:29,032 [INFO] PluginManager:200 - loadIPPluginJar : add aes
2024-12-06 13:45:29,105 [INFO] IPUIPlugin:64 - create IPUIPlugin
2024-12-06 13:45:29,106 [INFO] PluginManager:200 - loadIPPluginJar : add can
2024-12-06 13:45:29,156 [INFO] IPUIPlugin:64 - create IPUIPlugin
2024-12-06 13:45:29,156 [INFO] PluginManager:200 - loadIPPluginJar : add comp
2024-12-06 13:45:29,207 [INFO] IPUIPlugin:64 - create IPUIPlugin
2024-12-06 13:45:29,208 [INFO] PluginManager:200 - loadIPPluginJar : add cryp
2024-12-06 13:45:29,260 [INFO] IPUIPlugin:64 - create IPUIPlugin
2024-12-06 13:45:29,261 [INFO] PluginManager:200 - loadIPPluginJar : add dfsdm
2024-12-06 13:45:29,278 [INFO] IPUIPlugin:64 - create IPUIPlugin
2024-12-06 13:45:29,279 [INFO] PluginManager:200 - loadIPPluginJar : add dma
2024-12-06 13:45:29,320 [INFO] IPUIPlugin:64 - create IPUIPlugin
2024-12-06 13:45:29,321 [INFO] PluginManager:200 - loadIPPluginJar : add fatfs
2024-12-06 13:45:29,394 [INFO] IPUIPlugin:64 - create IPUIPlugin
2024-12-06 13:45:29,394 [INFO] PluginManager:200 - loadIPPluginJar : add fmc
2024-12-06 13:45:29,413 [INFO] IPUIPlugin:64 - create IPUIPlugin
2024-12-06 13:45:29,414 [INFO] PluginManager:200 - loadIPPluginJar : add freertos
2024-12-06 13:45:29,456 [INFO] IPUIPlugin:64 - create IPUIPlugin
2024-12-06 13:45:29,456 [INFO] PluginManager:200 - loadIPPluginJar : add genericplugin
2024-12-06 13:45:29,582 [INFO] IPUIPlugin:64 - create IPUIPlugin
2024-12-06 13:45:29,582 [INFO] PluginManager:200 - loadIPPluginJar : add gfxmmu
2024-12-06 13:45:29,755 [INFO] IPUIPlugin:64 - create IPUIPlugin
2024-12-06 13:45:29,755 [INFO] PluginManager:200 - loadIPPluginJar : add gic
2024-12-06 13:45:29,771 [INFO] IPUIPlugin:64 - create IPUIPlugin
2024-12-06 13:45:29,771 [INFO] PluginManager:200 - loadIPPluginJar : add gpio
2024-12-06 13:45:29,860 [INFO] IPUIPlugin:64 - create IPUIPlugin
2024-12-06 13:45:29,860 [INFO] PluginManager:200 - loadIPPluginJar : add gtzc
2024-12-06 13:45:29,913 [INFO] IPUIPlugin:64 - create IPUIPlugin
2024-12-06 13:45:29,913 [INFO] PluginManager:200 - loadIPPluginJar : add hash
2024-12-06 13:45:29,991 [INFO] IPUIPlugin:64 - create IPUIPlugin
2024-12-06 13:45:29,991 [INFO] PluginManager:200 - loadIPPluginJar : add i2c
2024-12-06 13:45:30,056 [INFO] IPUIPlugin:64 - create IPUIPlugin
2024-12-06 13:45:30,056 [INFO] PluginManager:200 - loadIPPluginJar : add i2s
2024-12-06 13:45:30,071 [INFO] IPUIPlugin:64 - create IPUIPlugin
2024-12-06 13:45:30,072 [INFO] PluginManager:200 - loadIPPluginJar : add ipddr
2024-12-06 13:45:30,131 [INFO] IPUIPlugin:64 - create IPUIPlugin
2024-12-06 13:45:30,132 [INFO] PluginManager:200 - loadIPPluginJar : add ltdc
2024-12-06 13:45:30,148 [INFO] IPUIPlugin:64 - create IPUIPlugin
2024-12-06 13:45:30,148 [INFO] PluginManager:200 - loadIPPluginJar : add mdma
2024-12-06 13:45:30,163 [INFO] IPUIPlugin:64 - create IPUIPlugin
2024-12-06 13:45:30,164 [INFO] PluginManager:200 - loadIPPluginJar : add nvic
2024-12-06 13:45:30,228 [INFO] IPUIPlugin:64 - create IPUIPlugin
2024-12-06 13:45:30,228 [INFO] PluginManager:200 - loadIPPluginJar : add opamp
2024-12-06 13:45:30,319 [INFO] IPUIPlugin:64 - create IPUIPlugin
2024-12-06 13:45:30,319 [INFO] PluginManager:200 - loadIPPluginJar : add openamp
2024-12-06 13:45:30,389 [INFO] IPUIPlugin:64 - create IPUIPlugin
2024-12-06 13:45:30,389 [INFO] PluginManager:200 - loadIPPluginJar : add pdm2pcm
2024-12-06 13:45:30,409 [INFO] IPUIPlugin:64 - create IPUIPlugin
2024-12-06 13:45:30,412 [INFO] PluginManager:200 - loadIPPluginJar : add plateformsettings
2024-12-06 13:45:30,458 [INFO] IPUIPlugin:64 - create IPUIPlugin
2024-12-06 13:45:30,458 [INFO] PluginManager:200 - loadIPPluginJar : add quadspi
2024-12-06 13:45:30,475 [INFO] IPUIPlugin:64 - create IPUIPlugin
2024-12-06 13:45:30,475 [INFO] PluginManager:200 - loadIPPluginJar : add resmgrutility
2024-12-06 13:45:30,552 [INFO] IPUIPlugin:64 - create IPUIPlugin
2024-12-06 13:45:30,552 [INFO] PluginManager:200 - loadIPPluginJar : add sai
2024-12-06 13:45:30,620 [INFO] IPUIPlugin:64 - create IPUIPlugin
2024-12-06 13:45:30,620 [INFO] PluginManager:200 - loadIPPluginJar : add spi
2024-12-06 13:45:30,700 [INFO] IPUIPlugin:64 - create IPUIPlugin
2024-12-06 13:45:30,701 [INFO] PluginManager:200 - loadIPPluginJar : add stm32_wpan
2024-12-06 13:45:30,752 [INFO] IPUIPlugin:64 - create IPUIPlugin
2024-12-06 13:45:30,752 [INFO] PluginManager:200 - loadIPPluginJar : add tim
2024-12-06 13:45:30,841 [INFO] IPUIPlugin:64 - create IPUIPlugin
2024-12-06 13:45:30,842 [INFO] PluginManager:200 - loadIPPluginJar : add touchsensing
2024-12-06 13:45:30,898 [INFO] IPUIPlugin:64 - create IPUIPlugin
2024-12-06 13:45:30,898 [INFO] PluginManager:200 - loadIPPluginJar : add tracer_emb
2024-12-06 13:45:30,944 [INFO] IPUIPlugin:64 - create IPUIPlugin
2024-12-06 13:45:30,944 [INFO] PluginManager:200 - loadIPPluginJar : add ts
2024-12-06 13:45:31,001 [INFO] IPUIPlugin:64 - create IPUIPlugin
2024-12-06 13:45:31,001 [INFO] PluginManager:200 - loadIPPluginJar : add tsc
2024-12-06 13:45:31,050 [INFO] IPUIPlugin:64 - create IPUIPlugin
2024-12-06 13:45:31,050 [INFO] PluginManager:200 - loadIPPluginJar : add ucpd
2024-12-06 13:45:31,118 [INFO] IPUIPlugin:64 - create IPUIPlugin
2024-12-06 13:45:31,118 [INFO] PluginManager:200 - loadIPPluginJar : add usart
2024-12-06 13:45:32,502 [INFO] CubeProgrammer:457 - [DDR PANEL] - PathOfProgrammer: null
2024-12-06 13:45:33,225 [FATAL] Updater:282 - Updater called before beeing initialized
2024-12-06 13:45:33,384 [FATAL] Updater:282 - Updater called before beeing initialized
2024-12-06 13:45:33,384 [WARN] ThirdParty:775 - waiting for thirdparty lock release [close project]
2024-12-06 13:45:33,384 [INFO] ThirdParty:777 - entering critical section [close project]
2024-12-06 13:45:33,386 [INFO] ThirdParty:790 - exiting critical section [close project]
2024-12-06 13:45:33,389 [INFO] PinOutPanel:1418 - setPackage(No Configuration,No Configuration)
2024-12-06 13:45:33,389 [FATAL] Updater:282 - Updater called before beeing initialized
2024-12-06 13:45:33,402 [ERROR] Updater:967 - MainUpdater not yet initialized. External WinMGr cannot be set.
2024-12-06 13:45:33,403 [INFO] CubeProgrammer:457 - [DDR PANEL] - PathOfProgrammer: C:\ST\STM32CubeIDE_1.4.0\STM32CubeIDE\plugins\com.st.stm32cube.ide.mcu.externaltools.cubeprogrammer.win32_1.4.0.202007081208\tools\bin
2024-12-06 13:45:33,408 [INFO] ProgrammerExecThread:148 - [ProgrammerAPI] CubeProgrammer command construction: C:\ST\STM32CubeIDE_1.4.0\STM32CubeIDE\plugins\com.st.stm32cube.ide.mcu.externaltools.cubeprogrammer.win32_1.4.0.202007081208\tools\bin\STM32_Programmer_CLI.exe -l
2024-12-06 13:45:33,709 [INFO] MainDdrPanel:49 - [DDR PANEL] SETTER - Set cubeProgrammerPath to: C:\ST\STM32CubeIDE_1.4.0\STM32CubeIDE\plugins\com.st.stm32cube.ide.mcu.externaltools.cubeprogrammer.win32_1.4.0.202007081208\tools\bin
2024-12-06 13:45:33,851 [INFO] Updater:904 - Updater Version found : 6.0.0
2024-12-06 13:45:33,873 [INFO] ApplicationProperties:181 - Using Application install path: C:\ST\STM32CubeIDE_1.4.0\STM32CubeIDE\plugins\com.st.stm32cube.common.mx_6.0.0.202007160824
2024-12-06 13:45:34,391 [INFO] MainUpdater:2268 - connection check result : 10
2024-12-06 13:45:34,391 [INFO] MainUpdater:2935 - Updater definition file requires update
2024-12-06 13:45:34,392 [INFO] MainUpdater:239 - Updater Check For Update Now.
2024-12-06 13:45:34,392 [INFO] MicroXplorer:414 - Change Database Version : DB.6.0.0
2024-12-06 13:45:34,923 [INFO] ServerAccessManage:348 - Download File updaters.zip
2024-12-06 13:45:35,202 [INFO] FileExtend:225 - Unzip File : updaters.zip
2024-12-06 13:45:35,202 [INFO] FileExtend:240 - Standard Zip Deflate
2024-12-06 13:45:36,797 [INFO] ServerAccessManage:348 - Download File PacksControlFlags.xml
2024-12-06 13:45:37,259 [INFO] ServerAccessManage:348 - Download File cubemx.pidx
2024-12-06 13:45:37,287 [WARN] IntegrityCheckThread:61 - waiting for thirdparty lock release [integrity check]
2024-12-06 13:45:37,287 [INFO] IntegrityCheckThread:63 - entering critical section [integrity check]
2024-12-06 13:45:37,287 [WARN] MainUpdater:1087 - Updater busy. Cannot search thirdparties
2024-12-06 13:45:38,357 [INFO] ServerAccessManage:348 - Download File STMicroelectronics.X-CUBE-BLEMGR.pdsc
2024-12-06 13:45:39,410 [ERROR] ServerAccessManage:947 - Problem, file not found on Server
2024-12-06 13:45:40,287 [WARN] MainUpdater:1087 - Updater busy. Cannot search thirdparties
2024-12-06 13:45:43,288 [WARN] MainUpdater:1087 - Updater busy. Cannot search thirdparties
2024-12-06 13:45:43,310 [WARN] PopulateThirdPartyThread:96 - Error when creating pack: C:/Users/ziade/.stm32cubemx/thirdparties/pdsc/STMicroelectronics.X-CUBE-BLEMGR.pdsc
2024-12-06 13:45:43,311 [INFO] PopulateThirdPartyThread:50 - Ending populate Thread
2024-12-06 13:45:43,311 [INFO] ThirdPartyDb:299 - Save Third Party DataBase File (C:/Users/ziade/.stm32cubemx/plugins/thirdparty/db/thirdparties_db.xml) [forced]
2024-12-06 13:45:43,359 [INFO] LoadServerUpdatesThread:309 - End of LoadServerUpdate Thread
2024-12-06 13:45:43,411 [INFO] CheckServerUpdateThread:102 - End of CheckServer Thread
2024-12-06 13:45:43,413 [INFO] MainUpdater:2268 - connection check result : 10
2024-12-06 13:45:43,869 [INFO] ServerAccessManage:348 - Download File mcusDocs.json._tmp_
2024-12-06 13:45:44,007 [INFO] LoadUrlFilesThread:135 - End of LoadUrlFiles Thread
2024-12-06 13:45:44,129 [INFO] ServerAccessManage:348 - Download File mcusFeaturesAndDescription.json._tmp_
2024-12-06 13:45:45,124 [ERROR] WebUtils:615 - Updater is busy
2024-12-06 13:45:45,124 [ERROR] WebUtils:615 - Updater is busy
2024-12-06 13:45:45,125 [ERROR] WebUtils:615 - Updater is busy
2024-12-06 13:45:45,126 [ERROR] ServerAccessManage:517 - User Cancel Download : mcusFeaturesAndDescription.json._tmp_.
2024-12-06 13:45:45,127 [INFO] LoadUrlFilesThread:135 - End of LoadUrlFiles Thread
2024-12-06 13:45:45,941 [ERROR] WebUtils:615 - Updater is busy
2024-12-06 13:45:45,953 [INFO] ServerAccessManage:348 - Download File crdb.zip
2024-12-06 13:45:45,956 [INFO] DbMcusDocs:145 - JSON generation date=Tue Nov 16 18:17:54 EET 2021 (1637079474)
2024-12-06 13:45:45,958 [INFO] DbMcusXml:100 - Load MCU database from C:\ST\STM32CubeIDE_1.4.0\STM32CubeIDE\plugins\com.st.stm32cube.common.mx_6.0.0.202007160824\\db\/mcu/families.xml
2024-12-06 13:45:46,034 [ERROR] ServerAccessManage:517 - User Cancel Download : crdb.zip.
2024-12-06 13:45:46,034 [INFO] LoadUrlFilesThread:135 - End of LoadUrlFiles Thread
2024-12-06 13:45:46,255 [ERROR] DbUtils:114 - File not found: C:\Users\ziade\.stmcufinder\plugins\mcufinder//mcu/mcusFeaturesAndDescription.json._tmp_
2024-12-06 13:45:46,255 [WARN] DbUtils:163 - success is not a boolean!
2024-12-06 13:45:46,255 [ERROR] DbFile:108 - Temporary file not found: C:\Users\ziade\.stmcufinder\plugins\mcufinder\mcu\mcusFeaturesAndDescription.json._tmp_
2024-12-06 13:45:46,259 [INFO] DbMcus:175 - Found 1761 MCUs (1722 are supported by CubeMX, 1722 are visible in CubeMX)
2024-12-06 13:45:46,260 [INFO] ApiDb:201 - Load user favorites file C:\Users\ziade/.stm32cubemx/favorites.mcus.txt: 0 item(s)
2024-12-06 13:45:46,260 [INFO] ApiDb:205 - User favorites MCUs=[]
2024-12-06 13:45:46,260 [INFO] DbMcus:187 - Set 0 / 0 favorites MCUs
2024-12-06 13:45:46,261 [ERROR] DbMcusDocs:83 - No MCUs documents found !
2024-12-06 13:45:46,266 [INFO] DbMcusDocs:145 - JSON generation date=Tue Nov 16 18:17:54 EET 2021 (1637079474)
2024-12-06 13:45:46,266 [ERROR] DbMcusDocs:83 - No MCUs documents found !
2024-12-06 13:45:46,267 [INFO] ApiDb:226 - Save user favorites file C:\Users\ziade/.stm32cubemx/favorites.mcus.txt: 0 item(s)
2024-12-06 13:45:46,267 [INFO] ApiDb:230 - User favorites MCUs=[]
2024-12-06 13:45:46,268 [INFO] DbMcusXml:100 - Load MCU database from C:\ST\STM32CubeIDE_1.4.0\STM32CubeIDE\plugins\com.st.stm32cube.common.mx_6.0.0.202007160824\\db\/mcu/families.xml
2024-12-06 13:45:46,687 [INFO] DbMcusJson:92 - JSON generation date=Tue Nov 16 18:17:54 EET 2021 (1637079474)
2024-12-06 13:45:47,400 [INFO] ThirdPartyDb:299 - Save Third Party DataBase File (C:/Users/ziade/.stm32cubemx/plugins/thirdparty/db/thirdparties_db.xml) [forced]
2024-12-06 13:45:47,431 [INFO] ThirdPartyDb:299 - Save Third Party DataBase File (C:/Users/ziade/.stm32cubemx/plugins/thirdparty/db/thirdparties_db.xml) [forced]
2024-12-06 13:45:47,525 [INFO] DbMcus:175 - Found 1761 MCUs (1722 are supported by CubeMX, 1911 are visible in CubeMX)
2024-12-06 13:45:47,526 [INFO] ApiDb:201 - Load user favorites file C:\Users\ziade/.stm32cubemx/favorites.mcus.txt: 0 item(s)
2024-12-06 13:45:47,526 [INFO] ApiDb:205 - User favorites MCUs=[]
2024-12-06 13:45:47,526 [INFO] DbMcus:187 - Set 0 / 0 favorites MCUs
2024-12-06 13:45:47,531 [ERROR] DbUtils:114 - File not found: C:\Users\ziade\.stmcufinder\plugins\mcufinder//mcu/boardsDocs.json._tmp_
2024-12-06 13:45:47,531 [WARN] DbUtils:163 - success is not a boolean!
2024-12-06 13:45:47,531 [ERROR] DbBoardsDocs:83 - No boards documents found !
2024-12-06 13:45:47,532 [ERROR] DbFile:108 - Temporary file not found: C:\Users\ziade\.stmcufinder\plugins\mcufinder\mcu\boardsDocs.json._tmp_
2024-12-06 13:45:47,553 [INFO] DbBoardsDocs:145 - JSON generation date=Tue Nov 16 18:17:54 EET 2021 (1637079474)
2024-12-06 13:45:47,558 [INFO] IntegrityCheckThread:76 - exiting critical section [integrity check]
2024-12-06 13:45:47,558 [INFO] IntegrityCheckThread:79 - End integrity checks thread
2024-12-06 13:45:47,575 [INFO] DbBoardsPdsc:94 - Found 23 items
2024-12-06 13:45:47,588 [INFO] DbBoardsPdsc:94 - Found 9 items
2024-12-06 13:45:47,601 [INFO] DbBoardsPdsc:94 - Found 29 items
2024-12-06 13:45:47,613 [INFO] DbBoardsPdsc:94 - Found 1 items
2024-12-06 13:45:47,629 [INFO] DbBoardsPdsc:94 - Found 44 items
2024-12-06 13:45:47,645 [INFO] DbBoardsPdsc:94 - Found 40 items
2024-12-06 13:45:47,658 [INFO] DbBoardsPdsc:94 - Found 2 items
2024-12-06 13:45:47,669 [INFO] DbBoardsPdsc:94 - Found 4 items
2024-12-06 13:45:47,675 [WARN] DbBoardsPdsc:258 - Board STM32H7B3I-DK: unknown feature type=Audio, name=, username=Audio stereo codec with Headphone Amp (CS42L51-CNZ), n=1
2024-12-06 13:45:47,676 [WARN] DbBoardsPdsc:258 - Board STM32H735G-DK: unknown feature type=Audio, name=, username=Audio stereo codec with Headphone Amp (WM8994ECS/R), n=1
2024-12-06 13:45:47,678 [WARN] DbBoardsPdsc:258 - Board STM32H7B3I-EVAL: unknown feature type=Audio, name=, username=Multi-Channel Audio Codec (CS42L51-CNZ), n=1
2024-12-06 13:45:47,678 [WARN] DbBoardsPdsc:258 - Board STM32H7B3I-EVAL: unknown feature type=Meter, name=, username=Power-metering and Temperature-monitoring with sigma-delta modulators, n=1
2024-12-06 13:45:47,678 [WARN] DbBoardsPdsc:258 - Board STM32H7B3I-EVAL: unknown feature type=Motor, name=, username=Motor Control, n=1
2024-12-06 13:45:47,680 [ERROR] DbUtils:114 - File not found: C:\Users\ziade\.stmcufinder\plugins\mcufinder//mcu/boards.json._tmp_
2024-12-06 13:45:47,680 [WARN] DbUtils:163 - success is not a boolean!
2024-12-06 13:45:47,680 [ERROR] DbFile:108 - Temporary file not found: C:\Users\ziade\.stmcufinder\plugins\mcufinder\mcu\boards.json._tmp_
2024-12-06 13:45:47,680 [INFO] DbBoards:117 - Found 152 boards (149 are supported by CubeMX)
2024-12-06 13:45:47,682 [INFO] DbBoardsDocs:145 - JSON generation date=Tue Nov 16 18:17:54 EET 2021 (1637079474)
2024-12-06 13:45:47,685 [ERROR] DbBoardsDocs:83 - No boards documents found !
2024-12-06 13:45:47,686 [INFO] DbBoardsDocs:145 - JSON generation date=Tue Nov 16 18:17:54 EET 2021 (1637079474)
2024-12-06 13:45:47,687 [ERROR] DbBoardsDocs:83 - No boards documents found !
2024-12-06 13:45:47,688 [WARN] DbBoards:127 - board B-G474E-DPOW1 has no document id list !
2024-12-06 13:45:47,688 [WARN] DbBoards:127 - board B-L072Z-LRWAN1 has no document id list !
2024-12-06 13:45:47,688 [WARN] DbBoards:127 - board B-L462E-CELL1 has no document id list !
2024-12-06 13:45:47,688 [WARN] DbBoards:127 - board B-L475E-IOT01A1 has no document id list !
2024-12-06 13:45:47,688 [WARN] DbBoards:127 - board B-L475E-IOT01A2 has no document id list !
2024-12-06 13:45:47,688 [WARN] DbBoards:127 - board B-L4S5I-IOT01A has no document id list !
2024-12-06 13:45:47,688 [WARN] DbBoards:127 - board NUCLEO-F030R8 has no document id list !
2024-12-06 13:45:47,688 [WARN] DbBoards:127 - board NUCLEO-F031K6 has no document id list !
2024-12-06 13:45:47,688 [WARN] DbBoards:127 - board NUCLEO-F042K6 has no document id list !
2024-12-06 13:45:47,688 [WARN] DbBoards:127 - board NUCLEO-F070RB has no document id list !
2024-12-06 13:45:47,688 [WARN] DbBoards:127 - board NUCLEO-F072RB has no document id list !
2024-12-06 13:45:47,688 [WARN] DbBoards:127 - board NUCLEO-F091RC has no document id list !
2024-12-06 13:45:47,688 [WARN] DbBoards:127 - board NUCLEO-F103RB has no document id list !
2024-12-06 13:45:47,688 [WARN] DbBoards:127 - board NUCLEO-F207ZG has no document id list !
2024-12-06 13:45:47,688 [WARN] DbBoards:127 - board NUCLEO-F302R8 has no document id list !
2024-12-06 13:45:47,688 [WARN] DbBoards:127 - board NUCLEO-F303K8 has no document id list !
2024-12-06 13:45:47,688 [WARN] DbBoards:127 - board NUCLEO-F303RE has no document id list !
2024-12-06 13:45:47,688 [WARN] DbBoards:127 - board NUCLEO-F303ZE has no document id list !
2024-12-06 13:45:47,688 [WARN] DbBoards:127 - board NUCLEO-F334R8 has no document id list !
2024-12-06 13:45:47,688 [WARN] DbBoards:127 - board NUCLEO-F401RE has no document id list !
2024-12-06 13:45:47,688 [WARN] DbBoards:127 - board NUCLEO-F410RB has no document id list !
2024-12-06 13:45:47,689 [WARN] DbBoards:127 - board NUCLEO-F411RE has no document id list !
2024-12-06 13:45:47,689 [WARN] DbBoards:127 - board NUCLEO-F412ZG has no document id list !
2024-12-06 13:45:47,689 [WARN] DbBoards:127 - board NUCLEO-F413ZH has no document id list !
2024-12-06 13:45:47,689 [WARN] DbBoards:127 - board NUCLEO-F429ZI has no document id list !
2024-12-06 13:45:47,689 [WARN] DbBoards:127 - board NUCLEO-F439ZI has no document id list !
2024-12-06 13:45:47,689 [WARN] DbBoards:127 - board NUCLEO-F446RE has no document id list !
2024-12-06 13:45:47,689 [WARN] DbBoards:127 - board NUCLEO-F446ZE has no document id list !
2024-12-06 13:45:47,689 [WARN] DbBoards:127 - board NUCLEO-F722ZE has no document id list !
2024-12-06 13:45:47,689 [WARN] DbBoards:127 - board NUCLEO-F746ZG has no document id list !
2024-12-06 13:45:47,689 [WARN] DbBoards:127 - board NUCLEO-F767ZI has no document id list !
2024-12-06 13:45:47,689 [WARN] DbBoards:127 - board NUCLEO-G031K8 has no document id list !
2024-12-06 13:45:47,689 [WARN] DbBoards:127 - board NUCLEO-G070RB has no document id list !
2024-12-06 13:45:47,689 [WARN] DbBoards:127 - board NUCLEO-G071RB has no document id list !
2024-12-06 13:45:47,689 [WARN] DbBoards:127 - board NUCLEO-G431KB has no document id list !
2024-12-06 13:45:47,689 [WARN] DbBoards:127 - board NUCLEO-G431RB has no document id list !
2024-12-06 13:45:47,689 [WARN] DbBoards:127 - board NUCLEO-G474RE has no document id list !
2024-12-06 13:45:47,689 [WARN] DbBoards:127 - board NUCLEO-G491RE has no document id list !
2024-12-06 13:45:47,689 [WARN] DbBoards:127 - board NUCLEO-H723ZG has no document id list !
2024-12-06 13:45:47,689 [WARN] DbBoards:127 - board NUCLEO-H743ZI has no document id list !
2024-12-06 13:45:47,689 [WARN] DbBoards:127 - board NUCLEO-H743ZI2 has no document id list !
2024-12-06 13:45:47,689 [WARN] DbBoards:127 - board NUCLEO-H745ZI-Q has no document id list !
2024-12-06 13:45:47,689 [WARN] DbBoards:127 - board NUCLEO-H753ZI has no document id list !
2024-12-06 13:45:47,689 [WARN] DbBoards:127 - board NUCLEO-H755ZI-Q has no document id list !
2024-12-06 13:45:47,689 [WARN] DbBoards:127 - board NUCLEO-H7A3ZI-Q has no document id list !
2024-12-06 13:45:47,689 [WARN] DbBoards:127 - board NUCLEO-L010RB has no document id list !
2024-12-06 13:45:47,689 [WARN] DbBoards:127 - board NUCLEO-L011K4 has no document id list !
2024-12-06 13:45:47,689 [WARN] DbBoards:127 - board NUCLEO-L031K6 has no document id list !
2024-12-06 13:45:47,690 [WARN] DbBoards:127 - board NUCLEO-L053R8 has no document id list !
2024-12-06 13:45:47,690 [WARN] DbBoards:127 - board NUCLEO-L073RZ has no document id list !
2024-12-06 13:45:47,690 [WARN] DbBoards:127 - board NUCLEO-L152RE has no document id list !
2024-12-06 13:45:47,690 [WARN] DbBoards:127 - board NUCLEO-L412KB has no document id list !
2024-12-06 13:45:47,690 [WARN] DbBoards:127 - board NUCLEO-L412RB-P has no document id list !
2024-12-06 13:45:47,690 [WARN] DbBoards:127 - board NUCLEO-L432KC has no document id list !
2024-12-06 13:45:47,690 [WARN] DbBoards:127 - board NUCLEO-L433RC-P has no document id list !
2024-12-06 13:45:47,690 [WARN] DbBoards:127 - board NUCLEO-L452RE has no document id list !
2024-12-06 13:45:47,690 [WARN] DbBoards:127 - board NUCLEO-L452RE-P has no document id list !
2024-12-06 13:45:47,690 [WARN] DbBoards:127 - board NUCLEO-L476RG has no document id list !
2024-12-06 13:45:47,690 [WARN] DbBoards:127 - board NUCLEO-L496ZG has no document id list !
2024-12-06 13:45:47,690 [WARN] DbBoards:127 - board NUCLEO-L496ZG-P has no document id list !
2024-12-06 13:45:47,690 [WARN] DbBoards:127 - board NUCLEO-L4P5ZG has no document id list !
2024-12-06 13:45:47,690 [WARN] DbBoards:127 - board NUCLEO-L4R5ZI has no document id list !
2024-12-06 13:45:47,690 [WARN] DbBoards:127 - board NUCLEO-L4R5ZI-P has no document id list !
2024-12-06 13:45:47,690 [WARN] DbBoards:127 - board NUCLEO-L552ZE-Q has no document id list !
2024-12-06 13:45:47,690 [WARN] DbBoards:127 - board NUCLEO-WB55RG has no document id list !
2024-12-06 13:45:47,690 [WARN] DbBoards:127 - board P-NUCLEO-WB55 has no document id list !
2024-12-06 13:45:47,690 [WARN] DbBoards:127 - board P-NUCLEO-WB55-Nucleo has no document id list !
2024-12-06 13:45:47,690 [WARN] DbBoards:127 - board P-NUCLEO-WB55-USBDongle has no document id list !
2024-12-06 13:45:47,691 [WARN] DbBoards:127 - board STEVAL-BFA001V1B has no document id list !
2024-12-06 13:45:47,691 [WARN] DbBoards:127 - board STEVAL-BFA001V2B has no document id list !
2024-12-06 13:45:47,691 [WARN] DbBoards:127 - board STEVAL-IDP005V1 has no document id list !
2024-12-06 13:45:47,691 [WARN] DbBoards:127 - board STEVAL-IDP005V2 has no document id list !
2024-12-06 13:45:47,691 [WARN] DbBoards:127 - board STEVAL-MKSBOX1V1 has no document id list !
2024-12-06 13:45:47,691 [WARN] DbBoards:127 - board STEVAL-STWINKT1 has no document id list !
2024-12-06 13:45:47,691 [WARN] DbBoards:127 - board STM32072B-EVAL has no document id list !
2024-12-06 13:45:47,691 [WARN] DbBoards:127 - board STM32091C-EVAL has no document id list !
2024-12-06 13:45:47,691 [WARN] DbBoards:127 - board STM32100E-EVAL has no document id list !
2024-12-06 13:45:47,691 [WARN] DbBoards:127 - board STM3210C-EVAL has no document id list !
2024-12-06 13:45:47,691 [WARN] DbBoards:127 - board STM3210E-EVAL has no document id list !
2024-12-06 13:45:47,691 [WARN] DbBoards:127 - board STM3220G-EVAL has no document id list !
2024-12-06 13:45:47,691 [WARN] DbBoards:127 - board STM3221G-EVAL has no document id list !
2024-12-06 13:45:47,691 [WARN] DbBoards:127 - board STM32303C-EVAL has no document id list !
2024-12-06 13:45:47,691 [WARN] DbBoards:127 - board STM32303E-EVAL has no document id list !
2024-12-06 13:45:47,691 [WARN] DbBoards:127 - board STM32373C-EVAL has no document id list !
2024-12-06 13:45:47,691 [WARN] DbBoards:127 - board STM3240G-EVAL has no document id list !
2024-12-06 13:45:47,691 [WARN] DbBoards:127 - board STM3241G-EVAL has no document id list !
2024-12-06 13:45:47,691 [WARN] DbBoards:127 - board STM32429I-EVAL1 has no document id list !
2024-12-06 13:45:47,691 [WARN] DbBoards:127 - board STM32439I-EVAL2 has no document id list !
2024-12-06 13:45:47,691 [WARN] DbBoards:127 - board STM32446E-EVAL has no document id list !
2024-12-06 13:45:47,692 [WARN] DbBoards:127 - board STM32469I-EVAL has no document id list !
2024-12-06 13:45:47,692 [WARN] DbBoards:127 - board STM32479I-EVAL has no document id list !
2024-12-06 13:45:47,692 [WARN] DbBoards:127 - board STM32746G-EVAL2 has no document id list !
2024-12-06 13:45:47,692 [WARN] DbBoards:127 - board STM32756G-EVAL2 has no document id list !
2024-12-06 13:45:47,692 [WARN] DbBoards:127 - board STM32F0308-DISCO has no document id list !
2024-12-06 13:45:47,692 [WARN] DbBoards:127 - board STM32F072B-DISCO has no document id list !
2024-12-06 13:45:47,692 [WARN] DbBoards:127 - board STM32F0DISCOVERY has no document id list !
2024-12-06 13:45:47,692 [WARN] DbBoards:127 - board STM32F3348-DISCO has no document id list !
2024-12-06 13:45:47,692 [WARN] DbBoards:127 - board STM32F3DISCOVERY has no document id list !
2024-12-06 13:45:47,692 [WARN] DbBoards:127 - board STM32F401C-DISCO has no document id list !
2024-12-06 13:45:47,692 [WARN] DbBoards:127 - board STM32F407G-DISC1 has no document id list !
2024-12-06 13:45:47,692 [WARN] DbBoards:127 - board STM32F411E-DISCO has no document id list !
2024-12-06 13:45:47,692 [WARN] DbBoards:127 - board STM32F412G-DISCO has no document id list !
2024-12-06 13:45:47,692 [WARN] DbBoards:127 - board STM32F413H-DISCO has no document id list !
2024-12-06 13:45:47,692 [WARN] DbBoards:127 - board STM32F429I-DISC1 has no document id list !
2024-12-06 13:45:47,692 [WARN] DbBoards:127 - board STM32F469I-DISCO has no document id list !
2024-12-06 13:45:47,692 [WARN] DbBoards:127 - board STM32F723E-DISCO has no document id list !
2024-12-06 13:45:47,692 [WARN] DbBoards:127 - board STM32F7308-DK has no document id list !
2024-12-06 13:45:47,692 [WARN] DbBoards:127 - board STM32F746G-DISCO has no document id list !
2024-12-06 13:45:47,692 [WARN] DbBoards:127 - board STM32F7508-DK has no document id list !
2024-12-06 13:45:47,692 [WARN] DbBoards:127 - board STM32F769I-DISC1 has no document id list !
2024-12-06 13:45:47,693 [WARN] DbBoards:127 - board STM32F769I-DISCO has no document id list !
2024-12-06 13:45:47,693 [WARN] DbBoards:127 - board STM32F769I-EVAL has no document id list !
2024-12-06 13:45:47,693 [WARN] DbBoards:127 - board STM32F779I-EVAL has no document id list !
2024-12-06 13:45:47,693 [WARN] DbBoards:127 - board STM32G0316-DISCO has no document id list !
2024-12-06 13:45:47,693 [WARN] DbBoards:127 - board STM32G071B-DISCO has no document id list !
2024-12-06 13:45:47,693 [WARN] DbBoards:127 - board STM32G081B-EVAL has no document id list !
2024-12-06 13:45:47,693 [WARN] DbBoards:127 - board STM32G474E-EVAL has no document id list !
2024-12-06 13:45:47,693 [WARN] DbBoards:127 - board STM32G474E-EVAL1 has no document id list !
2024-12-06 13:45:47,693 [WARN] DbBoards:127 - board STM32G484E-EVAL has no document id list !
2024-12-06 13:45:47,693 [WARN] DbBoards:127 - board STM32H735G-DK has no document id list !
2024-12-06 13:45:47,693 [WARN] DbBoards:127 - board STM32H743I-EVAL has no document id list !
2024-12-06 13:45:47,693 [WARN] DbBoards:127 - board STM32H743I-EVAL2 has no document id list !
2024-12-06 13:45:47,693 [WARN] DbBoards:127 - board STM32H745I-DISCO has no document id list !
2024-12-06 13:45:47,693 [WARN] DbBoards:127 - board STM32H747I-DISC1 has no document id list !
2024-12-06 13:45:47,693 [WARN] DbBoards:127 - board STM32H747I-DISCO has no document id list !
2024-12-06 13:45:47,693 [WARN] DbBoards:127 - board STM32H747I-EVAL has no document id list !
2024-12-06 13:45:47,693 [WARN] DbBoards:127 - board STM32H750B-DK has no document id list !
2024-12-06 13:45:47,693 [WARN] DbBoards:127 - board STM32H753I-EVAL has no document id list !
2024-12-06 13:45:47,693 [WARN] DbBoards:127 - board STM32H753I-EVAL2 has no document id list !
2024-12-06 13:45:47,694 [WARN] DbBoards:127 - board STM32H757I-EVAL has no document id list !
2024-12-06 13:45:47,694 [WARN] DbBoards:127 - board STM32H7B3I-DK has no document id list !
2024-12-06 13:45:47,694 [WARN] DbBoards:127 - board STM32H7B3I-EVAL has no document id list !
2024-12-06 13:45:47,694 [WARN] DbBoards:127 - board STM32L-DISCOVERY has no document id list !
2024-12-06 13:45:47,694 [WARN] DbBoards:127 - board STM32L0538-DISCO has no document id list !
2024-12-06 13:45:47,694 [WARN] DbBoards:127 - board STM32L073Z-EVAL has no document id list !
2024-12-06 13:45:47,694 [WARN] DbBoards:127 - board STM32L100C-DISCO has no document id list !
2024-12-06 13:45:47,694 [WARN] DbBoards:127 - board STM32L152C-DISCO has no document id list !
2024-12-06 13:45:47,694 [WARN] DbBoards:127 - board STM32L152D-EVAL has no document id list !
2024-12-06 13:45:47,694 [WARN] DbBoards:127 - board STM32L476G-DISCO has no document id list !
2024-12-06 13:45:47,694 [WARN] DbBoards:127 - board STM32L476G-EVAL has no document id list !
2024-12-06 13:45:47,694 [WARN] DbBoards:127 - board STM32L496G-DISCO has no document id list !
2024-12-06 13:45:47,694 [WARN] DbBoards:127 - board STM32L4P5G-DK has no document id list !
2024-12-06 13:45:47,695 [WARN] DbBoards:127 - board STM32L4R9I-DISCO has no document id list !
2024-12-06 13:45:47,695 [WARN] DbBoards:127 - board STM32L4R9I-EVAL has no document id list !
2024-12-06 13:45:47,695 [WARN] DbBoards:127 - board STM32L552E-EV has no document id list !
2024-12-06 13:45:47,695 [WARN] DbBoards:127 - board STM32L562E-DK has no document id list !
2024-12-06 13:45:47,695 [WARN] DbBoards:127 - board STM32MP157A-DK1 has no document id list !
2024-12-06 13:45:47,695 [WARN] DbBoards:127 - board STM32MP157A-EV1 has no document id list !
2024-12-06 13:45:47,695 [WARN] DbBoards:127 - board STM32MP157C-DK2 has no document id list !
2024-12-06 13:45:47,695 [WARN] DbBoards:127 - board STM32MP157C-EV1 has no document id list !
2024-12-06 13:45:47,695 [WARN] DbBoards:127 - board STM32MP157F-EV1 has no document id list !
2024-12-06 13:45:47,695 [WARN] DbBoards:127 - board STM32VLDISCOVERY has no document id list !
2024-12-06 13:45:47,780 [ERROR] DbBoards:192 - No image file URL for board B-L462E-CELL1
2024-12-06 13:45:48,723 [INFO] ApiDb:201 - Load user favorites file C:\Users\ziade/.stm32cubemx/favorites.boards.txt: 0 item(s)
2024-12-06 13:45:48,723 [INFO] ApiDb:205 - User favorites Boards=[]
2024-12-06 13:45:48,723 [INFO] DbBoards:206 - Set 0 / 0 favorites Boards
2024-12-06 13:45:48,724 [ERROR] DbBoardsDocs:83 - No boards documents found !
2024-12-06 13:45:48,724 [INFO] ApiDb:226 - Save user favorites file C:\Users\ziade/.stm32cubemx/favorites.boards.txt: 0 item(s)
2024-12-06 13:45:48,724 [INFO] ApiDb:230 - User favorites Boards=[]
2024-12-06 13:45:48,727 [INFO] DbBoardsPdsc:94 - Found 23 items
2024-12-06 13:45:48,728 [INFO] DbBoardsPdsc:94 - Found 9 items
2024-12-06 13:45:48,730 [INFO] DbBoardsPdsc:94 - Found 29 items
2024-12-06 13:45:48,731 [INFO] DbBoardsPdsc:94 - Found 1 items
2024-12-06 13:45:48,733 [INFO] DbBoardsPdsc:94 - Found 44 items
2024-12-06 13:45:48,737 [INFO] DbBoardsPdsc:94 - Found 40 items
2024-12-06 13:45:48,738 [INFO] DbBoardsPdsc:94 - Found 2 items
2024-12-06 13:45:48,739 [INFO] DbBoardsPdsc:94 - Found 4 items
2024-12-06 13:45:48,741 [WARN] DbBoardsPdsc:258 - Board STM32H7B3I-DK: unknown feature type=Audio, name=, username=Audio stereo codec with Headphone Amp (CS42L51-CNZ), n=1
2024-12-06 13:45:48,741 [WARN] DbBoardsPdsc:258 - Board STM32H735G-DK: unknown feature type=Audio, name=, username=Audio stereo codec with Headphone Amp (WM8994ECS/R), n=1
2024-12-06 13:45:48,743 [WARN] DbBoardsPdsc:258 - Board STM32H7B3I-EVAL: unknown feature type=Audio, name=, username=Multi-Channel Audio Codec (CS42L51-CNZ), n=1
2024-12-06 13:45:48,743 [WARN] DbBoardsPdsc:258 - Board STM32H7B3I-EVAL: unknown feature type=Meter, name=, username=Power-metering and Temperature-monitoring with sigma-delta modulators, n=1
2024-12-06 13:45:48,743 [WARN] DbBoardsPdsc:258 - Board STM32H7B3I-EVAL: unknown feature type=Motor, name=, username=Motor Control, n=1
2024-12-06 13:45:48,768 [INFO] DbBoardsJson:85 - JSON generation date=Tue Nov 16 18:17:54 EET 2021 (1637079474)
2024-12-06 13:45:48,772 [INFO] DbBoards:117 - Found 166 boards (149 are supported by CubeMX)
2024-12-06 13:45:48,773 [INFO] DbBoardsDocs:145 - JSON generation date=Tue Nov 16 18:17:54 EET 2021 (1637079474)
2024-12-06 13:45:48,776 [INFO] DbBoardsDocs:81 - Found 209 boards documents
2024-12-06 13:45:48,777 [WARN] DbBoards:127 - board B-L475E-IOT01A2 has no document id list !
2024-12-06 13:45:48,778 [WARN] DbBoards:127 - board NUCLEO-H743ZI has no document id list !
2024-12-06 13:45:48,779 [WARN] DbBoards:127 - board P-NUCLEO-WB55-Nucleo has no document id list !
2024-12-06 13:45:48,779 [WARN] DbBoards:127 - board P-NUCLEO-WB55-USBDongle has no document id list !
2024-12-06 13:45:48,779 [WARN] DbBoards:127 - board STEVAL-BFA001V1B has no document id list !
2024-12-06 13:45:48,779 [WARN] DbBoards:127 - board STEVAL-BFA001V2B has no document id list !
2024-12-06 13:45:48,779 [WARN] DbBoards:127 - board STEVAL-IDP005V1 has no document id list !
2024-12-06 13:45:48,779 [WARN] DbBoards:127 - board STEVAL-IDP005V2 has no document id list !
2024-12-06 13:45:48,779 [WARN] DbBoards:127 - board STEVAL-MKSBOX1V1 has no document id list !
2024-12-06 13:45:48,779 [WARN] DbBoards:127 - board STEVAL-STWINKT1 has no document id list !
2024-12-06 13:45:48,779 [WARN] DbBoards:127 - board STEVAL-STWINKT1B has no document id list !
2024-12-06 13:45:48,779 [WARN] DbBoards:127 - board STM32439I-EVAL2 has no document id list !
2024-12-06 13:45:48,780 [WARN] DbBoards:127 - board STM32F401C-DISCO has no document id list !
2024-12-06 13:45:48,780 [WARN] DbBoards:127 - board STM32F769I-DISC1 has no document id list !
2024-12-06 13:45:48,780 [WARN] DbBoards:127 - board STM32G474E-EVAL1 has no document id list !
2024-12-06 13:45:48,780 [WARN] DbBoards:127 - board STM32H743I-EVAL2 has no document id list !
2024-12-06 13:45:48,780 [WARN] DbBoards:127 - board STM32H747I-DISC1 has no document id list !
2024-12-06 13:45:48,781 [WARN] DbBoards:127 - board STM32H753I-EVAL2 has no document id list !
2024-12-06 13:45:48,781 [WARN] DbBoards:127 - board STM32L-DISCOVERY has no document id list !
2024-12-06 13:45:48,813 [ERROR] DbBoards:189 - Image file not found for board B-L462E-CELL1: C:\ST\STM32CubeIDE_1.4.0\STM32CubeIDE\plugins\com.st.stm32cube.common.mx_6.0.0.202007160824\\db\/plugins/mcufinder/images/boards/B-L462E-CELL1_small.jpg
2024-12-06 13:45:48,831 [ERROR] DbBoards:189 - Image file not found for board B-U585I-IOT02A: C:\ST\STM32CubeIDE_1.4.0\STM32CubeIDE\plugins\com.st.stm32cube.common.mx_6.0.0.202007160824\\db\/plugins/mcufinder/images/boards/B-U585I-IOT02A_small.jpg
2024-12-06 13:45:48,876 [ERROR] DbBoards:189 - Image file not found for board NUCLEO-F413ZH: C:\ST\STM32CubeIDE_1.4.0\STM32CubeIDE\plugins\com.st.stm32cube.common.mx_6.0.0.202007160824\\db\/plugins/mcufinder/images/boards/nucleo-f413zh_small.jpg
2024-12-06 13:45:48,973 [ERROR] DbBoards:189 - Image file not found for board NUCLEO-L552ZE-Q: C:\ST\STM32CubeIDE_1.4.0\STM32CubeIDE\plugins\com.st.stm32cube.common.mx_6.0.0.202007160824\\db\/plugins/mcufinder/images/boards/nucleo_l552ze_q_small.jpg
2024-12-06 13:45:48,973 [ERROR] DbBoards:189 - Image file not found for board NUCLEO-U575ZI-Q: C:\ST\STM32CubeIDE_1.4.0\STM32CubeIDE\plugins\com.st.stm32cube.common.mx_6.0.0.202007160824\\db\/plugins/mcufinder/images/boards/nucleo-u575zi-q_small.jpg
2024-12-06 13:45:48,973 [ERROR] DbBoards:189 - Image file not found for board NUCLEO-WB15CC: C:\ST\STM32CubeIDE_1.4.0\STM32CubeIDE\plugins\com.st.stm32cube.common.mx_6.0.0.202007160824\\db\/plugins/mcufinder/images/boards/nucleo-wb15cc_small.jpg
2024-12-06 13:45:48,973 [ERROR] DbBoards:189 - Image file not found for board NUCLEO-WB55RG: C:\ST\STM32CubeIDE_1.4.0\STM32CubeIDE\plugins\com.st.stm32cube.common.mx_6.0.0.202007160824\\db\/plugins/mcufinder/images/boards/nucleo-wb55rg_small.jpg
2024-12-06 13:45:48,973 [ERROR] DbBoards:189 - Image file not found for board NUCLEO-WL55JC: C:\ST\STM32CubeIDE_1.4.0\STM32CubeIDE\plugins\com.st.stm32cube.common.mx_6.0.0.202007160824\\db\/plugins/mcufinder/images/boards/nucleo-wl55jc-small.jpg
2024-12-06 13:45:49,039 [ERROR] DbBoards:189 - Image file not found for board STEVAL-STWINKT1B: C:\ST\STM32CubeIDE_1.4.0\STM32CubeIDE\plugins\com.st.stm32cube.common.mx_6.0.0.202007160824\\db\/plugins/mcufinder/images/boards/steval-stwinkt1b_small.jpg
2024-12-06 13:45:49,183 [ERROR] DbBoards:189 - Image file not found for board STM32G0C1E-EV: C:\ST\STM32CubeIDE_1.4.0\STM32CubeIDE\plugins\com.st.stm32cube.common.mx_6.0.0.202007160824\\db\/plugins/mcufinder/images/boards/stm32g0c1e-eval_small.jpg
2024-12-06 13:45:49,230 [ERROR] DbBoards:189 - Image file not found for board STM32H7B3I-EVAL: C:\ST\STM32CubeIDE_1.4.0\STM32CubeIDE\plugins\com.st.stm32cube.common.mx_6.0.0.202007160824\\db\/plugins/mcufinder/images/boards/stm32h7b3ieval_small.jpg
2024-12-06 13:45:49,309 [ERROR] DbBoards:189 - Image file not found for board STM32U575I-EV: C:\ST\STM32CubeIDE_1.4.0\STM32CubeIDE\plugins\com.st.stm32cube.common.mx_6.0.0.202007160824\\db\/plugins/mcufinder/images/boards/stm32u575i-ev_small.jpg
2024-12-06 13:45:49,323 [ERROR] DbBoards:189 - Image file not found for board STM32WB5MM-DK: C:\ST\STM32CubeIDE_1.4.0\STM32CubeIDE\plugins\com.st.stm32cube.common.mx_6.0.0.202007160824\\db\/plugins/mcufinder/images/boards/STM32WB5MM-DK_small.jpg
2024-12-06 13:45:49,323 [INFO] ApiDb:201 - Load user favorites file C:\Users\ziade/.stm32cubemx/favorites.boards.txt: 0 item(s)
2024-12-06 13:45:49,323 [INFO] ApiDb:205 - User favorites Boards=[]
2024-12-06 13:45:49,323 [INFO] DbBoards:206 - Set 0 / 0 favorites Boards
2024-12-06 13:45:49,572 [INFO] McuFinderGlobals:40 - Set McuFinder mode to 2 (CubeIDE integrated)
2024-12-06 13:45:49,703 [INFO] CrossSelectorPresenter:1330 - Cross Selector saved comparison directory: C:\Users\ziade\.stmcufinder\plugins\mcufinder\mcu\cs_comparisons_mx
2024-12-06 13:45:49,709 [INFO] MultiScanPanel:193 - Auto-refresh data requested => check proxy status ongoing
2024-12-06 13:45:49,711 [INFO] FinderPluginLoader:87 - Searching for filters in installed packs
2024-12-06 13:45:50,094 [INFO] LoadUrlFilesThread:162 - End of LoadServerUrlFiles without Thread
2024-12-06 13:45:50,098 [INFO] DetailPanel:331 - Set advertising image to C:/Users/ziade/STM32Cube/Repository/\stm32cubemx-promo_image.jpg
2024-12-06 13:45:50,703 [INFO] ServerAccessManage:348 - Download File mcusDocs.json._tmp_
2024-12-06 13:45:50,955 [INFO] LoadUrlFilesThread:135 - End of LoadUrlFiles Thread
2024-12-06 13:45:51,063 [INFO] ServerAccessManage:348 - Download File mcusFeaturesAndDescription.json._tmp_
2024-12-06 13:45:51,592 [ERROR] WebUtils:615 - Updater is busy
2024-12-06 13:45:51,592 [ERROR] WebUtils:615 - Updater is busy
2024-12-06 13:45:51,592 [ERROR] WebUtils:615 - Updater is busy
2024-12-06 13:45:51,592 [ERROR] WebUtils:615 - Updater is busy
2024-12-06 13:45:51,592 [ERROR] WebUtils:615 - Updater is busy
2024-12-06 13:45:51,592 [ERROR] ServerAccessManage:517 - User Cancel Download : mcusFeaturesAndDescription.json._tmp_.
2024-12-06 13:45:51,593 [INFO] LoadUrlFilesThread:135 - End of LoadUrlFiles Thread
2024-12-06 13:45:51,596 [INFO] DbMcusDocs:145 - JSON generation date=Tue Nov 16 18:17:54 EET 2021 (1637079474)
2024-12-06 13:45:51,811 [INFO] DbMcusDocs:81 - Found 682 MCUs documents
2024-12-06 13:45:51,813 [INFO] ApiDb:226 - Save user favorites file C:\Users\ziade/.stm32cubeide/favorites.mcus.txt: 0 item(s)
2024-12-06 13:45:51,814 [INFO] ApiDb:230 - User favorites MCUs=[]
2024-12-06 13:45:51,814 [INFO] DbMcusXml:100 - Load MCU database from C:\ST\STM32CubeIDE_1.4.0\STM32CubeIDE\plugins\com.st.stm32cube.common.mx_6.0.0.202007160824\\db\/mcu/families.xml
2024-12-06 13:45:51,924 [ERROR] DbUtils:114 - File not found: C:\Users\ziade\.stmcufinder\plugins\mcufinder//mcu/mcusFeaturesAndDescription.json._tmp_
2024-12-06 13:45:51,924 [WARN] DbUtils:163 - success is not a boolean!
2024-12-06 13:45:51,924 [ERROR] DbFile:108 - Temporary file not found: C:\Users\ziade\.stmcufinder\plugins\mcufinder\mcu\mcusFeaturesAndDescription.json._tmp_
2024-12-06 13:45:51,926 [INFO] DbMcus:175 - Found 1761 MCUs (1722 are supported by CubeMX, 1722 are visible in CubeMX)
2024-12-06 13:45:51,926 [INFO] ApiDb:201 - Load user favorites file C:\Users\ziade/.stm32cubeide/favorites.mcus.txt: 0 item(s)
2024-12-06 13:45:51,927 [INFO] ApiDb:205 - User favorites MCUs=[]
2024-12-06 13:45:51,927 [INFO] DbMcus:187 - Set 0 / 0 favorites MCUs
2024-12-06 13:45:51,996 [INFO] McuFilterPanel:245 - Update 0 favorites MCUs
2024-12-06 13:45:52,184 [ERROR] DbUtils:114 - File not found: C:\Users\ziade\.stmcufinder\plugins\mcufinder//mcu/boardsDocs.json._tmp_
2024-12-06 13:45:52,184 [WARN] DbUtils:163 - success is not a boolean!
2024-12-06 13:45:52,185 [ERROR] DbBoardsDocs:83 - No boards documents found !
2024-12-06 13:45:52,185 [ERROR] DbFile:108 - Temporary file not found: C:\Users\ziade\.stmcufinder\plugins\mcufinder\mcu\boardsDocs.json._tmp_
2024-12-06 13:45:52,187 [INFO] DbBoardsDocs:145 - JSON generation date=Tue Nov 16 18:17:54 EET 2021 (1637079474)
2024-12-06 13:45:52,190 [INFO] DbBoardsDocs:81 - Found 209 boards documents
2024-12-06 13:45:52,192 [INFO] ApiDb:226 - Save user favorites file C:\Users\ziade/.stm32cubeide/favorites.boards.txt: 0 item(s)
2024-12-06 13:45:52,192 [INFO] ApiDb:230 - User favorites Boards=[]
2024-12-06 13:45:52,197 [INFO] DbBoardsPdsc:94 - Found 23 items
2024-12-06 13:45:52,199 [INFO] DbBoardsPdsc:94 - Found 9 items
2024-12-06 13:45:52,203 [INFO] DbBoardsPdsc:94 - Found 29 items
2024-12-06 13:45:52,205 [INFO] DbBoardsPdsc:94 - Found 1 items
2024-12-06 13:45:52,210 [INFO] DbBoardsPdsc:94 - Found 44 items
2024-12-06 13:45:52,217 [INFO] DbBoardsPdsc:94 - Found 40 items
2024-12-06 13:45:52,220 [INFO] DbBoardsPdsc:94 - Found 2 items
2024-12-06 13:45:52,222 [INFO] DbBoardsPdsc:94 - Found 4 items
2024-12-06 13:45:52,225 [WARN] DbBoardsPdsc:258 - Board STM32H7B3I-DK: unknown feature type=Audio, name=, username=Audio stereo codec with Headphone Amp (CS42L51-CNZ), n=1
2024-12-06 13:45:52,226 [WARN] DbBoardsPdsc:258 - Board STM32H735G-DK: unknown feature type=Audio, name=, username=Audio stereo codec with Headphone Amp (WM8994ECS/R), n=1
2024-12-06 13:45:52,228 [WARN] DbBoardsPdsc:258 - Board STM32H7B3I-EVAL: unknown feature type=Audio, name=, username=Multi-Channel Audio Codec (CS42L51-CNZ), n=1
2024-12-06 13:45:52,228 [WARN] DbBoardsPdsc:258 - Board STM32H7B3I-EVAL: unknown feature type=Meter, name=, username=Power-metering and Temperature-monitoring with sigma-delta modulators, n=1
2024-12-06 13:45:52,229 [WARN] DbBoardsPdsc:258 - Board STM32H7B3I-EVAL: unknown feature type=Motor, name=, username=Motor Control, n=1
2024-12-06 13:45:52,230 [ERROR] DbUtils:114 - File not found: C:\Users\ziade\.stmcufinder\plugins\mcufinder//mcu/boards.json._tmp_
2024-12-06 13:45:52,230 [WARN] DbUtils:163 - success is not a boolean!
2024-12-06 13:45:52,231 [ERROR] DbFile:108 - Temporary file not found: C:\Users\ziade\.stmcufinder\plugins\mcufinder\mcu\boards.json._tmp_
2024-12-06 13:45:52,231 [INFO] DbBoards:117 - Found 152 boards (149 are supported by CubeMX)
2024-12-06 13:45:52,232 [WARN] DbBoards:127 - board B-G474E-DPOW1 has no document id list !
2024-12-06 13:45:52,232 [WARN] DbBoards:127 - board B-L072Z-LRWAN1 has no document id list !
2024-12-06 13:45:52,232 [WARN] DbBoards:127 - board B-L462E-CELL1 has no document id list !
2024-12-06 13:45:52,232 [WARN] DbBoards:127 - board B-L475E-IOT01A1 has no document id list !
2024-12-06 13:45:52,232 [WARN] DbBoards:127 - board B-L475E-IOT01A2 has no document id list !
2024-12-06 13:45:52,232 [WARN] DbBoards:127 - board B-L4S5I-IOT01A has no document id list !
2024-12-06 13:45:52,232 [WARN] DbBoards:127 - board NUCLEO-F030R8 has no document id list !
2024-12-06 13:45:52,233 [WARN] DbBoards:127 - board NUCLEO-F031K6 has no document id list !
2024-12-06 13:45:52,233 [WARN] DbBoards:127 - board NUCLEO-F042K6 has no document id list !
2024-12-06 13:45:52,233 [WARN] DbBoards:127 - board NUCLEO-F070RB has no document id list !
2024-12-06 13:45:52,233 [WARN] DbBoards:127 - board NUCLEO-F072RB has no document id list !
2024-12-06 13:45:52,233 [WARN] DbBoards:127 - board NUCLEO-F091RC has no document id list !
2024-12-06 13:45:52,233 [WARN] DbBoards:127 - board NUCLEO-F103RB has no document id list !
2024-12-06 13:45:52,233 [WARN] DbBoards:127 - board NUCLEO-F207ZG has no document id list !
2024-12-06 13:45:52,233 [WARN] DbBoards:127 - board NUCLEO-F302R8 has no document id list !
2024-12-06 13:45:52,233 [WARN] DbBoards:127 - board NUCLEO-F303K8 has no document id list !
2024-12-06 13:45:52,233 [WARN] DbBoards:127 - board NUCLEO-F303RE has no document id list !
2024-12-06 13:45:52,234 [WARN] DbBoards:127 - board NUCLEO-F303ZE has no document id list !
2024-12-06 13:45:52,234 [WARN] DbBoards:127 - board NUCLEO-F334R8 has no document id list !
2024-12-06 13:45:52,234 [WARN] DbBoards:127 - board NUCLEO-F401RE has no document id list !
2024-12-06 13:45:52,234 [WARN] DbBoards:127 - board NUCLEO-F410RB has no document id list !
2024-12-06 13:45:52,234 [WARN] DbBoards:127 - board NUCLEO-F411RE has no document id list !
2024-12-06 13:45:52,234 [WARN] DbBoards:127 - board NUCLEO-F412ZG has no document id list !
2024-12-06 13:45:52,234 [WARN] DbBoards:127 - board NUCLEO-F413ZH has no document id list !
2024-12-06 13:45:52,234 [WARN] DbBoards:127 - board NUCLEO-F429ZI has no document id list !
2024-12-06 13:45:52,234 [WARN] DbBoards:127 - board NUCLEO-F439ZI has no document id list !
2024-12-06 13:45:52,235 [WARN] DbBoards:127 - board NUCLEO-F446RE has no document id list !
2024-12-06 13:45:52,235 [WARN] DbBoards:127 - board NUCLEO-F446ZE has no document id list !
2024-12-06 13:45:52,235 [WARN] DbBoards:127 - board NUCLEO-F722ZE has no document id list !
2024-12-06 13:45:52,235 [WARN] DbBoards:127 - board NUCLEO-F746ZG has no document id list !
2024-12-06 13:45:52,235 [WARN] DbBoards:127 - board NUCLEO-F767ZI has no document id list !
2024-12-06 13:45:52,235 [WARN] DbBoards:127 - board NUCLEO-G031K8 has no document id list !
2024-12-06 13:45:52,235 [WARN] DbBoards:127 - board NUCLEO-G070RB has no document id list !
2024-12-06 13:45:52,235 [WARN] DbBoards:127 - board NUCLEO-G071RB has no document id list !
2024-12-06 13:45:52,235 [WARN] DbBoards:127 - board NUCLEO-G431KB has no document id list !
2024-12-06 13:45:52,235 [WARN] DbBoards:127 - board NUCLEO-G431RB has no document id list !
2024-12-06 13:45:52,236 [WARN] DbBoards:127 - board NUCLEO-G474RE has no document id list !
2024-12-06 13:45:52,236 [WARN] DbBoards:127 - board NUCLEO-G491RE has no document id list !
2024-12-06 13:45:52,236 [WARN] DbBoards:127 - board NUCLEO-H723ZG has no document id list !
2024-12-06 13:45:52,236 [WARN] DbBoards:127 - board NUCLEO-H743ZI has no document id list !
2024-12-06 13:45:52,236 [WARN] DbBoards:127 - board NUCLEO-H743ZI2 has no document id list !
2024-12-06 13:45:52,236 [WARN] DbBoards:127 - board NUCLEO-H745ZI-Q has no document id list !
2024-12-06 13:45:52,236 [WARN] DbBoards:127 - board NUCLEO-H753ZI has no document id list !
2024-12-06 13:45:52,236 [WARN] DbBoards:127 - board NUCLEO-H755ZI-Q has no document id list !
2024-12-06 13:45:52,236 [WARN] DbBoards:127 - board NUCLEO-H7A3ZI-Q has no document id list !
2024-12-06 13:45:52,237 [WARN] DbBoards:127 - board NUCLEO-L010RB has no document id list !
2024-12-06 13:45:52,237 [WARN] DbBoards:127 - board NUCLEO-L011K4 has no document id list !
2024-12-06 13:45:52,237 [WARN] DbBoards:127 - board NUCLEO-L031K6 has no document id list !
2024-12-06 13:45:52,237 [WARN] DbBoards:127 - board NUCLEO-L053R8 has no document id list !
2024-12-06 13:45:52,237 [WARN] DbBoards:127 - board NUCLEO-L073RZ has no document id list !
2024-12-06 13:45:52,237 [WARN] DbBoards:127 - board NUCLEO-L152RE has no document id list !
2024-12-06 13:45:52,237 [WARN] DbBoards:127 - board NUCLEO-L412KB has no document id list !
2024-12-06 13:45:52,237 [WARN] DbBoards:127 - board NUCLEO-L412RB-P has no document id list !
2024-12-06 13:45:52,237 [WARN] DbBoards:127 - board NUCLEO-L432KC has no document id list !
2024-12-06 13:45:52,237 [WARN] DbBoards:127 - board NUCLEO-L433RC-P has no document id list !
2024-12-06 13:45:52,238 [WARN] DbBoards:127 - board NUCLEO-L452RE has no document id list !
2024-12-06 13:45:52,238 [WARN] DbBoards:127 - board NUCLEO-L452RE-P has no document id list !
2024-12-06 13:45:52,238 [WARN] DbBoards:127 - board NUCLEO-L476RG has no document id list !
2024-12-06 13:45:52,238 [WARN] DbBoards:127 - board NUCLEO-L496ZG has no document id list !
2024-12-06 13:45:52,238 [WARN] DbBoards:127 - board NUCLEO-L496ZG-P has no document id list !
2024-12-06 13:45:52,238 [WARN] DbBoards:127 - board NUCLEO-L4P5ZG has no document id list !
2024-12-06 13:45:52,238 [WARN] DbBoards:127 - board NUCLEO-L4R5ZI has no document id list !
2024-12-06 13:45:52,238 [WARN] DbBoards:127 - board NUCLEO-L4R5ZI-P has no document id list !
2024-12-06 13:45:52,238 [WARN] DbBoards:127 - board NUCLEO-L552ZE-Q has no document id list !
2024-12-06 13:45:52,239 [WARN] DbBoards:127 - board NUCLEO-WB55RG has no document id list !
2024-12-06 13:45:52,239 [WARN] DbBoards:127 - board P-NUCLEO-WB55 has no document id list !
2024-12-06 13:45:52,239 [WARN] DbBoards:127 - board P-NUCLEO-WB55-Nucleo has no document id list !
2024-12-06 13:45:52,239 [WARN] DbBoards:127 - board P-NUCLEO-WB55-USBDongle has no document id list !
2024-12-06 13:45:52,239 [WARN] DbBoards:127 - board STEVAL-BFA001V1B has no document id list !
2024-12-06 13:45:52,239 [WARN] DbBoards:127 - board STEVAL-BFA001V2B has no document id list !
2024-12-06 13:45:52,239 [WARN] DbBoards:127 - board STEVAL-IDP005V1 has no document id list !
2024-12-06 13:45:52,239 [WARN] DbBoards:127 - board STEVAL-IDP005V2 has no document id list !
2024-12-06 13:45:52,239 [WARN] DbBoards:127 - board STEVAL-MKSBOX1V1 has no document id list !
2024-12-06 13:45:52,239 [WARN] DbBoards:127 - board STEVAL-STWINKT1 has no document id list !
2024-12-06 13:45:52,240 [WARN] DbBoards:127 - board STM32072B-EVAL has no document id list !
2024-12-06 13:45:52,240 [WARN] DbBoards:127 - board STM32091C-EVAL has no document id list !
2024-12-06 13:45:52,240 [WARN] DbBoards:127 - board STM32100E-EVAL has no document id list !
2024-12-06 13:45:52,240 [WARN] DbBoards:127 - board STM3210C-EVAL has no document id list !
2024-12-06 13:45:52,240 [WARN] DbBoards:127 - board STM3210E-EVAL has no document id list !
2024-12-06 13:45:52,240 [WARN] DbBoards:127 - board STM3220G-EVAL has no document id list !
2024-12-06 13:45:52,241 [WARN] DbBoards:127 - board STM3221G-EVAL has no document id list !
2024-12-06 13:45:52,241 [WARN] DbBoards:127 - board STM32303C-EVAL has no document id list !
2024-12-06 13:45:52,242 [WARN] DbBoards:127 - board STM32303E-EVAL has no document id list !
2024-12-06 13:45:52,242 [WARN] DbBoards:127 - board STM32373C-EVAL has no document id list !
2024-12-06 13:45:52,242 [WARN] DbBoards:127 - board STM3240G-EVAL has no document id list !
2024-12-06 13:45:52,269 [WARN] DbBoards:127 - board STM3241G-EVAL has no document id list !
2024-12-06 13:45:52,269 [WARN] DbBoards:127 - board STM32429I-EVAL1 has no document id list !
2024-12-06 13:45:52,269 [WARN] DbBoards:127 - board STM32439I-EVAL2 has no document id list !
2024-12-06 13:45:52,269 [WARN] DbBoards:127 - board STM32446E-EVAL has no document id list !
2024-12-06 13:45:52,269 [WARN] DbBoards:127 - board STM32469I-EVAL has no document id list !
2024-12-06 13:45:52,269 [WARN] DbBoards:127 - board STM32479I-EVAL has no document id list !
2024-12-06 13:45:52,269 [WARN] DbBoards:127 - board STM32746G-EVAL2 has no document id list !
2024-12-06 13:45:52,269 [WARN] DbBoards:127 - board STM32756G-EVAL2 has no document id list !
2024-12-06 13:45:52,269 [WARN] DbBoards:127 - board STM32F0308-DISCO has no document id list !
2024-12-06 13:45:52,269 [WARN] DbBoards:127 - board STM32F072B-DISCO has no document id list !
2024-12-06 13:45:52,269 [WARN] DbBoards:127 - board STM32F0DISCOVERY has no document id list !
2024-12-06 13:45:52,269 [WARN] DbBoards:127 - board STM32F3348-DISCO has no document id list !
2024-12-06 13:45:52,269 [WARN] DbBoards:127 - board STM32F3DISCOVERY has no document id list !
2024-12-06 13:45:52,270 [WARN] DbBoards:127 - board STM32F401C-DISCO has no document id list !
2024-12-06 13:45:52,270 [WARN] DbBoards:127 - board STM32F407G-DISC1 has no document id list !
2024-12-06 13:45:52,270 [WARN] DbBoards:127 - board STM32F411E-DISCO has no document id list !
2024-12-06 13:45:52,270 [WARN] DbBoards:127 - board STM32F412G-DISCO has no document id list !
2024-12-06 13:45:52,270 [WARN] DbBoards:127 - board STM32F413H-DISCO has no document id list !
2024-12-06 13:45:52,270 [WARN] DbBoards:127 - board STM32F429I-DISC1 has no document id list !
2024-12-06 13:45:52,270 [WARN] DbBoards:127 - board STM32F469I-DISCO has no document id list !
2024-12-06 13:45:52,270 [WARN] DbBoards:127 - board STM32F723E-DISCO has no document id list !
2024-12-06 13:45:52,270 [WARN] DbBoards:127 - board STM32F7308-DK has no document id list !
2024-12-06 13:45:52,270 [WARN] DbBoards:127 - board STM32F746G-DISCO has no document id list !
2024-12-06 13:45:52,270 [WARN] DbBoards:127 - board STM32F7508-DK has no document id list !
2024-12-06 13:45:52,270 [WARN] DbBoards:127 - board STM32F769I-DISC1 has no document id list !
2024-12-06 13:45:52,270 [WARN] DbBoards:127 - board STM32F769I-DISCO has no document id list !
2024-12-06 13:45:52,270 [WARN] DbBoards:127 - board STM32F769I-EVAL has no document id list !
2024-12-06 13:45:52,270 [WARN] DbBoards:127 - board STM32F779I-EVAL has no document id list !
2024-12-06 13:45:52,270 [WARN] DbBoards:127 - board STM32G0316-DISCO has no document id list !
2024-12-06 13:45:52,271 [WARN] DbBoards:127 - board STM32G071B-DISCO has no document id list !
2024-12-06 13:45:52,271 [WARN] DbBoards:127 - board STM32G081B-EVAL has no document id list !
2024-12-06 13:45:52,271 [WARN] DbBoards:127 - board STM32G474E-EVAL has no document id list !
2024-12-06 13:45:52,271 [WARN] DbBoards:127 - board STM32G474E-EVAL1 has no document id list !
2024-12-06 13:45:52,271 [WARN] DbBoards:127 - board STM32G484E-EVAL has no document id list !
2024-12-06 13:45:52,271 [WARN] DbBoards:127 - board STM32H735G-DK has no document id list !
2024-12-06 13:45:52,271 [WARN] DbBoards:127 - board STM32H743I-EVAL has no document id list !
2024-12-06 13:45:52,271 [WARN] DbBoards:127 - board STM32H743I-EVAL2 has no document id list !
2024-12-06 13:45:52,271 [WARN] DbBoards:127 - board STM32H745I-DISCO has no document id list !
2024-12-06 13:45:52,271 [WARN] DbBoards:127 - board STM32H747I-DISC1 has no document id list !
2024-12-06 13:45:52,271 [WARN] DbBoards:127 - board STM32H747I-DISCO has no document id list !
2024-12-06 13:45:52,271 [WARN] DbBoards:127 - board STM32H747I-EVAL has no document id list !
2024-12-06 13:45:52,271 [WARN] DbBoards:127 - board STM32H750B-DK has no document id list !
2024-12-06 13:45:52,271 [WARN] DbBoards:127 - board STM32H753I-EVAL has no document id list !
2024-12-06 13:45:52,271 [WARN] DbBoards:127 - board STM32H753I-EVAL2 has no document id list !
2024-12-06 13:45:52,271 [WARN] DbBoards:127 - board STM32H757I-EVAL has no document id list !
2024-12-06 13:45:52,271 [WARN] DbBoards:127 - board STM32H7B3I-DK has no document id list !
2024-12-06 13:45:52,271 [WARN] DbBoards:127 - board STM32H7B3I-EVAL has no document id list !
2024-12-06 13:45:52,272 [WARN] DbBoards:127 - board STM32L-DISCOVERY has no document id list !
2024-12-06 13:45:52,272 [WARN] DbBoards:127 - board STM32L0538-DISCO has no document id list !
2024-12-06 13:45:52,272 [WARN] DbBoards:127 - board STM32L073Z-EVAL has no document id list !
2024-12-06 13:45:52,272 [WARN] DbBoards:127 - board STM32L100C-DISCO has no document id list !
2024-12-06 13:45:52,272 [WARN] DbBoards:127 - board STM32L152C-DISCO has no document id list !
2024-12-06 13:45:52,272 [WARN] DbBoards:127 - board STM32L152D-EVAL has no document id list !
2024-12-06 13:45:52,272 [WARN] DbBoards:127 - board STM32L476G-DISCO has no document id list !
2024-12-06 13:45:52,272 [WARN] DbBoards:127 - board STM32L476G-EVAL has no document id list !
2024-12-06 13:45:52,272 [WARN] DbBoards:127 - board STM32L496G-DISCO has no document id list !
2024-12-06 13:45:52,272 [WARN] DbBoards:127 - board STM32L4P5G-DK has no document id list !
2024-12-06 13:45:52,272 [WARN] DbBoards:127 - board STM32L4R9I-DISCO has no document id list !
2024-12-06 13:45:52,272 [WARN] DbBoards:127 - board STM32L4R9I-EVAL has no document id list !
2024-12-06 13:45:52,272 [WARN] DbBoards:127 - board STM32L552E-EV has no document id list !
2024-12-06 13:45:52,272 [WARN] DbBoards:127 - board STM32L562E-DK has no document id list !
2024-12-06 13:45:52,272 [WARN] DbBoards:127 - board STM32MP157A-DK1 has no document id list !
2024-12-06 13:45:52,272 [WARN] DbBoards:127 - board STM32MP157A-EV1 has no document id list !
2024-12-06 13:45:52,272 [WARN] DbBoards:127 - board STM32MP157C-DK2 has no document id list !
2024-12-06 13:45:52,272 [WARN] DbBoards:127 - board STM32MP157C-EV1 has no document id list !
2024-12-06 13:45:52,272 [WARN] DbBoards:127 - board STM32MP157F-EV1 has no document id list !
2024-12-06 13:45:52,272 [WARN] DbBoards:127 - board STM32VLDISCOVERY has no document id list !
2024-12-06 13:45:52,291 [ERROR] DbBoards:192 - No image file URL for board B-L462E-CELL1
2024-12-06 13:45:52,828 [INFO] ApiDb:201 - Load user favorites file C:\Users\ziade/.stm32cubeide/favorites.boards.txt: 0 item(s)
2024-12-06 13:45:52,828 [INFO] ApiDb:205 - User favorites Boards=[]
2024-12-06 13:45:52,828 [INFO] DbBoards:206 - Set 0 / 0 favorites Boards
2024-12-06 13:45:52,917 [ERROR] MultiScanPanel:793 - Unable to refresh data
2024-12-06 13:45:52,917 [INFO] McuFilterPanel:245 - Update 0 favorites MCUs
2024-12-06 13:46:38,350 [INFO] LogOutputStream:76 - [STDOUT_REDIRECT] withoutVersionV1.8.4
2024-12-06 13:46:38,351 [INFO] LogOutputStream:76 - [STDOUT_REDIRECT] withoutVersionV1.8.3
2024-12-06 13:46:38,352 [INFO] LogOutputStream:76 - [STDOUT_REDIRECT] withoutVersionV1.8.2
2024-12-06 13:46:38,352 [INFO] LogOutputStream:76 - [STDOUT_REDIRECT] withoutVersionV1.8.1
2024-12-06 13:46:38,352 [INFO] LogOutputStream:76 - [STDOUT_REDIRECT] withoutVersionV1.8.0
2024-12-06 13:46:43,280 [INFO] ApiDb:226 - Save user favorites file C:\Users\ziade/.stm32cubeide/favorites.mcus.txt: 0 item(s)
2024-12-06 13:46:43,281 [INFO] ApiDb:230 - User favorites MCUs=[]
2024-12-06 17:19:23,879 [INFO] Activator:178 - 


2024-12-06 17:19:23,896 [INFO] Activator:179 - !SESSION log4j initialized
2024-12-07 13:24:41,772 [INFO] Activator:178 - 


2024-12-07 13:24:41,776 [INFO] Activator:179 - !SESSION log4j initialized
2024-12-09 13:02:22,124 [INFO] Activator:178 - 


2024-12-09 13:02:22,143 [INFO] Activator:179 - !SESSION log4j initialized
2024-12-09 14:00:11,486 [INFO] Activator:178 - 


2024-12-09 14:00:11,487 [INFO] Activator:179 - !SESSION log4j initialized
2024-12-10 18:03:50,019 [INFO] Activator:178 - 


2024-12-10 18:03:50,035 [INFO] Activator:179 - !SESSION log4j initialized
