2023-11-16 16:32:24,486 [INFO] Activator:178 - 


2023-11-16 16:32:24,486 [INFO] Activator:179 - !SESSION log4j initialized
2023-11-16 16:32:34,387 [INFO] ApplicationProperties:181 - Using Application install path: C:\ST\STM32CubeIDE_1.4.0\STM32CubeIDE\plugins\com.st.stm32cube.common.mx_6.0.0.202007160824
2023-11-16 16:32:34,403 [INFO] DbMcusXml:70 - Set database path to: C:\ST\STM32CubeIDE_1.4.0\STM32CubeIDE\plugins\com.st.stm32cube.common.mx_6.0.0.202007160824\\db\/mcu/
2023-11-16 16:32:34,403 [INFO] DbBoardsPdsc:56 - Set plugin database path to: C:\ST\STM32CubeIDE_1.4.0\STM32CubeIDE\plugins\com.st.stm32cube.common.mx_6.0.0.202007160824\\db\/plugins/boardmanager/
2023-11-16 16:32:34,403 [INFO] DbMcus:258 - Set plugin images path to: C:\ST\STM32CubeIDE_1.4.0\STM32CubeIDE\plugins\com.st.stm32cube.common.mx_6.0.0.202007160824\\db\/plugins/mcufinder/images/
2023-11-16 16:32:34,418 [INFO] DbBoards:264 - Set plugin images path to: C:\ST\STM32CubeIDE_1.4.0\STM32CubeIDE\plugins\com.st.stm32cube.common.mx_6.0.0.202007160824\\db\/plugins/mcufinder/images/
2023-11-16 16:32:34,418 [INFO] DbExamples:326 - Set plugin images path to: C:\ST\STM32CubeIDE_1.4.0\STM32CubeIDE\plugins\com.st.stm32cube.common.mx_6.0.0.202007160824\\db\/plugins/mcufinder/images/
2023-11-16 16:32:34,418 [INFO] DbMcusDocs:112 - Set database path to: C:\Users\ziade\.stmcufinder\plugins\mcufinder//mcu/
2023-11-16 16:32:34,434 [INFO] DbMcusJson:63 - Set database path to: C:\Users\ziade\.stmcufinder\plugins\mcufinder//mcu/
2023-11-16 16:32:34,434 [INFO] DbBoardsDocs:112 - Set database path to: C:\Users\ziade\.stmcufinder\plugins\mcufinder//mcu/
2023-11-16 16:32:34,434 [INFO] DbBoardsJson:56 - Set database path to: C:\Users\ziade\.stmcufinder\plugins\mcufinder//mcu/
2023-11-16 16:32:34,434 [INFO] CrossReferenceDbSqlite:196 - Set database path to: C:\Users\ziade\.stmcufinder\plugins\mcufinder//mcu/cs/
2023-11-16 16:32:34,450 [INFO] DbExamplesSqlite:800 - Set database path to: C:\Users\ziade\.stmcufinder\plugins\mcufinder//mcu/
2023-11-16 16:32:34,607 [INFO] RulesReader:52 - Compatibility file has been processed (209 Rules)
2023-11-16 16:32:34,748 [INFO] MicroXplorer:564 - Detected Java Version = 1.8.0_252
2023-11-16 16:32:34,748 [INFO] DbMcusXml:70 - Set database path to: C:\ST\STM32CubeIDE_1.4.0\STM32CubeIDE\plugins\com.st.stm32cube.common.mx_6.0.0.202007160824\\db\/mcu/
2023-11-16 16:32:34,748 [INFO] DbBoardsPdsc:56 - Set plugin database path to: C:\ST\STM32CubeIDE_1.4.0\STM32CubeIDE\plugins\com.st.stm32cube.common.mx_6.0.0.202007160824\\db\/plugins/boardmanager/
2023-11-16 16:32:34,748 [INFO] DbMcus:258 - Set plugin images path to: C:\ST\STM32CubeIDE_1.4.0\STM32CubeIDE\plugins\com.st.stm32cube.common.mx_6.0.0.202007160824\\db\/plugins/mcufinder/images/
2023-11-16 16:32:34,748 [INFO] DbBoards:264 - Set plugin images path to: C:\ST\STM32CubeIDE_1.4.0\STM32CubeIDE\plugins\com.st.stm32cube.common.mx_6.0.0.202007160824\\db\/plugins/mcufinder/images/
2023-11-16 16:32:34,748 [INFO] DbExamples:326 - Set plugin images path to: C:\ST\STM32CubeIDE_1.4.0\STM32CubeIDE\plugins\com.st.stm32cube.common.mx_6.0.0.202007160824\\db\/plugins/mcufinder/images/
2023-11-16 16:32:34,748 [WARN] DbFile:36 - Overriding database path with different value: C:\Users\ziade\.stmcufinder\plugins\mcufinder/ => C:\Users\ziade\.stmcufinder\plugins\mcufinder
2023-11-16 16:32:34,748 [INFO] DbMcusDocs:112 - Set database path to: C:\Users\ziade\.stmcufinder\plugins\mcufinder//mcu/
2023-11-16 16:32:34,748 [WARN] DbFile:36 - Overriding database path with different value: C:\Users\ziade\.stmcufinder\plugins\mcufinder/ => C:\Users\ziade\.stmcufinder\plugins\mcufinder
2023-11-16 16:32:34,748 [INFO] DbMcusJson:63 - Set database path to: C:\Users\ziade\.stmcufinder\plugins\mcufinder//mcu/
2023-11-16 16:32:34,748 [WARN] DbFile:36 - Overriding database path with different value: C:\Users\ziade\.stmcufinder\plugins\mcufinder/ => C:\Users\ziade\.stmcufinder\plugins\mcufinder
2023-11-16 16:32:34,764 [INFO] DbBoardsDocs:112 - Set database path to: C:\Users\ziade\.stmcufinder\plugins\mcufinder//mcu/
2023-11-16 16:32:34,764 [WARN] DbFile:36 - Overriding database path with different value: C:\Users\ziade\.stmcufinder\plugins\mcufinder/ => C:\Users\ziade\.stmcufinder\plugins\mcufinder
2023-11-16 16:32:34,764 [INFO] DbBoardsJson:56 - Set database path to: C:\Users\ziade\.stmcufinder\plugins\mcufinder//mcu/
2023-11-16 16:32:34,764 [WARN] DbFile:36 - Overriding database path with different value: C:\Users\ziade\.stmcufinder\plugins\mcufinder/ => C:\Users\ziade\.stmcufinder\plugins\mcufinder
2023-11-16 16:32:34,764 [WARN] DbFile:36 - Overriding database path with different value: C:\Users\ziade\.stmcufinder\plugins\mcufinder/ => C:\Users\ziade\.stmcufinder\plugins\mcufinder
2023-11-16 16:32:34,764 [INFO] CrossReferenceDbSqlite:196 - Set database path to: C:\Users\ziade\.stmcufinder\plugins\mcufinder//mcu/cs/
2023-11-16 16:32:34,764 [WARN] DbFile:36 - Overriding database path with different value: C:\Users\ziade\.stmcufinder\plugins\mcufinder/ => C:\Users\ziade\.stmcufinder\plugins\mcufinder
2023-11-16 16:32:34,764 [INFO] DbExamplesSqlite:800 - Set database path to: C:\Users\ziade\.stmcufinder\plugins\mcufinder//mcu/
2023-11-16 16:32:34,891 [INFO] MainPanel:189 - HeapMemory: 268435456
2023-11-16 16:32:35,001 [INFO] DbMcusXml:70 - Set database path to: C:\ST\STM32CubeIDE_1.4.0\STM32CubeIDE\plugins\com.st.stm32cube.common.mx_6.0.0.202007160824\\db\/mcu/
2023-11-16 16:32:35,001 [INFO] DbBoardsPdsc:56 - Set plugin database path to: C:\ST\STM32CubeIDE_1.4.0\STM32CubeIDE\plugins\com.st.stm32cube.common.mx_6.0.0.202007160824\\db\/plugins/boardmanager/
2023-11-16 16:32:35,001 [INFO] DbMcus:258 - Set plugin images path to: C:\ST\STM32CubeIDE_1.4.0\STM32CubeIDE\plugins\com.st.stm32cube.common.mx_6.0.0.202007160824\\db\/plugins/mcufinder/images/
2023-11-16 16:32:35,001 [INFO] DbBoards:264 - Set plugin images path to: C:\ST\STM32CubeIDE_1.4.0\STM32CubeIDE\plugins\com.st.stm32cube.common.mx_6.0.0.202007160824\\db\/plugins/mcufinder/images/
2023-11-16 16:32:35,001 [INFO] DbExamples:326 - Set plugin images path to: C:\ST\STM32CubeIDE_1.4.0\STM32CubeIDE\plugins\com.st.stm32cube.common.mx_6.0.0.202007160824\\db\/plugins/mcufinder/images/
2023-11-16 16:32:35,001 [WARN] DbFile:36 - Overriding database path with different value: C:\Users\ziade\.stmcufinder\plugins\mcufinder/ => C:\Users\ziade\.stmcufinder\plugins\mcufinder
2023-11-16 16:32:35,001 [INFO] DbMcusDocs:112 - Set database path to: C:\Users\ziade\.stmcufinder\plugins\mcufinder//mcu/
2023-11-16 16:32:35,001 [WARN] DbFile:36 - Overriding database path with different value: C:\Users\ziade\.stmcufinder\plugins\mcufinder/ => C:\Users\ziade\.stmcufinder\plugins\mcufinder
2023-11-16 16:32:35,001 [INFO] DbMcusJson:63 - Set database path to: C:\Users\ziade\.stmcufinder\plugins\mcufinder//mcu/
2023-11-16 16:32:35,001 [WARN] DbFile:36 - Overriding database path with different value: C:\Users\ziade\.stmcufinder\plugins\mcufinder/ => C:\Users\ziade\.stmcufinder\plugins\mcufinder
2023-11-16 16:32:35,001 [INFO] DbBoardsDocs:112 - Set database path to: C:\Users\ziade\.stmcufinder\plugins\mcufinder//mcu/
2023-11-16 16:32:35,001 [WARN] DbFile:36 - Overriding database path with different value: C:\Users\ziade\.stmcufinder\plugins\mcufinder/ => C:\Users\ziade\.stmcufinder\plugins\mcufinder
2023-11-16 16:32:35,001 [INFO] DbBoardsJson:56 - Set database path to: C:\Users\ziade\.stmcufinder\plugins\mcufinder//mcu/
2023-11-16 16:32:35,001 [WARN] DbFile:36 - Overriding database path with different value: C:\Users\ziade\.stmcufinder\plugins\mcufinder/ => C:\Users\ziade\.stmcufinder\plugins\mcufinder
2023-11-16 16:32:35,001 [WARN] DbFile:36 - Overriding database path with different value: C:\Users\ziade\.stmcufinder\plugins\mcufinder/ => C:\Users\ziade\.stmcufinder\plugins\mcufinder
2023-11-16 16:32:35,001 [INFO] CrossReferenceDbSqlite:196 - Set database path to: C:\Users\ziade\.stmcufinder\plugins\mcufinder//mcu/cs/
2023-11-16 16:32:35,001 [WARN] DbFile:36 - Overriding database path with different value: C:\Users\ziade\.stmcufinder\plugins\mcufinder/ => C:\Users\ziade\.stmcufinder\plugins\mcufinder
2023-11-16 16:32:35,001 [INFO] DbExamplesSqlite:800 - Set database path to: C:\Users\ziade\.stmcufinder\plugins\mcufinder//mcu/
2023-11-16 16:32:35,033 [INFO] ApplicationProperties:181 - Using Application install path: C:\ST\STM32CubeIDE_1.4.0\STM32CubeIDE\plugins\com.st.stm32cube.common.mx_6.0.0.202007160824
2023-11-16 16:32:35,033 [INFO] PluginManage:178 - Search for loadable plugins [exclusion list=, ]
2023-11-16 16:32:35,048 [INFO] PluginManage:292 - Check plugin analytics
2023-11-16 16:32:35,331 [INFO] AnalyticsPlugin:203 - Accepted Software Licenses: 
2023-11-16 16:32:35,331 [INFO] AnalyticsPlugin:205 - Accepted CMSIS Pack Licenses: 
2023-11-16 16:32:35,331 [INFO] AnalyticsPlugin:207 - Accepted Firmware Licenses: 
2023-11-16 16:32:35,331 [INFO] PluginManage:342 - Loaded plugin analytics (category:tool,tabindex:-1)
2023-11-16 16:32:35,331 [INFO] PluginManage:292 - Check plugin clock
2023-11-16 16:32:35,362 [INFO] PluginManage:342 - Loaded plugin clock (category:base,tabindex:2)
2023-11-16 16:32:35,362 [INFO] PluginManage:292 - Check plugin ddr
2023-11-16 16:32:35,362 [INFO] PluginManage:342 - Loaded plugin ddr (category:tool,tabindex:6)
2023-11-16 16:32:35,362 [INFO] PluginManage:292 - Check plugin filemanager
2023-11-16 16:32:35,552 [INFO] PluginManage:342 - Loaded plugin filemanager (category:base,tabindex:10)
2023-11-16 16:32:35,552 [INFO] PluginManage:292 - Check plugin ipmanager
2023-11-16 16:32:35,573 [INFO] PluginManage:342 - Loaded plugin ipmanager (category:base,tabindex:5)
2023-11-16 16:32:35,574 [INFO] PluginManage:292 - Check plugin pinoutandconfiguration
2023-11-16 16:32:35,584 [INFO] PluginManage:342 - Loaded plugin pinoutandconfiguration (category:base,tabindex:1)
2023-11-16 16:32:35,584 [INFO] PluginManage:292 - Check plugin pinoutconfig
2023-11-16 16:32:35,631 [INFO] PluginManage:342 - Loaded plugin pinoutconfig (category:base,tabindex:0)
2023-11-16 16:32:35,631 [INFO] PluginManage:292 - Check plugin power
2023-11-16 16:32:35,646 [INFO] PluginManage:342 - Loaded plugin power (category:power,tabindex:4)
2023-11-16 16:32:35,646 [INFO] PluginManage:292 - Check plugin projectmanager
2023-11-16 16:32:35,678 [INFO] PluginManage:342 - Loaded plugin projectmanager (category:projectmanager,tabindex:3)
2023-11-16 16:32:35,678 [INFO] PluginManage:292 - Check plugin thirdparty
2023-11-16 16:32:35,867 [INFO] ThirdPartyDb:333 - Open Third Party DataBase File (C:/Users/ziade/.stm32cubemx/plugins/thirdparty/db/thirdparties_db.xml) : 109 ms. number of Sw pack : 43
2023-11-16 16:32:35,884 [INFO] PluginManage:342 - Loaded plugin thirdparty (category:base,tabindex:-1)
2023-11-16 16:32:35,884 [INFO] PluginManage:292 - Check plugin tools
2023-11-16 16:32:35,884 [INFO] PluginManage:342 - Loaded plugin tools (category:base,tabindex:7)
2023-11-16 16:32:35,884 [INFO] PluginManage:292 - Check plugin tutovideos
2023-11-16 16:32:36,246 [INFO] PluginManage:342 - Loaded plugin tutovideos (category:base,tabindex:-1)
2023-11-16 16:32:36,246 [INFO] PluginManage:292 - Check plugin updater
2023-11-16 16:32:36,293 [INFO] PluginManage:342 - Loaded plugin updater (category:base,tabindex:12)
2023-11-16 16:32:36,293 [INFO] PluginManage:265 - PluginManage : Loaded plugins [13]
2023-11-16 16:32:36,576 [INFO] PinOutPanel:1418 - setPackage(No Configuration,No Configuration)
2023-11-16 16:32:36,718 [INFO] IPUIPlugin:64 - create IPUIPlugin
2023-11-16 16:32:36,718 [INFO] PluginManager:200 - loadIPPluginJar : add adc
2023-11-16 16:32:36,733 [INFO] IPUIPlugin:64 - create IPUIPlugin
2023-11-16 16:32:36,733 [INFO] PluginManager:200 - loadIPPluginJar : add aes
2023-11-16 16:32:36,733 [INFO] IPUIPlugin:64 - create IPUIPlugin
2023-11-16 16:32:36,733 [INFO] PluginManager:200 - loadIPPluginJar : add can
2023-11-16 16:32:36,733 [INFO] IPUIPlugin:64 - create IPUIPlugin
2023-11-16 16:32:36,733 [INFO] PluginManager:200 - loadIPPluginJar : add comp
2023-11-16 16:32:36,749 [INFO] IPUIPlugin:64 - create IPUIPlugin
2023-11-16 16:32:36,749 [INFO] PluginManager:200 - loadIPPluginJar : add cryp
2023-11-16 16:32:36,749 [INFO] IPUIPlugin:64 - create IPUIPlugin
2023-11-16 16:32:36,749 [INFO] PluginManager:200 - loadIPPluginJar : add dfsdm
2023-11-16 16:32:36,749 [INFO] IPUIPlugin:64 - create IPUIPlugin
2023-11-16 16:32:36,765 [INFO] PluginManager:200 - loadIPPluginJar : add dma
2023-11-16 16:32:36,765 [INFO] IPUIPlugin:64 - create IPUIPlugin
2023-11-16 16:32:36,765 [INFO] PluginManager:200 - loadIPPluginJar : add fatfs
2023-11-16 16:32:36,765 [INFO] IPUIPlugin:64 - create IPUIPlugin
2023-11-16 16:32:36,765 [INFO] PluginManager:200 - loadIPPluginJar : add fmc
2023-11-16 16:32:36,781 [INFO] IPUIPlugin:64 - create IPUIPlugin
2023-11-16 16:32:36,785 [INFO] PluginManager:200 - loadIPPluginJar : add freertos
2023-11-16 16:32:36,785 [INFO] IPUIPlugin:64 - create IPUIPlugin
2023-11-16 16:32:36,785 [INFO] PluginManager:200 - loadIPPluginJar : add genericplugin
2023-11-16 16:32:36,785 [INFO] IPUIPlugin:64 - create IPUIPlugin
2023-11-16 16:32:36,785 [INFO] PluginManager:200 - loadIPPluginJar : add gfxmmu
2023-11-16 16:32:36,828 [INFO] IPUIPlugin:64 - create IPUIPlugin
2023-11-16 16:32:36,828 [INFO] PluginManager:200 - loadIPPluginJar : add gic
2023-11-16 16:32:36,844 [INFO] IPUIPlugin:64 - create IPUIPlugin
2023-11-16 16:32:36,844 [INFO] PluginManager:200 - loadIPPluginJar : add gpio
2023-11-16 16:32:36,844 [INFO] IPUIPlugin:64 - create IPUIPlugin
2023-11-16 16:32:36,844 [INFO] PluginManager:200 - loadIPPluginJar : add gtzc
2023-11-16 16:32:36,844 [INFO] IPUIPlugin:64 - create IPUIPlugin
2023-11-16 16:32:36,844 [INFO] PluginManager:200 - loadIPPluginJar : add hash
2023-11-16 16:32:36,860 [INFO] IPUIPlugin:64 - create IPUIPlugin
2023-11-16 16:32:36,860 [INFO] PluginManager:200 - loadIPPluginJar : add i2c
2023-11-16 16:32:36,860 [INFO] IPUIPlugin:64 - create IPUIPlugin
2023-11-16 16:32:36,860 [INFO] PluginManager:200 - loadIPPluginJar : add i2s
2023-11-16 16:32:36,860 [INFO] IPUIPlugin:64 - create IPUIPlugin
2023-11-16 16:32:36,860 [INFO] PluginManager:200 - loadIPPluginJar : add ipddr
2023-11-16 16:32:36,860 [INFO] IPUIPlugin:64 - create IPUIPlugin
2023-11-16 16:32:36,860 [INFO] PluginManager:200 - loadIPPluginJar : add ltdc
2023-11-16 16:32:36,875 [INFO] IPUIPlugin:64 - create IPUIPlugin
2023-11-16 16:32:36,875 [INFO] PluginManager:200 - loadIPPluginJar : add mdma
2023-11-16 16:32:36,885 [INFO] IPUIPlugin:64 - create IPUIPlugin
2023-11-16 16:32:36,885 [INFO] PluginManager:200 - loadIPPluginJar : add nvic
2023-11-16 16:32:36,891 [INFO] IPUIPlugin:64 - create IPUIPlugin
2023-11-16 16:32:36,891 [INFO] PluginManager:200 - loadIPPluginJar : add opamp
2023-11-16 16:32:36,891 [INFO] IPUIPlugin:64 - create IPUIPlugin
2023-11-16 16:32:36,891 [INFO] PluginManager:200 - loadIPPluginJar : add openamp
2023-11-16 16:32:36,907 [INFO] IPUIPlugin:64 - create IPUIPlugin
2023-11-16 16:32:36,907 [INFO] PluginManager:200 - loadIPPluginJar : add pdm2pcm
2023-11-16 16:32:36,907 [INFO] IPUIPlugin:64 - create IPUIPlugin
2023-11-16 16:32:36,923 [INFO] PluginManager:200 - loadIPPluginJar : add plateformsettings
2023-11-16 16:32:36,923 [INFO] IPUIPlugin:64 - create IPUIPlugin
2023-11-16 16:32:36,923 [INFO] PluginManager:200 - loadIPPluginJar : add quadspi
2023-11-16 16:32:36,938 [INFO] IPUIPlugin:64 - create IPUIPlugin
2023-11-16 16:32:36,938 [INFO] PluginManager:200 - loadIPPluginJar : add resmgrutility
2023-11-16 16:32:36,938 [INFO] IPUIPlugin:64 - create IPUIPlugin
2023-11-16 16:32:36,938 [INFO] PluginManager:200 - loadIPPluginJar : add sai
2023-11-16 16:32:36,954 [INFO] IPUIPlugin:64 - create IPUIPlugin
2023-11-16 16:32:36,954 [INFO] PluginManager:200 - loadIPPluginJar : add spi
2023-11-16 16:32:36,954 [INFO] IPUIPlugin:64 - create IPUIPlugin
2023-11-16 16:32:36,986 [INFO] PluginManager:200 - loadIPPluginJar : add stm32_wpan
2023-11-16 16:32:36,986 [INFO] IPUIPlugin:64 - create IPUIPlugin
2023-11-16 16:32:36,986 [INFO] PluginManager:200 - loadIPPluginJar : add tim
2023-11-16 16:32:37,001 [INFO] IPUIPlugin:64 - create IPUIPlugin
2023-11-16 16:32:37,001 [INFO] PluginManager:200 - loadIPPluginJar : add touchsensing
2023-11-16 16:32:37,001 [INFO] IPUIPlugin:64 - create IPUIPlugin
2023-11-16 16:32:37,001 [INFO] PluginManager:200 - loadIPPluginJar : add tracer_emb
2023-11-16 16:32:37,001 [INFO] IPUIPlugin:64 - create IPUIPlugin
2023-11-16 16:32:37,001 [INFO] PluginManager:200 - loadIPPluginJar : add ts
2023-11-16 16:32:37,017 [INFO] IPUIPlugin:64 - create IPUIPlugin
2023-11-16 16:32:37,017 [INFO] PluginManager:200 - loadIPPluginJar : add tsc
2023-11-16 16:32:37,017 [INFO] IPUIPlugin:64 - create IPUIPlugin
2023-11-16 16:32:37,017 [INFO] PluginManager:200 - loadIPPluginJar : add ucpd
2023-11-16 16:32:37,017 [INFO] IPUIPlugin:64 - create IPUIPlugin
2023-11-16 16:32:37,017 [INFO] PluginManager:200 - loadIPPluginJar : add usart
2023-11-16 16:32:38,310 [INFO] CubeProgrammer:457 - [DDR PANEL] - PathOfProgrammer: null
2023-11-16 16:32:39,776 [FATAL] Updater:282 - Updater called before beeing initialized
2023-11-16 16:32:40,090 [FATAL] Updater:282 - Updater called before beeing initialized
2023-11-16 16:32:40,090 [WARN] ThirdParty:775 - waiting for thirdparty lock release [close project]
2023-11-16 16:32:40,090 [INFO] ThirdParty:777 - entering critical section [close project]
2023-11-16 16:32:40,090 [INFO] ThirdParty:790 - exiting critical section [close project]
2023-11-16 16:32:40,090 [INFO] PinOutPanel:1418 - setPackage(No Configuration,No Configuration)
2023-11-16 16:32:40,090 [FATAL] Updater:282 - Updater called before beeing initialized
2023-11-16 16:32:40,105 [ERROR] Updater:967 - MainUpdater not yet initialized. External WinMGr cannot be set.
2023-11-16 16:32:40,105 [INFO] CubeProgrammer:457 - [DDR PANEL] - PathOfProgrammer: C:\ST\STM32CubeIDE_1.4.0\STM32CubeIDE\plugins\com.st.stm32cube.ide.mcu.externaltools.cubeprogrammer.win32_1.4.0.202007081208\tools\bin
2023-11-16 16:32:40,121 [INFO] ProgrammerExecThread:148 - [ProgrammerAPI] CubeProgrammer command construction: C:\ST\STM32CubeIDE_1.4.0\STM32CubeIDE\plugins\com.st.stm32cube.ide.mcu.externaltools.cubeprogrammer.win32_1.4.0.202007081208\tools\bin\STM32_Programmer_CLI.exe -l
2023-11-16 16:32:40,342 [INFO] MainDdrPanel:49 - [DDR PANEL] SETTER - Set cubeProgrammerPath to: C:\ST\STM32CubeIDE_1.4.0\STM32CubeIDE\plugins\com.st.stm32cube.ide.mcu.externaltools.cubeprogrammer.win32_1.4.0.202007081208\tools\bin
2023-11-16 16:32:40,357 [INFO] Updater:904 - Updater Version found : 6.0.0
2023-11-16 16:32:40,390 [INFO] ApplicationProperties:181 - Using Application install path: C:\ST\STM32CubeIDE_1.4.0\STM32CubeIDE\plugins\com.st.stm32cube.common.mx_6.0.0.202007160824
2023-11-16 16:32:41,128 [INFO] MainUpdater:2268 - connection check result : 10
2023-11-16 16:32:41,128 [INFO] MainUpdater:239 - Updater Check For Update Now.
2023-11-16 16:32:41,128 [INFO] MicroXplorer:414 - Change Database Version : DB.6.0.0
2023-11-16 16:32:41,333 [INFO] CheckServerUpdateThread:102 - End of CheckServer Thread
2023-11-16 16:32:41,365 [INFO] MainUpdater:2268 - connection check result : 10
2023-11-16 16:32:41,892 [INFO] ServerAccessManage:348 - Download File mcusDocs.json._tmp_
2023-11-16 16:32:41,902 [WARN] IntegrityCheckThread:61 - waiting for thirdparty lock release [integrity check]
2023-11-16 16:32:41,902 [INFO] IntegrityCheckThread:63 - entering critical section [integrity check]
2023-11-16 16:32:41,902 [WARN] MainUpdater:1087 - Updater busy. Cannot search thirdparties
2023-11-16 16:32:42,172 [INFO] LoadUrlFilesThread:135 - End of LoadUrlFiles Thread
2023-11-16 16:32:42,315 [INFO] ServerAccessManage:348 - Download File mcusFeaturesAndDescription.json._tmp_
2023-11-16 16:32:44,913 [WARN] MainUpdater:1087 - Updater busy. Cannot search thirdparties
2023-11-16 16:32:47,917 [WARN] MainUpdater:1087 - Updater busy. Cannot search thirdparties
2023-11-16 16:32:48,956 [INFO] LoadUrlFilesThread:135 - End of LoadUrlFiles Thread
2023-11-16 16:32:49,115 [INFO] ServerAccessManage:348 - Download File boardsDocs.json._tmp_
2023-11-16 16:32:49,178 [INFO] LoadUrlFilesThread:135 - End of LoadUrlFiles Thread
2023-11-16 16:32:49,305 [INFO] ServerAccessManage:348 - Download File boards.json._tmp_
2023-11-16 16:32:49,667 [INFO] LoadUrlFilesThread:135 - End of LoadUrlFiles Thread
2023-11-16 16:32:50,303 [INFO] ServerAccessManage:348 - Download File cube-finder-db.zip
2023-11-16 16:32:50,930 [WARN] MainUpdater:1087 - Updater busy. Cannot search thirdparties
2023-11-16 16:32:53,943 [WARN] MainUpdater:1087 - Updater busy. Cannot search thirdparties
2023-11-16 16:32:56,957 [WARN] MainUpdater:1087 - Updater busy. Cannot search thirdparties
2023-11-16 16:32:59,959 [WARN] MainUpdater:1087 - Updater busy. Cannot search thirdparties
2023-11-16 16:33:02,964 [WARN] MainUpdater:1087 - Updater busy. Cannot search thirdparties
2023-11-16 16:33:05,973 [WARN] MainUpdater:1087 - Updater busy. Cannot search thirdparties
2023-11-16 16:33:08,975 [WARN] MainUpdater:1087 - Updater busy. Cannot search thirdparties
2023-11-16 16:33:11,980 [WARN] MainUpdater:1087 - Updater busy. Cannot search thirdparties
2023-11-16 16:33:13,915 [INFO] FileExtend:225 - Unzip File : cube-finder-db.zip
2023-11-16 16:33:13,915 [INFO] FileExtend:240 - Standard Zip Deflate
2023-11-16 16:33:14,983 [WARN] MainUpdater:1087 - Updater busy. Cannot search thirdparties
2023-11-16 16:33:15,253 [INFO] LoadUrlFilesThread:135 - End of LoadUrlFiles Thread
2023-11-16 16:33:16,040 [INFO] ServerAccessManage:348 - Download File crdb.zip
2023-11-16 16:33:17,996 [WARN] MainUpdater:1087 - Updater busy. Cannot search thirdparties
2023-11-16 16:33:20,997 [WARN] MainUpdater:1087 - Updater busy. Cannot search thirdparties
2023-11-16 16:33:24,009 [WARN] MainUpdater:1087 - Updater busy. Cannot search thirdparties
2023-11-16 16:33:27,022 [ERROR] IntegrityCheckThread:67 - Unexpected exception IntegrityCheckThread Thread:
2023-11-16 16:33:27,022 [ERROR] IntegrityCheckThread:70 - java.lang.Exception: Updater error
	at com.st.microxplorer.plugins.thirdparty.engine.IntegrityCheckThread.getUpdaterThirdPartyList(IntegrityCheckThread.java:296)
	at com.st.microxplorer.plugins.thirdparty.engine.IntegrityCheckThread.runProcess(IntegrityCheckThread.java:84)
	at com.st.microxplorer.plugins.thirdparty.engine.IntegrityCheckThread.run(IntegrityCheckThread.java:65)

2023-11-16 16:33:27,024 [INFO] ThirdPartyDb:299 - Save Third Party DataBase File (C:/Users/ziade/.stm32cubemx/plugins/thirdparty/db/thirdparties_db.xml) [forced]
2023-11-16 16:33:27,160 [INFO] IntegrityCheckThread:76 - exiting critical section [integrity check]
2023-11-16 16:33:27,160 [INFO] IntegrityCheckThread:79 - End integrity checks thread
2023-11-16 16:33:29,799 [INFO] FileExtend:225 - Unzip File : crdb.zip
2023-11-16 16:33:29,799 [INFO] FileExtend:240 - Standard Zip Deflate
2023-11-16 16:33:29,877 [INFO] LoadUrlFilesThread:135 - End of LoadUrlFiles Thread
2023-11-16 16:33:30,524 [INFO] ServerAccessManage:348 - Download File tutoVideoDB.zip
2023-11-16 16:33:30,642 [INFO] FileExtend:225 - Unzip File : tutoVideoDB.zip
2023-11-16 16:33:30,642 [INFO] FileExtend:240 - Standard Zip Deflate
2023-11-16 16:33:30,682 [INFO] LoadUrlFilesThread:135 - End of LoadUrlFiles Thread
2023-11-16 16:33:30,730 [INFO] DbMcusDocs:145 - JSON generation date=Tue Nov 16 18:17:54 EET 2021 (1637079474)
2023-11-16 16:33:30,730 [INFO] DbMcusXml:100 - Load MCU database from C:\ST\STM32CubeIDE_1.4.0\STM32CubeIDE\plugins\com.st.stm32cube.common.mx_6.0.0.202007160824\\db\/mcu/families.xml
2023-11-16 16:33:31,850 [INFO] DbMcusJson:92 - JSON generation date=Tue Nov 16 18:17:54 EET 2021 (1637079474)
2023-11-16 16:33:33,015 [INFO] DbMcus:175 - Found 1761 MCUs (1722 are supported by CubeMX, 1911 are visible in CubeMX)
2023-11-16 16:33:33,015 [INFO] ApiDb:192 - User favorites file not found: C:\Users\ziade/.stm32cubemx/favorites.mcus.txt
2023-11-16 16:33:33,031 [INFO] DbMcus:187 - Set 0 / 0 favorites MCUs
2023-11-16 16:33:33,613 [INFO] DbMcusDocs:81 - Found 682 MCUs documents
2023-11-16 16:33:33,628 [INFO] ApiDb:226 - Save user favorites file C:\Users\ziade/.stm32cubemx/favorites.mcus.txt: 0 item(s)
2023-11-16 16:33:33,628 [INFO] ApiDb:230 - User favorites MCUs=[]
2023-11-16 16:33:33,628 [INFO] DbMcusXml:100 - Load MCU database from C:\ST\STM32CubeIDE_1.4.0\STM32CubeIDE\plugins\com.st.stm32cube.common.mx_6.0.0.202007160824\\db\/mcu/families.xml
2023-11-16 16:33:34,298 [INFO] DbMcusJson:92 - JSON generation date=Tue Nov 16 18:17:54 EET 2021 (1637079474)
2023-11-16 16:33:35,106 [INFO] DbMcus:175 - Found 1761 MCUs (1722 are supported by CubeMX, 1911 are visible in CubeMX)
2023-11-16 16:33:35,106 [INFO] ApiDb:201 - Load user favorites file C:\Users\ziade/.stm32cubemx/favorites.mcus.txt: 0 item(s)
2023-11-16 16:33:35,106 [INFO] ApiDb:205 - User favorites MCUs=[]
2023-11-16 16:33:35,106 [INFO] DbMcus:187 - Set 0 / 0 favorites MCUs
2023-11-16 16:33:35,121 [INFO] DbBoardsDocs:145 - JSON generation date=Tue Nov 16 18:17:54 EET 2021 (1637079474)
2023-11-16 16:33:35,137 [INFO] DbBoardsPdsc:94 - Found 23 items
2023-11-16 16:33:35,137 [INFO] DbBoardsPdsc:94 - Found 9 items
2023-11-16 16:33:35,153 [INFO] DbBoardsPdsc:94 - Found 29 items
2023-11-16 16:33:35,153 [INFO] DbBoardsPdsc:94 - Found 1 items
2023-11-16 16:33:35,153 [INFO] DbBoardsPdsc:94 - Found 44 items
2023-11-16 16:33:35,168 [INFO] DbBoardsPdsc:94 - Found 40 items
2023-11-16 16:33:35,168 [INFO] DbBoardsPdsc:94 - Found 2 items
2023-11-16 16:33:35,180 [INFO] DbBoardsPdsc:94 - Found 4 items
2023-11-16 16:33:35,184 [WARN] DbBoardsPdsc:258 - Board STM32H7B3I-DK: unknown feature type=Audio, name=, username=Audio stereo codec with Headphone Amp (CS42L51-CNZ), n=1
2023-11-16 16:33:35,184 [WARN] DbBoardsPdsc:258 - Board STM32H735G-DK: unknown feature type=Audio, name=, username=Audio stereo codec with Headphone Amp (WM8994ECS/R), n=1
2023-11-16 16:33:35,184 [WARN] DbBoardsPdsc:258 - Board STM32H7B3I-EVAL: unknown feature type=Audio, name=, username=Multi-Channel Audio Codec (CS42L51-CNZ), n=1
2023-11-16 16:33:35,184 [WARN] DbBoardsPdsc:258 - Board STM32H7B3I-EVAL: unknown feature type=Meter, name=, username=Power-metering and Temperature-monitoring with sigma-delta modulators, n=1
2023-11-16 16:33:35,184 [WARN] DbBoardsPdsc:258 - Board STM32H7B3I-EVAL: unknown feature type=Motor, name=, username=Motor Control, n=1
2023-11-16 16:33:35,216 [INFO] DbBoardsJson:85 - JSON generation date=Tue Nov 16 18:17:54 EET 2021 (1637079474)
2023-11-16 16:33:35,216 [INFO] DbBoards:117 - Found 166 boards (149 are supported by CubeMX)
2023-11-16 16:33:35,232 [INFO] DbBoardsDocs:145 - JSON generation date=Tue Nov 16 18:17:54 EET 2021 (1637079474)
2023-11-16 16:33:35,232 [INFO] DbBoardsDocs:81 - Found 209 boards documents
2023-11-16 16:33:35,232 [WARN] DbBoards:127 - board B-L475E-IOT01A2 has no document id list !
2023-11-16 16:33:35,232 [WARN] DbBoards:127 - board NUCLEO-H743ZI has no document id list !
2023-11-16 16:33:35,247 [WARN] DbBoards:127 - board P-NUCLEO-WB55-Nucleo has no document id list !
2023-11-16 16:33:35,247 [WARN] DbBoards:127 - board P-NUCLEO-WB55-USBDongle has no document id list !
2023-11-16 16:33:35,247 [WARN] DbBoards:127 - board STEVAL-BFA001V1B has no document id list !
2023-11-16 16:33:35,247 [WARN] DbBoards:127 - board STEVAL-BFA001V2B has no document id list !
2023-11-16 16:33:35,247 [WARN] DbBoards:127 - board STEVAL-IDP005V1 has no document id list !
2023-11-16 16:33:35,247 [WARN] DbBoards:127 - board STEVAL-IDP005V2 has no document id list !
2023-11-16 16:33:35,247 [WARN] DbBoards:127 - board STEVAL-MKSBOX1V1 has no document id list !
2023-11-16 16:33:35,247 [WARN] DbBoards:127 - board STEVAL-STWINKT1 has no document id list !
2023-11-16 16:33:35,247 [WARN] DbBoards:127 - board STEVAL-STWINKT1B has no document id list !
2023-11-16 16:33:35,247 [WARN] DbBoards:127 - board STM32439I-EVAL2 has no document id list !
2023-11-16 16:33:35,247 [WARN] DbBoards:127 - board STM32F401C-DISCO has no document id list !
2023-11-16 16:33:35,247 [WARN] DbBoards:127 - board STM32F769I-DISC1 has no document id list !
2023-11-16 16:33:35,247 [WARN] DbBoards:127 - board STM32G474E-EVAL1 has no document id list !
2023-11-16 16:33:35,247 [WARN] DbBoards:127 - board STM32H743I-EVAL2 has no document id list !
2023-11-16 16:33:35,247 [WARN] DbBoards:127 - board STM32H747I-DISC1 has no document id list !
2023-11-16 16:33:35,247 [WARN] DbBoards:127 - board STM32H753I-EVAL2 has no document id list !
2023-11-16 16:33:35,247 [WARN] DbBoards:127 - board STM32L-DISCOVERY has no document id list !
2023-11-16 16:33:35,389 [ERROR] DbBoards:189 - Image file not found for board B-L462E-CELL1: C:\ST\STM32CubeIDE_1.4.0\STM32CubeIDE\plugins\com.st.stm32cube.common.mx_6.0.0.202007160824\\db\/plugins/mcufinder/images/boards/B-L462E-CELL1_small.jpg
2023-11-16 16:33:35,500 [ERROR] DbBoards:189 - Image file not found for board B-U585I-IOT02A: C:\ST\STM32CubeIDE_1.4.0\STM32CubeIDE\plugins\com.st.stm32cube.common.mx_6.0.0.202007160824\\db\/plugins/mcufinder/images/boards/B-U585I-IOT02A_small.jpg
2023-11-16 16:33:35,642 [ERROR] DbBoards:189 - Image file not found for board NUCLEO-F413ZH: C:\ST\STM32CubeIDE_1.4.0\STM32CubeIDE\plugins\com.st.stm32cube.common.mx_6.0.0.202007160824\\db\/plugins/mcufinder/images/boards/nucleo-f413zh_small.jpg
2023-11-16 16:33:35,894 [ERROR] DbBoards:189 - Image file not found for board NUCLEO-L552ZE-Q: C:\ST\STM32CubeIDE_1.4.0\STM32CubeIDE\plugins\com.st.stm32cube.common.mx_6.0.0.202007160824\\db\/plugins/mcufinder/images/boards/nucleo_l552ze_q_small.jpg
2023-11-16 16:33:35,894 [ERROR] DbBoards:189 - Image file not found for board NUCLEO-U575ZI-Q: C:\ST\STM32CubeIDE_1.4.0\STM32CubeIDE\plugins\com.st.stm32cube.common.mx_6.0.0.202007160824\\db\/plugins/mcufinder/images/boards/nucleo-u575zi-q_small.jpg
2023-11-16 16:33:35,894 [ERROR] DbBoards:189 - Image file not found for board NUCLEO-WB15CC: C:\ST\STM32CubeIDE_1.4.0\STM32CubeIDE\plugins\com.st.stm32cube.common.mx_6.0.0.202007160824\\db\/plugins/mcufinder/images/boards/nucleo-wb15cc_small.jpg
2023-11-16 16:33:35,894 [ERROR] DbBoards:189 - Image file not found for board NUCLEO-WB55RG: C:\ST\STM32CubeIDE_1.4.0\STM32CubeIDE\plugins\com.st.stm32cube.common.mx_6.0.0.202007160824\\db\/plugins/mcufinder/images/boards/nucleo-wb55rg_small.jpg
2023-11-16 16:33:35,894 [ERROR] DbBoards:189 - Image file not found for board NUCLEO-WL55JC: C:\ST\STM32CubeIDE_1.4.0\STM32CubeIDE\plugins\com.st.stm32cube.common.mx_6.0.0.202007160824\\db\/plugins/mcufinder/images/boards/nucleo-wl55jc-small.jpg
2023-11-16 16:33:36,241 [ERROR] DbBoards:189 - Image file not found for board STEVAL-STWINKT1B: C:\ST\STM32CubeIDE_1.4.0\STM32CubeIDE\plugins\com.st.stm32cube.common.mx_6.0.0.202007160824\\db\/plugins/mcufinder/images/boards/steval-stwinkt1b_small.jpg
2023-11-16 16:33:36,856 [ERROR] DbBoards:189 - Image file not found for board STM32G0C1E-EV: C:\ST\STM32CubeIDE_1.4.0\STM32CubeIDE\plugins\com.st.stm32cube.common.mx_6.0.0.202007160824\\db\/plugins/mcufinder/images/boards/stm32g0c1e-eval_small.jpg
2023-11-16 16:33:37,706 [ERROR] DbBoards:189 - Image file not found for board STM32H7B3I-EVAL: C:\ST\STM32CubeIDE_1.4.0\STM32CubeIDE\plugins\com.st.stm32cube.common.mx_6.0.0.202007160824\\db\/plugins/mcufinder/images/boards/stm32h7b3ieval_small.jpg
2023-11-16 16:33:38,115 [ERROR] DbBoards:189 - Image file not found for board STM32U575I-EV: C:\ST\STM32CubeIDE_1.4.0\STM32CubeIDE\plugins\com.st.stm32cube.common.mx_6.0.0.202007160824\\db\/plugins/mcufinder/images/boards/stm32u575i-ev_small.jpg
2023-11-16 16:33:38,184 [ERROR] DbBoards:189 - Image file not found for board STM32WB5MM-DK: C:\ST\STM32CubeIDE_1.4.0\STM32CubeIDE\plugins\com.st.stm32cube.common.mx_6.0.0.202007160824\\db\/plugins/mcufinder/images/boards/STM32WB5MM-DK_small.jpg
2023-11-16 16:33:38,184 [INFO] ApiDb:192 - User favorites file not found: C:\Users\ziade/.stm32cubemx/favorites.boards.txt
2023-11-16 16:33:38,184 [INFO] DbBoards:206 - Set 0 / 0 favorites Boards
2023-11-16 16:33:38,194 [INFO] DbBoardsDocs:81 - Found 418 boards documents
2023-11-16 16:33:38,200 [INFO] ApiDb:226 - Save user favorites file C:\Users\ziade/.stm32cubemx/favorites.boards.txt: 0 item(s)
2023-11-16 16:33:38,200 [INFO] ApiDb:230 - User favorites Boards=[]
2023-11-16 16:33:38,200 [INFO] DbBoardsPdsc:94 - Found 23 items
2023-11-16 16:33:38,210 [INFO] DbBoardsPdsc:94 - Found 9 items
2023-11-16 16:33:38,210 [INFO] DbBoardsPdsc:94 - Found 29 items
2023-11-16 16:33:38,210 [INFO] DbBoardsPdsc:94 - Found 1 items
2023-11-16 16:33:38,226 [INFO] DbBoardsPdsc:94 - Found 44 items
2023-11-16 16:33:38,226 [INFO] DbBoardsPdsc:94 - Found 40 items
2023-11-16 16:33:38,242 [INFO] DbBoardsPdsc:94 - Found 2 items
2023-11-16 16:33:38,242 [INFO] DbBoardsPdsc:94 - Found 4 items
2023-11-16 16:33:38,242 [WARN] DbBoardsPdsc:258 - Board STM32H7B3I-DK: unknown feature type=Audio, name=, username=Audio stereo codec with Headphone Amp (CS42L51-CNZ), n=1
2023-11-16 16:33:38,242 [WARN] DbBoardsPdsc:258 - Board STM32H735G-DK: unknown feature type=Audio, name=, username=Audio stereo codec with Headphone Amp (WM8994ECS/R), n=1
2023-11-16 16:33:38,258 [WARN] DbBoardsPdsc:258 - Board STM32H7B3I-EVAL: unknown feature type=Audio, name=, username=Multi-Channel Audio Codec (CS42L51-CNZ), n=1
2023-11-16 16:33:38,258 [WARN] DbBoardsPdsc:258 - Board STM32H7B3I-EVAL: unknown feature type=Meter, name=, username=Power-metering and Temperature-monitoring with sigma-delta modulators, n=1
2023-11-16 16:33:38,258 [WARN] DbBoardsPdsc:258 - Board STM32H7B3I-EVAL: unknown feature type=Motor, name=, username=Motor Control, n=1
2023-11-16 16:33:38,321 [INFO] DbBoardsJson:85 - JSON generation date=Tue Nov 16 18:17:54 EET 2021 (1637079474)
2023-11-16 16:33:38,337 [INFO] DbBoards:117 - Found 166 boards (149 are supported by CubeMX)
2023-11-16 16:33:38,337 [WARN] DbBoards:127 - board B-L475E-IOT01A2 has no document id list !
2023-11-16 16:33:38,337 [WARN] DbBoards:127 - board NUCLEO-H743ZI has no document id list !
2023-11-16 16:33:38,337 [WARN] DbBoards:127 - board P-NUCLEO-WB55-Nucleo has no document id list !
2023-11-16 16:33:38,337 [WARN] DbBoards:127 - board P-NUCLEO-WB55-USBDongle has no document id list !
2023-11-16 16:33:38,337 [WARN] DbBoards:127 - board STEVAL-BFA001V1B has no document id list !
2023-11-16 16:33:38,337 [WARN] DbBoards:127 - board STEVAL-BFA001V2B has no document id list !
2023-11-16 16:33:38,337 [WARN] DbBoards:127 - board STEVAL-IDP005V1 has no document id list !
2023-11-16 16:33:38,337 [WARN] DbBoards:127 - board STEVAL-IDP005V2 has no document id list !
2023-11-16 16:33:38,337 [WARN] DbBoards:127 - board STEVAL-MKSBOX1V1 has no document id list !
2023-11-16 16:33:38,337 [WARN] DbBoards:127 - board STEVAL-STWINKT1 has no document id list !
2023-11-16 16:33:38,337 [WARN] DbBoards:127 - board STEVAL-STWINKT1B has no document id list !
2023-11-16 16:33:38,337 [WARN] DbBoards:127 - board STM32439I-EVAL2 has no document id list !
2023-11-16 16:33:38,337 [WARN] DbBoards:127 - board STM32F401C-DISCO has no document id list !
2023-11-16 16:33:38,337 [WARN] DbBoards:127 - board STM32F769I-DISC1 has no document id list !
2023-11-16 16:33:38,337 [WARN] DbBoards:127 - board STM32G474E-EVAL1 has no document id list !
2023-11-16 16:33:38,337 [WARN] DbBoards:127 - board STM32H743I-EVAL2 has no document id list !
2023-11-16 16:33:38,337 [WARN] DbBoards:127 - board STM32H747I-DISC1 has no document id list !
2023-11-16 16:33:38,337 [WARN] DbBoards:127 - board STM32H753I-EVAL2 has no document id list !
2023-11-16 16:33:38,337 [WARN] DbBoards:127 - board STM32L-DISCOVERY has no document id list !
2023-11-16 16:33:38,384 [ERROR] DbBoards:189 - Image file not found for board B-L462E-CELL1: C:\ST\STM32CubeIDE_1.4.0\STM32CubeIDE\plugins\com.st.stm32cube.common.mx_6.0.0.202007160824\\db\/plugins/mcufinder/images/boards/B-L462E-CELL1_small.jpg
2023-11-16 16:33:38,431 [ERROR] DbBoards:189 - Image file not found for board B-U585I-IOT02A: C:\ST\STM32CubeIDE_1.4.0\STM32CubeIDE\plugins\com.st.stm32cube.common.mx_6.0.0.202007160824\\db\/plugins/mcufinder/images/boards/B-U585I-IOT02A_small.jpg
2023-11-16 16:33:38,541 [ERROR] DbBoards:189 - Image file not found for board NUCLEO-F413ZH: C:\ST\STM32CubeIDE_1.4.0\STM32CubeIDE\plugins\com.st.stm32cube.common.mx_6.0.0.202007160824\\db\/plugins/mcufinder/images/boards/nucleo-f413zh_small.jpg
2023-11-16 16:33:38,785 [ERROR] DbBoards:189 - Image file not found for board NUCLEO-L552ZE-Q: C:\ST\STM32CubeIDE_1.4.0\STM32CubeIDE\plugins\com.st.stm32cube.common.mx_6.0.0.202007160824\\db\/plugins/mcufinder/images/boards/nucleo_l552ze_q_small.jpg
2023-11-16 16:33:38,785 [ERROR] DbBoards:189 - Image file not found for board NUCLEO-U575ZI-Q: C:\ST\STM32CubeIDE_1.4.0\STM32CubeIDE\plugins\com.st.stm32cube.common.mx_6.0.0.202007160824\\db\/plugins/mcufinder/images/boards/nucleo-u575zi-q_small.jpg
2023-11-16 16:33:38,785 [ERROR] DbBoards:189 - Image file not found for board NUCLEO-WB15CC: C:\ST\STM32CubeIDE_1.4.0\STM32CubeIDE\plugins\com.st.stm32cube.common.mx_6.0.0.202007160824\\db\/plugins/mcufinder/images/boards/nucleo-wb15cc_small.jpg
2023-11-16 16:33:38,785 [ERROR] DbBoards:189 - Image file not found for board NUCLEO-WB55RG: C:\ST\STM32CubeIDE_1.4.0\STM32CubeIDE\plugins\com.st.stm32cube.common.mx_6.0.0.202007160824\\db\/plugins/mcufinder/images/boards/nucleo-wb55rg_small.jpg
2023-11-16 16:33:38,785 [ERROR] DbBoards:189 - Image file not found for board NUCLEO-WL55JC: C:\ST\STM32CubeIDE_1.4.0\STM32CubeIDE\plugins\com.st.stm32cube.common.mx_6.0.0.202007160824\\db\/plugins/mcufinder/images/boards/nucleo-wl55jc-small.jpg
2023-11-16 16:33:38,951 [ERROR] DbBoards:189 - Image file not found for board STEVAL-STWINKT1B: C:\ST\STM32CubeIDE_1.4.0\STM32CubeIDE\plugins\com.st.stm32cube.common.mx_6.0.0.202007160824\\db\/plugins/mcufinder/images/boards/steval-stwinkt1b_small.jpg
2023-11-16 16:33:39,285 [ERROR] DbBoards:189 - Image file not found for board STM32G0C1E-EV: C:\ST\STM32CubeIDE_1.4.0\STM32CubeIDE\plugins\com.st.stm32cube.common.mx_6.0.0.202007160824\\db\/plugins/mcufinder/images/boards/stm32g0c1e-eval_small.jpg
2023-11-16 16:33:39,392 [ERROR] DbBoards:189 - Image file not found for board STM32H7B3I-EVAL: C:\ST\STM32CubeIDE_1.4.0\STM32CubeIDE\plugins\com.st.stm32cube.common.mx_6.0.0.202007160824\\db\/plugins/mcufinder/images/boards/stm32h7b3ieval_small.jpg
2023-11-16 16:33:39,598 [ERROR] DbBoards:189 - Image file not found for board STM32U575I-EV: C:\ST\STM32CubeIDE_1.4.0\STM32CubeIDE\plugins\com.st.stm32cube.common.mx_6.0.0.202007160824\\db\/plugins/mcufinder/images/boards/stm32u575i-ev_small.jpg
2023-11-16 16:33:39,629 [ERROR] DbBoards:189 - Image file not found for board STM32WB5MM-DK: C:\ST\STM32CubeIDE_1.4.0\STM32CubeIDE\plugins\com.st.stm32cube.common.mx_6.0.0.202007160824\\db\/plugins/mcufinder/images/boards/STM32WB5MM-DK_small.jpg
2023-11-16 16:33:39,629 [INFO] ApiDb:201 - Load user favorites file C:\Users\ziade/.stm32cubemx/favorites.boards.txt: 0 item(s)
2023-11-16 16:33:39,629 [INFO] ApiDb:205 - User favorites Boards=[]
2023-11-16 16:33:39,629 [INFO] DbBoards:206 - Set 0 / 0 favorites Boards
2023-11-16 16:33:39,835 [INFO] DbExamplesSqlite:156 - SQLite db open (C:\Users\ziade\.stmcufinder\plugins\mcufinder\mcu\cube-finder-db.db)
2023-11-16 16:33:41,160 [INFO] DbExamplesSqlite:447 - Ignored 0 examples not supported by CubeIDE
2023-11-16 16:33:41,160 [INFO] DbExamplesSqlite:448 - Found 7221 examples active
2023-11-16 16:33:41,160 [INFO] DbExamplesSqlite:449 - Found 777 examples obsolete
2023-11-16 16:33:41,160 [INFO] DbExamplesSqlite:450 - Found 0 examples under development
2023-11-16 16:33:41,160 [INFO] DbExamplesSqlite:451 - Found 74 examples not building
2023-11-16 16:33:41,297 [INFO] DbExamplesSqlite:130 - SQLite Data Model version=2.1
2023-11-16 16:33:41,297 [INFO] DbExamplesSqlite:131 - SQLite Configuration version=3.0.37
2023-11-16 16:33:41,297 [INFO] DbExamplesSqlite:132 - SQLite generation date=2023-10-13 (1697197505)
2023-11-16 16:33:41,297 [INFO] DbExamplesSqlite:133 - SQLite FW Pack versions=[FP-ATR-ASTRA1_V2.0.0, FP-SNS-FLIGHT1_V5.0.1, FP-SNS-FLIGHT1_V5.0.2, FP-SNS-MOTENV1_V4.3.1, FP-SNS-MOTENV1_V4.3.2, FP-SNS-SMARTAG2_V1.2.0, I-CUBE-ITTIADB_V8.6.3-1, STM32Cube_FW_C0_V1.1.0, STM32Cube_FW_F4_V1.27.1, STM32Cube_FW_F7_V1.17.0, STM32Cube_FW_G0_V1.6.1, STM32Cube_FW_G4_V1.5.1, STM32Cube_FW_H5_V0.5.1, STM32Cube_FW_H5_V1.1.1, STM32Cube_FW_H7_V1.11.0, STM32Cube_FW_L0_V1.12.2, STM32Cube_FW_L5_V1.5.0, STM32Cube_FW_U5_V1.3.0, STM32Cube_FW_U5_V1.3.0RC4, STM32Cube_FW_WBA_V1.0.0RC1, STM32Cube_FW_WBA_V1.1.0RC1, STM32Cube_FW_WBA_V1.1.1, STM32Cube_FW_WB_V1.15.0RC1, STM32Cube_FW_WB_V1.16.0, STM32Cube_FW_WB_V1.16.0RC2, STM32Cube_FW_WB_V1.17.3, STM32Cube_FW_WL_V1.3.0, X-CUBE-ALGOBUILD_V1.3.0, X-CUBE-ALS_V1.0.1, X-CUBE-AZRTOS-F4_V1.1.0, X-CUBE-AZRTOS-F7_V1.1.0, X-CUBE-AZRTOS-G0_V1.1.0, X-CUBE-AZRTOS-G4_V2.0.0, X-CUBE-AZRTOS-H7_V3.1.0, X-CUBE-AZRTOS-L4_V1.0.0, X-CUBE-AZRTOS-L4_V2.0.0, X-CUBE-AZRTOS-L5_V1.1.0, X-CUBE-AZRTOS-WB_V2.0.0, X-CUBE-AZRTOS-WL_V2.0.0, X-CUBE-BLE1_V7.0.0, X-CUBE-BLE2_V3.3.0, X-CUBE-BLEMGR_V2.0.0, X-CUBE-EEPRMA1_V4.1.0, X-CUBE-FREERTOS_V1.1.0, X-CUBE-GNSS1_V6.0.0, X-CUBE-MEMS1_V10.0.0, X-CUBE-MEMS1_V9.1.0, X-CUBE-MEMS1_V9.4.0, X-CUBE-MEMS1_V9.6.0, X-CUBE-NFC4_V3.0.0, X-CUBE-NFC7_V1.0.1, X-CUBE-SFXS2LP1_V4.0.0, X-CUBE-SUBG2_V5.0.0, X-CUBE-TOF1_V3.3.1]
2023-11-16 16:33:41,297 [INFO] DbExamples:123 - Found 7295 examples
2023-11-16 16:33:42,451 [ERROR] DbExamples:199 - Found 7295 examples with invalid data (board or MCU)
2023-11-16 16:33:42,451 [INFO] DbExamples:215 - Found 77 boards with related examples
2023-11-16 16:33:42,451 [INFO] DbExamples:228 - Found 0 MCUs with related examples
2023-11-16 16:33:42,488 [INFO] ApiDb:192 - User favorites file not found: C:\Users\ziade/.stm32cubemx/favorites.examples.txt
2023-11-16 16:33:42,488 [INFO] DbExamples:249 - Set 0 / 0 favorites Examples
2023-11-16 16:33:42,671 [INFO] McuFinderGlobals:40 - Set McuFinder mode to 2 (CubeIDE integrated)
2023-11-16 16:33:42,877 [INFO] CrossSelectorPresenter:1330 - Cross Selector saved comparison directory: C:\Users\ziade\.stmcufinder\plugins\mcufinder\mcu\cs_comparisons_mx
2023-11-16 16:33:42,893 [INFO] MultiScanPanel:193 - Auto-refresh data requested => check proxy status ongoing
2023-11-16 16:33:42,893 [INFO] FinderPluginLoader:87 - Searching for filters in installed packs
2023-11-16 16:33:43,571 [INFO] LoadUrlFilesThread:162 - End of LoadServerUrlFiles without Thread
2023-11-16 16:33:43,571 [INFO] DetailPanel:331 - Set advertising image to C:/Users/ziade/STM32Cube/Repository/\stm32cubemx-promo_image.jpg
2023-11-16 16:33:44,030 [INFO] McuFilterPanel:245 - Update 0 favorites MCUs
2023-11-16 16:33:59,737 [INFO] MultiScanPanel:193 - Auto-refresh data requested => check proxy status ongoing
2023-11-16 16:33:59,847 [INFO] LoadUrlFilesThread:162 - End of LoadServerUrlFiles without Thread
2023-11-16 16:33:59,847 [INFO] DetailPanel:331 - Set advertising image to C:/Users/ziade/STM32Cube/Repository/\stm32cubemx-promo_image.jpg
2023-11-16 16:33:59,894 [INFO] BoardFilterPanel:214 - Update 0 favorites Boards
2023-11-16 16:35:32,396 [INFO] LogOutputStream:76 - [STDOUT_REDIRECT] withoutVersionV1.8.4
2023-11-16 16:35:32,396 [INFO] LogOutputStream:76 - [STDOUT_REDIRECT] withoutVersionV1.8.3
2023-11-16 16:35:32,396 [INFO] LogOutputStream:76 - [STDOUT_REDIRECT] withoutVersionV1.8.2
2023-11-16 16:35:32,396 [INFO] LogOutputStream:76 - [STDOUT_REDIRECT] withoutVersionV1.8.1
2023-11-16 16:35:32,396 [INFO] LogOutputStream:76 - [STDOUT_REDIRECT] withoutVersionV1.8.0
2023-11-16 16:35:36,979 [INFO] ApiDb:226 - Save user favorites file C:\Users\ziade/.stm32cubeide/favorites.mcus.txt: 0 item(s)
2023-11-16 16:35:36,994 [INFO] ApiDb:230 - User favorites MCUs=[]
2023-11-16 16:35:36,994 [INFO] ApiDb:226 - Save user favorites file C:\Users\ziade/.stm32cubeide/favorites.boards.txt: 0 item(s)
2023-11-16 16:35:36,994 [INFO] ApiDb:230 - User favorites Boards=[]
2023-11-16 16:38:11,120 [INFO] Activator:178 - 


2023-11-16 16:38:11,120 [INFO] Activator:179 - !SESSION log4j initialized
2023-11-16 16:39:22,408 [INFO] Activator:178 - 


2023-11-16 16:39:22,424 [INFO] Activator:179 - !SESSION log4j initialized
2023-11-16 16:41:10,061 [INFO] Activator:178 - 


2023-11-16 16:41:10,077 [INFO] Activator:179 - !SESSION log4j initialized
