20:18:23 **** Rebuild of configuration Debug for project ex1 ****
Info: Internal Builder is used for build
gcc -O0 -g3 -Wall -c -fmessage-length=0 -o "src\\ex1.o" "..\\src\\ex1.c" 
gcc -o ex1.exe "src\\ex1.o" 
20:18:49 **** Incremental Build of configuration Debug for project ex1 ****
Info: Internal Builder is used for build
gcc -O0 -g3 -Wall -c -fmessage-length=0 -o "src\\ex1.o" "..\\src\\ex1.c" 
gcc -o ex1.exe "src\\ex1.o" 
20:20:04 **** Incremental Build of configuration Debug for project ex1 ****
Info: Internal Builder is used for build
gcc -O0 -g3 -Wall -c -fmessage-length=0 -o "src\\ex1.o" "..\\src\\ex1.c" 
gcc -o ex1.exe "src\\ex1.o" 
20:20:14 **** Incremental Build of configuration Debug for project ex1 ****
Info: Internal Builder is used for build
gcc -O0 -g3 -Wall -c -fmessage-length=0 -o "src\\ex1.o" "..\\src\\ex1.c" 
gcc -o ex1.exe "src\\ex1.o" 
20:21:03 **** Incremental Build of configuration Debug for project ex1 ****
Info: Internal Builder is used for build
gcc -O0 -g3 -Wall -c -fmessage-length=0 -o "src\\ex1.o" "..\\src\\ex1.c" 
gcc -o ex1.exe "src\\ex1.o" 
Info: Nothing to build for ex1
20:44:21 **** Rebuild of configuration Debug for project ex2 ****
Info: Internal Builder is used for build
gcc -O0 -g3 -Wall -c -fmessage-length=0 -o "src\\ex2.o" "..\\src\\ex2.c" 
gcc -o ex2.exe "src\\ex2.o" 
20:44:32 **** Incremental Build of configuration Debug for project ex2 ****
Info: Internal Builder is used for build
gcc -O0 -g3 -Wall -c -fmessage-length=0 -o "src\\ex2.o" "..\\src\\ex2.c" 
gcc -o ex2.exe "src\\ex2.o" 
20:45:42 **** Incremental Build of configuration Debug for project ex2 ****
Info: Internal Builder is used for build
gcc -O0 -g3 -Wall -c -fmessage-length=0 -o "src\\ex2.o" "..\\src\\ex2.c" 
gcc -o ex2.exe "src\\ex2.o" 
20:46:12 **** Incremental Build of configuration Debug for project ex2 ****
Info: Internal Builder is used for build
gcc -O0 -g3 -Wall -c -fmessage-length=0 -o "src\\ex2.o" "..\\src\\ex2.c" 
gcc -o ex2.exe "src\\ex2.o" 
20:47:30 **** Incremental Build of configuration Debug for project ex2 ****
Info: Internal Builder is used for build
gcc -O0 -g3 -Wall -c -fmessage-length=0 -o "src\\ex2.o" "..\\src\\ex2.c" 
gcc -o ex2.exe "src\\ex2.o" 
Info: Nothing to build for ex1
Info: Nothing to build for ex2
21:14:16 **** Rebuild of configuration Debug for project ex3 ****
Info: Internal Builder is used for build
gcc -O0 -g3 -Wall -c -fmessage-length=0 -o "src\\ex3.o" "..\\src\\ex3.c" 
gcc -o ex3.exe "src\\ex3.o" 
21:14:44 **** Incremental Build of configuration Debug for project ex3 ****
Info: Internal Builder is used for build
gcc -O0 -g3 -Wall -c -fmessage-length=0 -o "src\\ex3.o" "..\\src\\ex3.c" 
gcc -o ex3.exe "src\\ex3.o" 
Info: Nothing to build for ex1
Info: Nothing to build for ex2
Info: Nothing to build for ex3
21:35:36 **** Rebuild of configuration Debug for project ex4 ****
Info: Internal Builder is used for build
gcc -O0 -g3 -Wall -c -fmessage-length=0 -o "src\\ex4.o" "..\\src\\ex4.c" 
gcc -o ex4.exe "src\\ex4.o" 
21:35:40 **** Incremental Build of configuration Debug for project ex4 ****
Info: Internal Builder is used for build
gcc -O0 -g3 -Wall -c -fmessage-length=0 -o "src\\ex4.o" "..\\src\\ex4.c" 
gcc -o ex4.exe "src\\ex4.o" 
Info: Nothing to build for ex1
Info: Nothing to build for ex2
Info: Nothing to build for ex3
Info: Nothing to build for ex4
22:35:37 **** Rebuild of configuration Debug for project ex5 ****
Info: Internal Builder is used for build
gcc -O0 -g3 -Wall -c -fmessage-length=0 -o "src\\ex5.o" "..\\src\\ex5.c" 
gcc -o ex5.exe "src\\ex5.o" 
22:35:40 **** Incremental Build of configuration Debug for project ex5 ****
Info: Internal Builder is used for build
gcc -O0 -g3 -Wall -c -fmessage-length=0 -o "src\\ex5.o" "..\\src\\ex5.c" 
gcc -o ex5.exe "src\\ex5.o" 
